INFO [2021-09-17 16:57:56] Reporting estimates using data up to: 2020-10-12
INFO [2021-09-17 16:57:56] Saving estimates to : /home/rstudio/covid.german.forecasts/rt-forecast-retrospective/data/samples/cases
INFO [2021-09-17 16:57:56] Producing estimates for: 34 regions
INFO [2021-09-17 16:57:56] Regions excluded: 0 regions
INFO [2021-09-17 16:58:04] Completed regional estimates
INFO [2021-09-17 16:58:04] Regions with estimates: 0
INFO [2021-09-17 16:58:04] Regions with runtime errors: 34
INFO [2021-09-17 16:58:04] Producing summary
INFO [2021-09-17 16:58:04] Saving summary to : /home/rstudio/covid.german.forecasts/rt-forecast-retrospective/data/summary/cases/2020-10-12
INFO [2021-09-17 16:58:04] Errors caught whilst generating summary statistics: 
INFO [2021-09-17 16:58:04] Error in .checkTypos(e, names_x): Object 'variable' not found amongst 

INFO [2021-09-17 16:58:04] Saving timings information to : /home/rstudio/covid.german.forecasts/rt-forecast-retrospective/data/samples/cases
INFO [2021-09-17 16:58:04] Using 4 workers with 4 cores per worker
INFO [2021-09-17 16:58:04] Producing following optional outputs: regions, summary, timing, samples, fit
INFO [2021-09-17 17:13:01] Reporting estimates using data up to: 2020-10-12
INFO [2021-09-17 17:13:01] Saving estimates to : /home/rstudio/covid.german.forecasts/rt-forecast-retrospective/data/samples/cases
INFO [2021-09-17 17:13:01] Producing estimates for: Germany, Poland
INFO [2021-09-17 17:13:01] Regions excluded: none
INFO [2021-09-17 17:13:02] Completed regional estimates
INFO [2021-09-17 17:13:02] Regions with estimates: 0
INFO [2021-09-17 17:13:02] Regions with runtime errors: 2
INFO [2021-09-17 17:13:02] Producing summary
INFO [2021-09-17 17:13:02] Saving summary to : /home/rstudio/covid.german.forecasts/rt-forecast-retrospective/data/summary/cases/2020-10-12
INFO [2021-09-17 17:13:02] Errors caught whilst generating summary statistics: 
INFO [2021-09-17 17:13:02] Error in .checkTypos(e, names_x): Object 'variable' not found amongst 

INFO [2021-09-17 17:13:02] Saving timings information to : /home/rstudio/covid.german.forecasts/rt-forecast-retrospective/data/samples/cases
INFO [2021-09-17 17:13:02] Using 2 workers with 8 cores per worker
INFO [2021-09-17 17:13:02] Producing following optional outputs: regions, summary, timing, samples, fit
INFO [2021-09-17 19:17:09] Reporting estimates using data up to: 2020-10-12
INFO [2021-09-17 19:17:09] Saving estimates to : /home/rstudio/covid.german.forecasts/rt-forecast-retrospective/data/samples/cases
INFO [2021-09-17 19:17:09] Producing estimates for: Germany, Poland
INFO [2021-09-17 19:17:09] Regions excluded: none
INFO [2021-09-17 19:24:30] Completed estimates for: Germany
INFO [2021-09-17 19:26:53] Completed estimates for: Poland
INFO [2021-09-17 19:26:54] Completed regional estimates
INFO [2021-09-17 19:26:54] Regions with estimates: 2
INFO [2021-09-17 19:26:54] Regions with runtime errors: 0
INFO [2021-09-17 19:26:54] Producing summary
INFO [2021-09-17 19:26:54] Saving summary to : /home/rstudio/covid.german.forecasts/rt-forecast-retrospective/data/summary/cases/2020-10-12
INFO [2021-09-17 19:27:01] Saving timings information to : /home/rstudio/covid.german.forecasts/rt-forecast-retrospective/data/samples/cases
INFO [2021-09-17 19:27:01] Using 2 workers with 8 cores per worker
INFO [2021-09-17 19:27:01] Producing following optional outputs: regions, summary, timing, samples, fit
