This is pdfTeX, Version 3.141592653-2.6-1.40.24 (TeX Live 2022) (preloaded format=pdflatex 2022.5.1)  12 MAY 2022 13:15
entering extended mode
 restricted \write18 enabled.
 %&-line parsing enabled.
**changes.tex
(./changes.tex
LaTeX2e <2021-11-15> patch level 1
L3 programming layer <2022-02-24>
(/usr/local/texlive/2022basic/texmf-dist/tex/latex/base/article.cls
Document Class: article 2021/10/04 v1.4n Standard LaTeX document class
(/usr/local/texlive/2022basic/texmf-dist/tex/latex/base/size10.clo
File: size10.clo 2021/10/04 v1.4n Standard LaTeX file (size option)
)
\c@part=\count185
\c@section=\count186
\c@subsection=\count187
\c@subsubsection=\count188
\c@paragraph=\count189
\c@subparagraph=\count190
\c@figure=\count191
\c@table=\count192
\abovecaptionskip=\skip47
\belowcaptionskip=\skip48
\bibindent=\dimen138
)
(/usr/local/texlive/2022basic/texmf-dist/tex/latex/amsmath/amsmath.sty
Package: amsmath 2021/10/15 v2.17l AMS math features
\@mathmargin=\skip49

For additional information on amsmath, use the `?' option.
(/usr/local/texlive/2022basic/texmf-dist/tex/latex/amsmath/amstext.sty
Package: amstext 2021/08/26 v2.01 AMS text

(/usr/local/texlive/2022basic/texmf-dist/tex/latex/amsmath/amsgen.sty
File: amsgen.sty 1999/11/30 v2.0 generic functions
\@emptytoks=\toks16
\ex@=\dimen139
))
(/usr/local/texlive/2022basic/texmf-dist/tex/latex/amsmath/amsbsy.sty
Package: amsbsy 1999/11/29 v1.2d Bold Symbols
\pmbraise@=\dimen140
)
(/usr/local/texlive/2022basic/texmf-dist/tex/latex/amsmath/amsopn.sty
Package: amsopn 2021/08/26 v2.02 operator names
)
\inf@bad=\count193
LaTeX Info: Redefining \frac on input line 234.
\uproot@=\count194
\leftroot@=\count195
LaTeX Info: Redefining \overline on input line 399.
\classnum@=\count196
\DOTSCASE@=\count197
LaTeX Info: Redefining \ldots on input line 496.
LaTeX Info: Redefining \dots on input line 499.
LaTeX Info: Redefining \cdots on input line 620.
\Mathstrutbox@=\box50
\strutbox@=\box51
\big@size=\dimen141
LaTeX Font Info:    Redeclaring font encoding OML on input line 743.
LaTeX Font Info:    Redeclaring font encoding OMS on input line 744.
\macc@depth=\count198
\c@MaxMatrixCols=\count199
\dotsspace@=\muskip16
\c@parentequation=\count266
\dspbrk@lvl=\count267
\tag@help=\toks17
\row@=\count268
\column@=\count269
\maxfields@=\count270
\andhelp@=\toks18
\eqnshift@=\dimen142
\alignsep@=\dimen143
\tagshift@=\dimen144
\tagwidth@=\dimen145
\totwidth@=\dimen146
\lineht@=\dimen147
\@envbody=\toks19
\multlinegap=\skip50
\multlinetaggap=\skip51
\mathdisplay@stack=\toks20
LaTeX Info: Redefining \[ on input line 2938.
LaTeX Info: Redefining \] on input line 2939.
)
(/usr/local/texlive/2022basic/texmf-dist/tex/latex/amsfonts/amssymb.sty
Package: amssymb 2013/01/14 v3.01 AMS font symbols

(/usr/local/texlive/2022basic/texmf-dist/tex/latex/amsfonts/amsfonts.sty
Package: amsfonts 2013/01/14 v3.01 Basic AMSFonts support
\symAMSa=\mathgroup4
\symAMSb=\mathgroup5
LaTeX Font Info:    Redeclaring math symbol \hbar on input line 98.
LaTeX Font Info:    Overwriting math alphabet `\mathfrak' in version `bold'
(Font)                  U/euf/m/n --> U/euf/b/n on input line 106.
))
(/usr/local/texlive/2022basic/texmf-dist/tex/latex/lm/lmodern.sty
Package: lmodern 2015/05/01 v1.6.1 Latin Modern Fonts
LaTeX Font Info:    Overwriting symbol font `operators' in version `normal'
(Font)                  OT1/cmr/m/n --> OT1/lmr/m/n on input line 22.
LaTeX Font Info:    Overwriting symbol font `letters' in version `normal'
(Font)                  OML/cmm/m/it --> OML/lmm/m/it on input line 23.
LaTeX Font Info:    Overwriting symbol font `symbols' in version `normal'
(Font)                  OMS/cmsy/m/n --> OMS/lmsy/m/n on input line 24.
LaTeX Font Info:    Overwriting symbol font `largesymbols' in version `normal'
(Font)                  OMX/cmex/m/n --> OMX/lmex/m/n on input line 25.
LaTeX Font Info:    Overwriting symbol font `operators' in version `bold'
(Font)                  OT1/cmr/bx/n --> OT1/lmr/bx/n on input line 26.
LaTeX Font Info:    Overwriting symbol font `letters' in version `bold'
(Font)                  OML/cmm/b/it --> OML/lmm/b/it on input line 27.
LaTeX Font Info:    Overwriting symbol font `symbols' in version `bold'
(Font)                  OMS/cmsy/b/n --> OMS/lmsy/b/n on input line 28.
LaTeX Font Info:    Overwriting symbol font `largesymbols' in version `bold'
(Font)                  OMX/cmex/m/n --> OMX/lmex/m/n on input line 29.
LaTeX Font Info:    Overwriting math alphabet `\mathbf' in version `normal'
(Font)                  OT1/cmr/bx/n --> OT1/lmr/bx/n on input line 31.
LaTeX Font Info:    Overwriting math alphabet `\mathsf' in version `normal'
(Font)                  OT1/cmss/m/n --> OT1/lmss/m/n on input line 32.
LaTeX Font Info:    Overwriting math alphabet `\mathit' in version `normal'
(Font)                  OT1/cmr/m/it --> OT1/lmr/m/it on input line 33.
LaTeX Font Info:    Overwriting math alphabet `\mathtt' in version `normal'
(Font)                  OT1/cmtt/m/n --> OT1/lmtt/m/n on input line 34.
LaTeX Font Info:    Overwriting math alphabet `\mathbf' in version `bold'
(Font)                  OT1/cmr/bx/n --> OT1/lmr/bx/n on input line 35.
LaTeX Font Info:    Overwriting math alphabet `\mathsf' in version `bold'
(Font)                  OT1/cmss/bx/n --> OT1/lmss/bx/n on input line 36.
LaTeX Font Info:    Overwriting math alphabet `\mathit' in version `bold'
(Font)                  OT1/cmr/bx/it --> OT1/lmr/bx/it on input line 37.
LaTeX Font Info:    Overwriting math alphabet `\mathtt' in version `bold'
(Font)                  OT1/cmtt/m/n --> OT1/lmtt/m/n on input line 38.
)
(/usr/local/texlive/2022basic/texmf-dist/tex/latex/setspace/setspace.sty
Package: setspace 2011/12/19 v6.7a set line spacing
)
(/usr/local/texlive/2022basic/texmf-dist/tex/generic/iftex/iftex.sty
Package: iftex 2022/02/03 v1.0f TeX engine tests
)
(/usr/local/texlive/2022basic/texmf-dist/tex/latex/base/fontenc.sty
Package: fontenc 2021/04/29 v2.0v Standard LaTeX package
LaTeX Font Info:    Trying to load font information for T1+lmr on input line 11
2.

(/usr/local/texlive/2022basic/texmf-dist/tex/latex/lm/t1lmr.fd
File: t1lmr.fd 2015/05/01 v1.6.1 Font defs for Latin Modern
))
(/usr/local/texlive/2022basic/texmf-dist/tex/latex/base/inputenc.sty
Package: inputenc 2021/02/14 v1.3d Input encoding file
\inpenc@prehook=\toks21
\inpenc@posthook=\toks22
)
(/usr/local/texlive/2022basic/texmf-dist/tex/latex/base/textcomp.sty
Package: textcomp 2020/02/02 v2.0n Standard LaTeX package
)
(/usr/local/texlive/2022basic/texmf-dist/tex/latex/upquote/upquote.sty
Package: upquote 2012/04/19 v1.3 upright-quote and grave-accent glyphs in verba
tim
)
(/usr/local/texlive/2022basic/texmf-dist/tex/latex/microtype/microtype.sty
Package: microtype 2022/02/22 v3.0c Micro-typographical refinements (RS)

(/usr/local/texlive/2022basic/texmf-dist/tex/latex/graphics/keyval.sty
Package: keyval 2014/10/28 v1.15 key=value parser (DPC)
\KV@toks@=\toks23
)
(/usr/local/texlive/2022basic/texmf-dist/tex/latex/etoolbox/etoolbox.sty
Package: etoolbox 2020/10/05 v2.5k e-TeX tools for LaTeX (JAW)
\etb@tempcnta=\count271
)
\MT@toks=\toks24
\MT@tempbox=\box52
\MT@count=\count272
LaTeX Info: Redefining \noprotrusionifhmode on input line 1027.
LaTeX Info: Redefining \leftprotrusion on input line 1028.
LaTeX Info: Redefining \rightprotrusion on input line 1036.
LaTeX Info: Redefining \textls on input line 1200.
\MT@outer@kern=\dimen148
LaTeX Info: Redefining \textmicrotypecontext on input line 1786.
\MT@listname@count=\count273

(/usr/local/texlive/2022basic/texmf-dist/tex/latex/microtype/microtype-pdftex.d
ef
File: microtype-pdftex.def 2022/02/22 v3.0c Definitions specific to pdftex (RS)

LaTeX Info: Redefining \lsstyle on input line 897.
LaTeX Info: Redefining \lslig on input line 897.
\MT@outer@space=\skip52
)
Package microtype Info: Loading configuration file microtype.cfg.
 (/usr/local/texlive/2022basic/texmf-dist/tex/latex/microtype/microtype.cfg
File: microtype.cfg 2022/02/22 v3.0c microtype main configuration file (RS)
)) (/usr/local/texlive/2022basic/texmf-dist/tex/latex/parskip/parskip.sty
Package: parskip 2021-03-14 v2.0h non-zero parskip adjustments

(/usr/local/texlive/2022basic/texmf-dist/tex/latex/kvoptions/kvoptions.sty
Package: kvoptions 2020-10-07 v3.14 Key value format for package options (HO)

(/usr/local/texlive/2022basic/texmf-dist/tex/generic/ltxcmds/ltxcmds.sty
Package: ltxcmds 2020-05-10 v1.25 LaTeX kernel commands for general use (HO)
)
(/usr/local/texlive/2022basic/texmf-dist/tex/generic/kvsetkeys/kvsetkeys.sty
Package: kvsetkeys 2019/12/15 v1.18 Key value parser (HO)
))) (/usr/local/texlive/2022basic/texmf-dist/tex/latex/xcolor/xcolor.sty
Package: xcolor 2021/10/31 v2.13 LaTeX color extensions (UK)

(/usr/local/texlive/2022basic/texmf-dist/tex/latex/graphics-cfg/color.cfg
File: color.cfg 2016/01/02 v1.6 sample color configuration
)
Package xcolor Info: Driver file: pdftex.def on input line 227.

(/usr/local/texlive/2022basic/texmf-dist/tex/latex/graphics-def/pdftex.def
File: pdftex.def 2020/10/05 v1.2a Graphics/color driver for pdftex
)
Package xcolor Info: Model `cmy' substituted by `cmy0' on input line 1352.
Package xcolor Info: Model `hsb' substituted by `rgb' on input line 1356.
Package xcolor Info: Model `RGB' extended on input line 1368.
Package xcolor Info: Model `HTML' substituted by `rgb' on input line 1370.
Package xcolor Info: Model `Hsb' substituted by `hsb' on input line 1371.
Package xcolor Info: Model `tHsb' substituted by `hsb' on input line 1372.
Package xcolor Info: Model `HSB' substituted by `hsb' on input line 1373.
Package xcolor Info: Model `Gray' substituted by `gray' on input line 1374.
Package xcolor Info: Model `wave' substituted by `hsb' on input line 1375.
)
(/usr/local/texlive/2022basic/texmf-dist/tex/latex/bookmark/bookmark.sty
Package: bookmark 2020-11-06 v1.29 PDF bookmarks (HO)

(/usr/local/texlive/2022basic/texmf-dist/tex/latex/hyperref/hyperref.sty
Package: hyperref 2022-02-21 v7.00n Hypertext links for LaTeX

(/usr/local/texlive/2022basic/texmf-dist/tex/generic/pdftexcmds/pdftexcmds.sty
Package: pdftexcmds 2020-06-27 v0.33 Utility functions of pdfTeX for LuaTeX (HO
)

(/usr/local/texlive/2022basic/texmf-dist/tex/generic/infwarerr/infwarerr.sty
Package: infwarerr 2019/12/03 v1.5 Providing info/warning/error messages (HO)
)
Package pdftexcmds Info: \pdf@primitive is available.
Package pdftexcmds Info: \pdf@ifprimitive is available.
Package pdftexcmds Info: \pdfdraftmode found.
)
(/usr/local/texlive/2022basic/texmf-dist/tex/generic/kvdefinekeys/kvdefinekeys.
sty
Package: kvdefinekeys 2019-12-19 v1.6 Define keys (HO)
)
(/usr/local/texlive/2022basic/texmf-dist/tex/generic/pdfescape/pdfescape.sty
Package: pdfescape 2019/12/09 v1.15 Implements pdfTeX's escape features (HO)
)
(/usr/local/texlive/2022basic/texmf-dist/tex/latex/hycolor/hycolor.sty
Package: hycolor 2020-01-27 v1.10 Color options for hyperref/bookmark (HO)
)
(/usr/local/texlive/2022basic/texmf-dist/tex/latex/letltxmacro/letltxmacro.sty
Package: letltxmacro 2019/12/03 v1.6 Let assignment for LaTeX macros (HO)
) (/usr/local/texlive/2022basic/texmf-dist/tex/latex/auxhook/auxhook.sty
Package: auxhook 2019-12-17 v1.6 Hooks for auxiliary files (HO)
)
\@linkdim=\dimen149
\Hy@linkcounter=\count274
\Hy@pagecounter=\count275

(/usr/local/texlive/2022basic/texmf-dist/tex/latex/hyperref/pd1enc.def
File: pd1enc.def 2022-02-21 v7.00n Hyperref: PDFDocEncoding definition (HO)
Now handling font encoding PD1 ...
... no UTF-8 mapping file for font encoding PD1
)
(/usr/local/texlive/2022basic/texmf-dist/tex/generic/intcalc/intcalc.sty
Package: intcalc 2019/12/15 v1.3 Expandable calculations with integers (HO)
)
(/usr/local/texlive/2022basic/texmf-dist/tex/generic/etexcmds/etexcmds.sty
Package: etexcmds 2019/12/15 v1.7 Avoid name clashes with e-TeX commands (HO)
)
\Hy@SavedSpaceFactor=\count276

(/usr/local/texlive/2022basic/texmf-dist/tex/latex/hyperref/puenc.def
File: puenc.def 2022-02-21 v7.00n Hyperref: PDF Unicode definition (HO)
Now handling font encoding PU ...
... no UTF-8 mapping file for font encoding PU
)
Package hyperref Info: Option `unicode' set `true' on input line 4018.
Package hyperref Info: Hyper figures OFF on input line 4137.
Package hyperref Info: Link nesting OFF on input line 4142.
Package hyperref Info: Hyper index ON on input line 4145.
Package hyperref Info: Plain pages OFF on input line 4152.
Package hyperref Info: Backreferencing OFF on input line 4157.
Package hyperref Info: Implicit mode ON; LaTeX internals redefined.
Package hyperref Info: Bookmarks ON on input line 4390.
\c@Hy@tempcnt=\count277

(/usr/local/texlive/2022basic/texmf-dist/tex/latex/url/url.sty
\Urlmuskip=\muskip17
Package: url 2013/09/16  ver 3.4  Verb mode for urls, etc.
)
LaTeX Info: Redefining \url on input line 4749.
\XeTeXLinkMargin=\dimen150

(/usr/local/texlive/2022basic/texmf-dist/tex/generic/bitset/bitset.sty
Package: bitset 2019/12/09 v1.3 Handle bit-vector datatype (HO)

(/usr/local/texlive/2022basic/texmf-dist/tex/generic/bigintcalc/bigintcalc.sty
Package: bigintcalc 2019/12/15 v1.5 Expandable calculations on big integers (HO
)
))
\Fld@menulength=\count278
\Field@Width=\dimen151
\Fld@charsize=\dimen152
Package hyperref Info: Hyper figures OFF on input line 6027.
Package hyperref Info: Link nesting OFF on input line 6032.
Package hyperref Info: Hyper index ON on input line 6035.
Package hyperref Info: backreferencing OFF on input line 6042.
Package hyperref Info: Link coloring OFF on input line 6047.
Package hyperref Info: Link coloring with OCG OFF on input line 6052.
Package hyperref Info: PDF/A mode OFF on input line 6057.
LaTeX Info: Redefining \ref on input line 6097.
LaTeX Info: Redefining \pageref on input line 6101.
 (/usr/local/texlive/2022basic/texmf-dist/tex/latex/base/atbegshi-ltx.sty
Package: atbegshi-ltx 2021/01/10 v1.0c Emulation of the original atbegshi
package with kernel methods
)
\Hy@abspage=\count279
\c@Item=\count280
\c@Hfootnote=\count281
)
Package hyperref Info: Driver (autodetected): hpdftex.

(/usr/local/texlive/2022basic/texmf-dist/tex/latex/hyperref/hpdftex.def
File: hpdftex.def 2022-02-21 v7.00n Hyperref driver for pdfTeX

(/usr/local/texlive/2022basic/texmf-dist/tex/latex/base/atveryend-ltx.sty
Package: atveryend-ltx 2020/08/19 v1.0a Emulation of the original atveryend pac
kage
with kernel methods
)
\Fld@listcount=\count282
\c@bookmark@seq@number=\count283

(/usr/local/texlive/2022basic/texmf-dist/tex/latex/rerunfilecheck/rerunfilechec
k.sty
Package: rerunfilecheck 2019/12/05 v1.9 Rerun checks for auxiliary files (HO)

(/usr/local/texlive/2022basic/texmf-dist/tex/generic/uniquecounter/uniquecounte
r.sty
Package: uniquecounter 2019/12/15 v1.4 Provide unlimited unique counter (HO)
)
Package uniquecounter Info: New unique counter `rerunfilecheck' on input line 2
86.
)
\Hy@SectionHShift=\skip53
)
(/usr/local/texlive/2022basic/texmf-dist/tex/latex/bookmark/bkm-pdftex.def
File: bkm-pdftex.def 2020-11-06 v1.29 bookmark driver for pdfTeX (HO)
\BKM@id=\count284
))
(/usr/local/texlive/2022basic/texmf-dist/tex/latex/geometry/geometry.sty
Package: geometry 2020/01/02 v5.9 Page Geometry

(/usr/local/texlive/2022basic/texmf-dist/tex/generic/iftex/ifvtex.sty
Package: ifvtex 2019/10/25 v1.7 ifvtex legacy package. Use iftex instead.
)
\Gm@cnth=\count285
\Gm@cntv=\count286
\c@Gm@tempcnt=\count287
\Gm@bindingoffset=\dimen153
\Gm@wd@mp=\dimen154
\Gm@odd@mp=\dimen155
\Gm@even@mp=\dimen156
\Gm@layoutwidth=\dimen157
\Gm@layoutheight=\dimen158
\Gm@layouthoffset=\dimen159
\Gm@layoutvoffset=\dimen160
\Gm@dimlist=\toks25
)
(/usr/local/texlive/2022basic/texmf-dist/tex/latex/tools/longtable.sty
Package: longtable 2021-09-01 v4.17 Multi-page Table package (DPC)
\LTleft=\skip54
\LTright=\skip55
\LTpre=\skip56
\LTpost=\skip57
\LTchunksize=\count288
\LTcapwidth=\dimen161
\LT@head=\box53
\LT@firsthead=\box54
\LT@foot=\box55
\LT@lastfoot=\box56
\LT@gbox=\box57
\LT@cols=\count289
\LT@rows=\count290
\c@LT@tables=\count291
\c@LT@chunks=\count292
\LT@p@ftn=\toks26
)
(/usr/local/texlive/2022basic/texmf-dist/tex/latex/booktabs/booktabs.sty
Package: booktabs 2020/01/12 v1.61803398 Publication quality tables
\heavyrulewidth=\dimen162
\lightrulewidth=\dimen163
\cmidrulewidth=\dimen164
\belowrulesep=\dimen165
\belowbottomsep=\dimen166
\aboverulesep=\dimen167
\abovetopsep=\dimen168
\cmidrulesep=\dimen169
\cmidrulekern=\dimen170
\defaultaddspace=\dimen171
\@cmidla=\count293
\@cmidlb=\count294
\@aboverulesep=\dimen172
\@belowrulesep=\dimen173
\@thisruleclass=\count295
\@lastruleclass=\count296
\@thisrulewidth=\dimen174
)
(/usr/local/texlive/2022basic/texmf-dist/tex/latex/tools/array.sty
Package: array 2021/10/04 v2.5f Tabular extension package (FMi)
\col@sep=\dimen175
\ar@mcellbox=\box58
\extrarowheight=\dimen176
\NC@list=\toks27
\extratabsurround=\skip58
\backup@length=\skip59
\ar@cellbox=\box59
)
(/usr/local/texlive/2022basic/texmf-dist/tex/latex/tools/calc.sty
Package: calc 2017/05/25 v4.3 Infix arithmetic (KKT,FJ)
\calc@Acount=\count297
\calc@Bcount=\count298
\calc@Adimen=\dimen177
\calc@Bdimen=\dimen178
\calc@Askip=\skip60
\calc@Bskip=\skip61
LaTeX Info: Redefining \setlength on input line 80.
LaTeX Info: Redefining \addtolength on input line 81.
\calc@Ccount=\count299
\calc@Cskip=\skip62
)
(/usr/local/texlive/2022basic/texmf-dist/tex/latex/footnotehyper/footnotehyper.
sty
Package: footnotehyper 2021/08/13 v1.1e hyperref aware footnote.sty (JFB)
\FNH@notes=\box60
\FNH@width=\dimen179
\FNH@toks=\toks28
) (/usr/local/texlive/2022basic/texmf-dist/tex/latex/graphics/graphicx.sty
Package: graphicx 2021/09/16 v1.2d Enhanced LaTeX Graphics (DPC,SPQR)

(/usr/local/texlive/2022basic/texmf-dist/tex/latex/graphics/graphics.sty
Package: graphics 2021/03/04 v1.4d Standard LaTeX Graphics (DPC,SPQR)

(/usr/local/texlive/2022basic/texmf-dist/tex/latex/graphics/trig.sty
Package: trig 2021/08/11 v1.11 sin cos tan (DPC)
)
(/usr/local/texlive/2022basic/texmf-dist/tex/latex/graphics-cfg/graphics.cfg
File: graphics.cfg 2016/06/04 v1.11 sample graphics configuration
)
Package graphics Info: Driver file: pdftex.def on input line 107.
)
\Gin@req@height=\dimen180
\Gin@req@width=\dimen181
)
\cslhangindent=\skip63
\csllabelwidth=\skip64
\cslentryspacingunit=\skip65
(/usr/local/texlive/2022basic/texmf-dist/tex/latex/lineno/lineno.sty
Package: lineno 2005/11/02 line numbers on paragraphs v4.41
\linenopenalty=\count300
\output=\toks29
\linenoprevgraf=\count301
\linenumbersep=\dimen182
\linenumberwidth=\dimen183
\c@linenumber=\count302
\c@pagewiselinenumber=\count303
\c@LN@truepage=\count304
\c@internallinenumber=\count305
\c@internallinenumbers=\count306
\quotelinenumbersep=\dimen184
\bframerule=\dimen185
\bframesep=\dimen186
\bframebox=\box61
LaTeX Info: Redefining \\ on input line 3056.
)
(/usr/local/texlive/2022basic/texmf-dist/tex/latex/float/float.sty
Package: float 2001/11/08 v1.3d Float enhancements (AL)
\c@float@type=\count307
\float@exts=\toks30
\float@box=\box62
\@float@everytoks=\toks31
\@floatcapt=\box63
)
(/usr/local/texlive/2022basic/texmf-dist/tex/latex/multirow/multirow.sty
Package: multirow 2021/03/15 v2.8 Span multiple rows of a table
\multirow@colwidth=\skip66
\multirow@cntb=\count308
\multirow@dima=\skip67
\bigstrutjot=\dimen187
)
(/usr/local/texlive/2022basic/texmf-dist/tex/latex/wrapfig/wrapfig.sty
\wrapoverhang=\dimen188
\WF@size=\dimen189
\c@WF@wrappedlines=\count309
\WF@box=\box64
\WF@everypar=\toks32
Package: wrapfig 2003/01/31  v 3.6
)
(/usr/local/texlive/2022basic/texmf-dist/tex/latex/colortbl/colortbl.sty
Package: colortbl 2020/01/04 v1.0e Color table columns (DPC)
\everycr=\toks33
\minrowclearance=\skip68
)
(/usr/local/texlive/2022basic/texmf-dist/tex/latex/pdflscape/pdflscape.sty
Package: pdflscape 2019/12/05 v0.12 Display of landscape pages in PDF (HO)

(/usr/local/texlive/2022basic/texmf-dist/tex/latex/graphics/lscape.sty
Package: lscape 2020/05/28 v3.02 Landscape Pages (DPC)
)
Package pdflscape Info: Auto-detected driver: pdftex on input line 81.
)
(/usr/local/texlive/2022basic/texmf-dist/tex/latex/tabu/tabu.sty
Package: tabu 2019/01/11 v2.9 - flexible LaTeX tabulars (FC+tabu-fixed)

(/usr/local/texlive/2022basic/texmf-dist/tex/latex/varwidth/varwidth.sty
Package: varwidth 2009/03/30 ver 0.92;  Variable-width minipages
\@vwid@box=\box65
\sift@deathcycles=\count310
\@vwid@loff=\dimen190
\@vwid@roff=\dimen191
)
\c@taburow=\count311
\tabu@nbcols=\count312
\tabu@cnt=\count313
\tabu@Xcol=\count314
\tabu@alloc=\count315
\tabu@nested=\count316
\tabu@target=\dimen192
\tabu@spreadtarget=\dimen193
\tabu@naturalX=\dimen194
\tabucolX=\dimen195
\tabu@Xsum=\dimen196
\extrarowdepth=\dimen197
\abovetabulinesep=\dimen198
\belowtabulinesep=\dimen199
\tabustrutrule=\dimen256
\tabu@thebody=\toks34
\tabu@footnotes=\toks35
\tabu@box=\box66
\tabu@arstrutbox=\box67
\tabu@hleads=\box68
\tabu@vleads=\box69
\tabu@cellskip=\skip69
)
(/usr/local/texlive/2022basic/texmf-dist/tex/latex/threeparttable/threeparttabl
e.sty
Package: threeparttable 2003/06/13  v 3.0
\@tempboxb=\box70
)
(/usr/local/texlive/2022basic/texmf-dist/tex/latex/threeparttablex/threeparttab
lex.sty
Package: threeparttablex 2013/07/23 v0.3 by daleif
 (/usr/local/texlive/2022basic/texmf-dist/tex/latex/environ/environ.sty
Package: environ 2014/05/04 v0.3 A new way to define environments

(/usr/local/texlive/2022basic/texmf-dist/tex/latex/trimspaces/trimspaces.sty
Package: trimspaces 2009/09/17 v1.1 Trim spaces around a token list
))
\TPTL@width=\skip70
) (/usr/local/texlive/2022basic/texmf-dist/tex/generic/ulem/ulem.sty
\UL@box=\box71
\UL@hyphenbox=\box72
\UL@skip=\skip71
\UL@hook=\toks36
\UL@height=\dimen257
\UL@pe=\count317
\UL@pixel=\dimen258
\ULC@box=\box73
Package: ulem 2019/11/18
\ULdepth=\dimen259
)
(/usr/local/texlive/2022basic/texmf-dist/tex/latex/makecell/makecell.sty
Package: makecell 2009/08/03 V0.1e Managing of Tab Column Heads and Cells
\rotheadsize=\dimen260
\c@nlinenum=\count318
\TeXr@lab=\toks37
)
(/usr/local/texlive/2022basic/texmf-dist/tex/latex/oberdiek/settobox.sty
Package: settobox 2016/05/16 v1.5 Assign box dimensions to length registers (HO
)
)
\DIFdelgraphicsbox=\box74
\DIFdelgraphicswidth=\skip72
\DIFdelgraphicsheight=\skip73
LaTeX Info: Redefining \DIFaddbegin on input line 174.
LaTeX Info: Redefining \DIFaddend on input line 175.
LaTeX Info: Redefining \DIFdelbegin on input line 176.
LaTeX Info: Redefining \DIFdelend on input line 177.
LaTeX Info: Redefining \DIFaddbeginFL on input line 182.
LaTeX Info: Redefining \DIFaddendFL on input line 183.
LaTeX Info: Redefining \DIFdelbeginFL on input line 184.
LaTeX Info: Redefining \DIFdelendFL on input line 185.

(/usr/local/texlive/2022basic/texmf-dist/tex/latex/listings/listings.sty
\lst@mode=\count319
\lst@gtempboxa=\box75
\lst@token=\toks38
\lst@length=\count320
\lst@currlwidth=\dimen261
\lst@column=\count321
\lst@pos=\count322
\lst@lostspace=\dimen262
\lst@width=\dimen263
\lst@newlines=\count323
\lst@lineno=\count324
\lst@maxwidth=\dimen264

(/usr/local/texlive/2022basic/texmf-dist/tex/latex/listings/lstmisc.sty
File: lstmisc.sty 2020/03/24 1.8d (Carsten Heinz)
\c@lstnumber=\count325
\lst@skipnumbers=\count326
\lst@framebox=\box76
)
(/usr/local/texlive/2022basic/texmf-dist/tex/latex/listings/listings.cfg
File: listings.cfg 2020/03/24 1.8d listings configuration
))
Package: listings 2020/03/24 1.8d (Carsten Heinz)

(/usr/local/texlive/2022basic/texmf-dist/tex/latex/l3backend/l3backend-pdftex.d
ef
File: l3backend-pdftex.def 2022-02-07 L3 backend support: PDF output (pdfTeX)
\l__color_backend_stack_int=\count327
\l__pdf_internal_box=\box77
) (./changes.aux

LaTeX Warning: Label `tab:scoring-metrics' multiply defined.


LaTeX Warning: Label `tab:table-ensemble-versions' multiply defined.

)
\openout1 = `changes.aux'.

LaTeX Font Info:    Checking defaults for OML/cmm/m/it on input line 204.
LaTeX Font Info:    ... okay on input line 204.
LaTeX Font Info:    Checking defaults for OMS/cmsy/m/n on input line 204.
LaTeX Font Info:    ... okay on input line 204.
LaTeX Font Info:    Checking defaults for OT1/cmr/m/n on input line 204.
LaTeX Font Info:    ... okay on input line 204.
LaTeX Font Info:    Checking defaults for T1/cmr/m/n on input line 204.
LaTeX Font Info:    ... okay on input line 204.
LaTeX Font Info:    Checking defaults for TS1/cmr/m/n on input line 204.
LaTeX Font Info:    ... okay on input line 204.
LaTeX Font Info:    Checking defaults for OMX/cmex/m/n on input line 204.
LaTeX Font Info:    ... okay on input line 204.
LaTeX Font Info:    Checking defaults for U/cmr/m/n on input line 204.
LaTeX Font Info:    ... okay on input line 204.
LaTeX Font Info:    Checking defaults for PD1/pdf/m/n on input line 204.
LaTeX Font Info:    ... okay on input line 204.
LaTeX Font Info:    Checking defaults for PU/pdf/m/n on input line 204.
LaTeX Font Info:    ... okay on input line 204.
LaTeX Info: Redefining \microtypecontext on input line 204.
Package microtype Info: Applying patch `item' on input line 204.
Package microtype Info: Applying patch `toc' on input line 204.
Package microtype Info: Applying patch `eqnum' on input line 204.
Package microtype Info: Applying patch `footnote' on input line 204.
Package microtype Info: Generating PDF output.
Package microtype Info: Character protrusion enabled (level 2).
Package microtype Info: Using protrusion set `basicmath'.
Package microtype Info: Automatic font expansion enabled (level 2),
(microtype)             stretch: 20, shrink: 20, step: 1, non-selected.
Package microtype Info: Using default expansion set `alltext-nott'.
LaTeX Info: Redefining \showhyphens on input line 204.
Package microtype Info: No adjustment of tracking.
Package microtype Info: No adjustment of interword spacing.
Package microtype Info: No adjustment of character kerning.
 (/usr/local/texlive/2022basic/texmf-dist/tex/latex/microtype/mt-cmr.cfg
File: mt-cmr.cfg 2013/05/19 v2.2 microtype config. file: Computer Modern Roman 
(RS)
)
(/usr/local/texlive/2022basic/texmf-dist/tex/context/base/mkii/supp-pdf.mkii
[Loading MPS to PDF converter (version 2006.09.02).]
\scratchcounter=\count328
\scratchdimen=\dimen265
\scratchbox=\box78
\nofMPsegments=\count329
\nofMParguments=\count330
\everyMPshowfont=\toks39
\MPscratchCnt=\count331
\MPscratchDim=\dimen266
\MPnumerator=\count332
\makeMPintoPDFobject=\count333
\everyMPtoPDFconversion=\toks40
)
(/usr/local/texlive/2022basic/texmf-dist/tex/latex/epstopdf-pkg/epstopdf-base.s
ty
Package: epstopdf-base 2020-01-24 v2.11 Base part for package epstopdf
Package epstopdf-base Info: Redefining graphics rule for `.eps' on input line 4
85.

(/usr/local/texlive/2022basic/texmf-dist/tex/latex/latexconfig/epstopdf-sys.cfg
File: epstopdf-sys.cfg 2010/07/13 v1.3 Configuration of (r)epstopdf for TeX Liv
e
))
Package hyperref Info: Link coloring OFF on input line 204.
 (/usr/local/texlive/2022basic/texmf-dist/tex/latex/hyperref/nameref.sty
Package: nameref 2021-04-02 v2.47 Cross-referencing by name of section

(/usr/local/texlive/2022basic/texmf-dist/tex/latex/refcount/refcount.sty
Package: refcount 2019/12/15 v3.6 Data extraction from label references (HO)
)
(/usr/local/texlive/2022basic/texmf-dist/tex/generic/gettitlestring/gettitlestr
ing.sty
Package: gettitlestring 2019/12/15 v1.6 Cleanup title references (HO)
)
\c@section@level=\count334
)
LaTeX Info: Redefining \ref on input line 204.
LaTeX Info: Redefining \pageref on input line 204.
LaTeX Info: Redefining \nameref on input line 204.

*geometry* driver: auto-detecting
*geometry* detected driver: pdftex
*geometry* verbose mode - [ preamble ] result:
* driver: pdftex
* paper: <default>
* layout: <same size as paper>
* layoutoffset:(h,v)=(0.0pt,0.0pt)
* modes: 
* h-part:(L,W,R)=(72.26999pt, 469.75502pt, 72.26999pt)
* v-part:(T,H,B)=(72.26999pt, 650.43001pt, 72.26999pt)
* \paperwidth=614.295pt
* \paperheight=794.96999pt
* \textwidth=469.75502pt
* \textheight=650.43001pt
* \oddsidemargin=0.0pt
* \evensidemargin=0.0pt
* \topmargin=-37.0pt
* \headheight=12.0pt
* \headsep=25.0pt
* \topskip=10.0pt
* \footskip=30.0pt
* \marginparwidth=65.0pt
* \marginparsep=11.0pt
* \columnsep=10.0pt
* \skip\footins=9.0pt plus 4.0pt minus 2.0pt
* \hoffset=0.0pt
* \voffset=0.0pt
* \mag=1000
* \@twocolumnfalse
* \@twosidefalse
* \@mparswitchfalse
* \@reversemarginfalse
* (1in=72.27pt=25.4mm, 1cm=28.453pt)

\c@lstlisting=\count335
LaTeX Font Info:    Trying to load font information for T1+lmss on input line 2
06.
(/usr/local/texlive/2022basic/texmf-dist/tex/latex/lm/t1lmss.fd
File: t1lmss.fd 2015/05/01 v1.6.1 Font defs for Latin Modern
)
LaTeX Font Info:    Trying to load font information for OT1+lmr on input line 2
06.

(/usr/local/texlive/2022basic/texmf-dist/tex/latex/lm/ot1lmr.fd
File: ot1lmr.fd 2015/05/01 v1.6.1 Font defs for Latin Modern
)
LaTeX Font Info:    Trying to load font information for OML+lmm on input line 2
06.

(/usr/local/texlive/2022basic/texmf-dist/tex/latex/lm/omllmm.fd
File: omllmm.fd 2015/05/01 v1.6.1 Font defs for Latin Modern
)
LaTeX Font Info:    Trying to load font information for OMS+lmsy on input line 
206.

(/usr/local/texlive/2022basic/texmf-dist/tex/latex/lm/omslmsy.fd
File: omslmsy.fd 2015/05/01 v1.6.1 Font defs for Latin Modern
)
LaTeX Font Info:    Trying to load font information for OMX+lmex on input line 
206.

(/usr/local/texlive/2022basic/texmf-dist/tex/latex/lm/omxlmex.fd
File: omxlmex.fd 2015/05/01 v1.6.1 Font defs for Latin Modern
)
LaTeX Font Info:    External font `lmex10' loaded for size
(Font)              <12> on input line 206.
LaTeX Font Info:    External font `lmex10' loaded for size
(Font)              <8> on input line 206.
LaTeX Font Info:    External font `lmex10' loaded for size
(Font)              <6> on input line 206.
LaTeX Font Info:    Trying to load font information for U+msa on input line 206
.

(/usr/local/texlive/2022basic/texmf-dist/tex/latex/amsfonts/umsa.fd
File: umsa.fd 2013/01/14 v3.01 AMS symbols A
)
(/usr/local/texlive/2022basic/texmf-dist/tex/latex/microtype/mt-msa.cfg
File: mt-msa.cfg 2006/02/04 v1.1 microtype config. file: AMS symbols (a) (RS)
)
LaTeX Font Info:    Trying to load font information for U+msb on input line 206
.

(/usr/local/texlive/2022basic/texmf-dist/tex/latex/amsfonts/umsb.fd
File: umsb.fd 2013/01/14 v3.01 AMS symbols B
)
(/usr/local/texlive/2022basic/texmf-dist/tex/latex/microtype/mt-msb.cfg
File: mt-msb.cfg 2005/06/01 v1.0 microtype config. file: AMS symbols (b) (RS)
)
[1

{/usr/local/texlive/2022basic/texmf-var/fonts/map/pdftex/updmap/pdftex.map}]
[2] [3]
LaTeX Font Info:    Trying to load font information for T1+lmtt on input line 2
39.
 (/usr/local/texlive/2022basic/texmf-dist/tex/latex/lm/t1lmtt.fd
File: t1lmtt.fd 2015/05/01 v1.6.1 Font defs for Latin Modern
)
[4]
LaTeX Font Info:    External font `lmex10' loaded for size
(Font)              <10> on input line 244.
LaTeX Font Info:    External font `lmex10' loaded for size
(Font)              <7> on input line 244.
LaTeX Font Info:    External font `lmex10' loaded for size
(Font)              <5> on input line 244.
 [5] [6] [7] [8]
<../analysis/plots/aggregate-performance-all-v4.png, id=75, 3011.25pt x 2740.23
75pt>
File: ../analysis/plots/aggregate-performance-all-v4.png Graphic file (type png
)
<use ../analysis/plots/aggregate-performance-all-v4.png>
Package pdftex.def Info: ../analysis/plots/aggregate-performance-all-v4.png  us
ed on input line 288.
(pdftex.def)             Requested size: 469.72556pt x 427.45024pt.

Underfull \hbox (badness 10000) in paragraph at lines 288--288
[][]
 []

[9]
Overfull \vbox (27.02023pt too high) has occurred while \output is active []


[10
pdfTeX warning (ext4): destination with the same identifier (name{figure.1}) ha
s been already used, duplicate ignored
<argument> ...shipout:D \box_use:N \l_shipout_box 
                                                  \__shipout_drop_firstpage_...
l.290 
       <../analysis/plots/aggregate-performance-all-v4.png>]
<../analysis/plots/figure-forecasts-2.png, id=94, 3011.25pt x 3312.375pt>
File: ../analysis/plots/figure-forecasts-2.png Graphic file (type png)
<use ../analysis/plots/figure-forecasts-2.png>
Package pdftex.def Info: ../analysis/plots/figure-forecasts-2.png  used on inpu
t line 292.
(pdftex.def)             Requested size: 469.72556pt x 516.6981pt.

Underfull \hbox (badness 10000) in paragraph at lines 292--292
[][]
 []

[11
pdfTeX warning (ext4): destination with the same identifier (name{figure.2}) ha
s been already used, duplicate ignored
<argument> ...shipout:D \box_use:N \l_shipout_box 
                                                  \__shipout_drop_firstpage_...
l.296 ...on{Case Forecasts}\label{case-forecasts}}
                                                   <../analysis/plots/figure-fo
recasts-2.png>] [12] [13] [14]
<../analysis/plots/distribution_scores_wis-2.png, id=162, 2710.125pt x 1806.75p
t>
File: ../analysis/plots/distribution_scores_wis-2.png Graphic file (type png)
<use ../analysis/plots/distribution_scores_wis-2.png>
Package pdftex.def Info: ../analysis/plots/distribution_scores_wis-2.png  used 
on input line 321.
(pdftex.def)             Requested size: 469.73015pt x 313.15343pt.

Underfull \hbox (badness 10000) in paragraph at lines 321--321
[][]
 []

[15]
<../analysis/plots/aggregate-performance-rel-ensemble-v4.png, id=167, 3011.25pt
 x 2740.2375pt>
File: ../analysis/plots/aggregate-performance-rel-ensemble-v4.png Graphic file 
(type png)
<use ../analysis/plots/aggregate-performance-rel-ensemble-v4.png>
Package pdftex.def Info: ../analysis/plots/aggregate-performance-rel-ensemble-v
4.png  used on input line 325.
(pdftex.def)             Requested size: 469.72556pt x 427.45024pt.

Underfull \hbox (badness 10000) in paragraph at lines 325--325
[][]
 []

[16
pdfTeX warning (ext4): destination with the same identifier (name{figure.3}) ha
s been already used, duplicate ignored
<argument> ...shipout:D \box_use:N \l_shipout_box 
                                                  \__shipout_drop_firstpage_...
l.329 
       <../analysis/plots/distribution_scores_wis-2.png>]
Overfull \vbox (174.52023pt too high) has occurred while \output is active []


[17
pdfTeX warning (ext4): destination with the same identifier (name{figure.4}) ha
s been already used, duplicate ignored
<argument> ...shipout:D \box_use:N \l_shipout_box 
                                                  \__shipout_drop_firstpage_...
l.329 
       <../analysis/plots/aggregate-performance-rel-ensemble-v4.png>]

LaTeX Warning: Reference `fig:agg-performance-ensemble' on page 18 undefined on
 input line 344.

[18] [19] [20] [21] [22] [23

] [24] [25

] [26]
<../crowd-forecast/Screenshot-forecasting-app.png, id=252, 2055.68pt x 991.705p
t>
File: ../crowd-forecast/Screenshot-forecasting-app.png Graphic file (type png)
<use ../crowd-forecast/Screenshot-forecasting-app.png>
Package pdftex.def Info: ../crowd-forecast/Screenshot-forecasting-app.png  used
 on input line 427.
(pdftex.def)             Requested size: 469.75385pt x 226.61954pt.

pdfTeX warning (ext4): destination with the same identifier (name{figure.1}) ha
s been already used, duplicate ignored
<to be read again> 
                   \relax 
l.427 ...cast/Screenshot-forecasting-app} \caption
                                                  {Screenshot of the crowdfo...

Underfull \hbox (badness 10000) in paragraph at lines 427--427
[][]
 []


pdfTeX warning (ext4): destination with the same identifier (name{figure.1}) ha
s been already used, duplicate ignored
<to be read again> 
                   \relax 
l.427 ...elicit predictions (made in June 2021). }
                                                  \label{fig:screenshot}
[27

 <../crowd-forecast/Screenshot-forecasting-app.png>] [28

] [29] [30] [31]
[32]
Underfull \hbox (badness 10000) in paragraph at lines 533--533

 []


Underfull \hbox (badness 10000) in paragraph at lines 579--579

 []


LaTeX Warning: `!h' float specifier changed to `!ht'.

[33


pdfTeX warning (ext4): destination with the same identifier (name{table.2}) has
 been already used, duplicate ignored
<argument> ...shipout:D \box_use:N \l_shipout_box 
                                                  \__shipout_drop_firstpage_...
l.624 \clearpage
                ] [34
pdfTeX warning (ext4): destination with the same identifier (name{table.3}) has
 been already used, duplicate ignored
<argument> ...shipout:D \box_use:N \l_shipout_box 
                                                  \__shipout_drop_firstpage_...
l.624 \clearpage
                ]
<../analysis/plots/aggregate-performance-all-Germany-v4.png, id=332, 3011.25pt 
x 2740.2375pt>
File: ../analysis/plots/aggregate-performance-all-Germany-v4.png Graphic file (
type png)
<use ../analysis/plots/aggregate-performance-all-Germany-v4.png>
Package pdftex.def Info: ../analysis/plots/aggregate-performance-all-Germany-v4
.png  used on input line 633.
(pdftex.def)             Requested size: 469.72556pt x 427.45024pt.

pdfTeX warning (ext4): destination with the same identifier (name{figure.2}) ha
s been already used, duplicate ignored
<to be read again> 
                   \relax 
l.633 ...gate-performance-all-Germany-v4} \caption
                                                  {\DIFaddFL{Visualisation o...

Overfull \hbox (6.77052pt too wide) in paragraph at lines 633--633
[][][]
 []


pdfTeX warning (ext4): destination with the same identifier (name{figure.2}) ha
s been already used, duplicate ignored
<to be read again> 
                   \relax 
l.633 ...f all WIS values for different horizons}}
                                                  \label{fig:agg-performance...

pdfTeX warning (ext4): destination with the same identifier (name{figure.2}) ha
s been already used, duplicate ignored
<to be read again> 
                   \relax 
l.633 ...f all WIS values for different horizons}}
                                                  \label{fig:agg-performance...
[35

]
Overfull \vbox (63.78113pt too high) has occurred while \output is active []


[36 <../analysis/plots/aggregate-performance-all-Germany-v4.png>]
<../analysis/plots/aggregate-performance-all-Poland-v4.png, id=346, 3011.25pt x
 2740.2375pt>
File: ../analysis/plots/aggregate-performance-all-Poland-v4.png Graphic file (t
ype png)
<use ../analysis/plots/aggregate-performance-all-Poland-v4.png>
Package pdftex.def Info: ../analysis/plots/aggregate-performance-all-Poland-v4.
png  used on input line 640.
(pdftex.def)             Requested size: 469.72556pt x 427.45024pt.

pdfTeX warning (ext4): destination with the same identifier (name{figure.3}) ha
s been already used, duplicate ignored
<to be read again> 
                   \relax 
l.640 ...egate-performance-all-Poland-v4} \caption
                                                  {\DIFaddFL{Visualisation o...

Overfull \hbox (6.77052pt too wide) in paragraph at lines 640--640
[][][]
 []


pdfTeX warning (ext4): destination with the same identifier (name{figure.3}) ha
s been already used, duplicate ignored
<to be read again> 
                   \relax 
l.640 ...f all WIS values for different horizons}}
                                                  \label{fig:agg-performance...

pdfTeX warning (ext4): destination with the same identifier (name{figure.3}) ha
s been already used, duplicate ignored
<to be read again> 
                   \relax 
l.640 ...f all WIS values for different horizons}}
                                                  \label{fig:agg-performance...
[37]
Overfull \vbox (31.37846pt too high) has occurred while \output is active []


[38 <../analysis/plots/aggregate-performance-all-Poland-v4.png>]
<../analysis/plots/aggregate-performance-2-weeks-locations-all-v4.png, id=359, 
3011.25pt x 2740.2375pt>
File: ../analysis/plots/aggregate-performance-2-weeks-locations-all-v4.png Grap
hic file (type png)
<use ../analysis/plots/aggregate-performance-2-weeks-locations-all-v4.png>
Package pdftex.def Info: ../analysis/plots/aggregate-performance-2-weeks-locati
ons-all-v4.png  used on input line 647.
(pdftex.def)             Requested size: 469.72556pt x 427.45024pt.

pdfTeX warning (ext4): destination with the same identifier (name{figure.4}) ha
s been already used, duplicate ignored
<to be read again> 
                   \relax 
l.647 ...rmance-2-weeks-locations-all-v4} \caption
                                                  {Visualisation of aggregat...

Underfull \hbox (badness 10000) in paragraph at lines 647--647
[][]
 []


pdfTeX warning (ext4): destination with the same identifier (name{figure.4}) ha
s been already used, duplicate ignored
<to be read again> 
                   \relax 
l.647 ...inFL \DIFaddFL{WIS values}\DIFaddendFL .}
                                                  \label{fig:performance-loc...

pdfTeX warning (ext4): destination with the same identifier (name{figure.4}) ha
s been already used, duplicate ignored
<to be read again> 
                   \relax 
l.647 ...inFL \DIFaddFL{WIS values}\DIFaddendFL .}
                                                  \label{fig:performance-loc...
[39]
Overfull \vbox (75.97847pt too high) has occurred while \output is active []


[40 <../analysis/plots/aggregate-performance-2-weeks-locations-all-v4.png>]
<../analysis/plots/aggregate-performance-2-weeks-locations-all-rel-v4.png, id=3
71, 3011.25pt x 2740.2375pt>
File: ../analysis/plots/aggregate-performance-2-weeks-locations-all-rel-v4.png 
Graphic file (type png)
<use ../analysis/plots/aggregate-performance-2-weeks-locations-all-rel-v4.png>
Package pdftex.def Info: ../analysis/plots/aggregate-performance-2-weeks-locati
ons-all-rel-v4.png  used on input line 654.
(pdftex.def)             Requested size: 469.72556pt x 427.45024pt.

Underfull \hbox (badness 10000) in paragraph at lines 654--654
[][]
 []

[41]
Overfull \vbox (51.97847pt too high) has occurred while \output is active []


[42
pdfTeX warning (ext4): destination with the same identifier (name{figure.5}) ha
s been already used, duplicate ignored
<argument> ...shipout:D \box_use:N \l_shipout_box 
                                                  \__shipout_drop_firstpage_...
l.656 
       <../analysis/plots/aggregate-performance-2-weeks-locations-all-rel-v4.pn
g>]
<../analysis/plots/daily_truth.png, id=383, 3011.25pt x 2409.0pt>
File: ../analysis/plots/daily_truth.png Graphic file (type png)
<use ../analysis/plots/daily_truth.png>
Package pdftex.def Info: ../analysis/plots/daily_truth.png  used on input line 
663.
(pdftex.def)             Requested size: 469.72556pt x 375.78044pt.

Underfull \hbox (badness 10000) in paragraph at lines 663--663
[][]
 []

<../analysis/plots/daily-data-updates.png, id=384, 2710.125pt x 1806.75pt>
File: ../analysis/plots/daily-data-updates.png Graphic file (type png)
<use ../analysis/plots/daily-data-updates.png>
Package pdftex.def Info: ../analysis/plots/daily-data-updates.png  used on inpu
t line 667.
(pdftex.def)             Requested size: 469.73015pt x 313.15343pt.

Overfull \hbox (6.77512pt too wide) in paragraph at lines 667--667
[][][]
 []

[43


pdfTeX warning (ext4): destination with the same identifier (name{figure.6}) ha
s been already used, duplicate ignored
<argument> ...shipout:D \box_use:N \l_shipout_box 
                                                  \__shipout_drop_firstpage_...
l.669 
       <../analysis/plots/daily_truth.png>]
<../analysis/plots/weekly-data-updates.png, id=394, 2710.125pt x 1806.75pt>
File: ../analysis/plots/weekly-data-updates.png Graphic file (type png)
<use ../analysis/plots/weekly-data-updates.png>
Package pdftex.def Info: ../analysis/plots/weekly-data-updates.png  used on inp
ut line 671.
(pdftex.def)             Requested size: 469.73015pt x 313.15343pt.

Overfull \hbox (6.77512pt too wide) in paragraph at lines 671--671
[][][]
 []

[44
pdfTeX warning (ext4): destination with the same identifier (name{figure.7}) ha
s been already used, duplicate ignored
<argument> ...shipout:D \box_use:N \l_shipout_box 
                                                  \__shipout_drop_firstpage_...
l.673 
       <../analysis/plots/daily-data-updates.png>] [45
pdfTeX warning (ext4): destination with the same identifier (name{figure.8}) ha
s been already used, duplicate ignored
<argument> ...shipout:D \box_use:N \l_shipout_box 
                                                  \__shipout_drop_firstpage_...
l.674 \DIFaddend \clearpage
                            <../analysis/plots/weekly-data-updates.png>]
<../analysis/plots/figure-forecasts-1.png, id=408, 3011.25pt x 3312.375pt>
File: ../analysis/plots/figure-forecasts-1.png Graphic file (type png)
<use ../analysis/plots/figure-forecasts-1.png>
Package pdftex.def Info: ../analysis/plots/figure-forecasts-1.png  used on inpu
t line 680.
(pdftex.def)             Requested size: 469.72556pt x 516.6981pt.

Underfull \hbox (badness 10000) in paragraph at lines 680--680
[][]
 []

<../analysis/plots/figure-forecasts-3.png, id=409, 3011.25pt x 3312.375pt>
File: ../analysis/plots/figure-forecasts-3.png Graphic file (type png)
<use ../analysis/plots/figure-forecasts-3.png>
Package pdftex.def Info: ../analysis/plots/figure-forecasts-3.png  used on inpu
t line 684.
(pdftex.def)             Requested size: 469.72556pt x 516.6981pt.

Underfull \hbox (badness 10000) in paragraph at lines 684--684
[][]
 []

[46


pdfTeX warning (ext4): destination with the same identifier (name{figure.9}) ha
s been already used, duplicate ignored
<argument> ...shipout:D \box_use:N \l_shipout_box 
                                                  \__shipout_drop_firstpage_...
l.686 
       <../analysis/plots/figure-forecasts-1.png>]
<../analysis/plots/figure-forecasts-4.png, id=418, 3011.25pt x 3312.375pt>
File: ../analysis/plots/figure-forecasts-4.png Graphic file (type png)
<use ../analysis/plots/figure-forecasts-4.png>
Package pdftex.def Info: ../analysis/plots/figure-forecasts-4.png  used on inpu
t line 688.
(pdftex.def)             Requested size: 469.72556pt x 516.6981pt.

Underfull \hbox (badness 10000) in paragraph at lines 688--688
[][]
 []

[47
pdfTeX warning (ext4): destination with the same identifier (name{figure.10}) h
as been already used, duplicate ignored
<argument> ...shipout:D \box_use:N \l_shipout_box 
                                                  \__shipout_drop_firstpage_...
l.690 
       <../analysis/plots/figure-forecasts-3.png>] [48
pdfTeX warning (ext4): destination with the same identifier (name{figure.11}) h
as been already used, duplicate ignored
<argument> ...shipout:D \box_use:N \l_shipout_box 
                                                  \__shipout_drop_firstpage_...
l.691 \clearpage
                 <../analysis/plots/figure-forecasts-4.png>]
<../analysis/plots/distribution_scores_wis-1.png, id=431, 2710.125pt x 1806.75p
t>
File: ../analysis/plots/distribution_scores_wis-1.png Graphic file (type png)
<use ../analysis/plots/distribution_scores_wis-1.png>
Package pdftex.def Info: ../analysis/plots/distribution_scores_wis-1.png  used 
on input line 700.
(pdftex.def)             Requested size: 469.73015pt x 313.15343pt.

Underfull \hbox (badness 10000) in paragraph at lines 700--700
[][]
 []

<../analysis/plots/distribution_scores_wis-3.png, id=432, 2710.125pt x 1806.75p
t>
File: ../analysis/plots/distribution_scores_wis-3.png Graphic file (type png)
<use ../analysis/plots/distribution_scores_wis-3.png>
Package pdftex.def Info: ../analysis/plots/distribution_scores_wis-3.png  used 
on input line 704.
(pdftex.def)             Requested size: 469.73015pt x 313.15343pt.

Underfull \hbox (badness 10000) in paragraph at lines 704--704
[][]
 []

[49


pdfTeX warning (ext4): destination with the same identifier (name{figure.12}) h
as been already used, duplicate ignored
<argument> ...shipout:D \box_use:N \l_shipout_box 
                                                  \__shipout_drop_firstpage_...
l.706 
       <../analysis/plots/distribution_scores_wis-1.png>]
<../analysis/plots/distribution_scores_wis-4.png, id=444, 2710.125pt x 1806.75p
t>
File: ../analysis/plots/distribution_scores_wis-4.png Graphic file (type png)
<use ../analysis/plots/distribution_scores_wis-4.png>
Package pdftex.def Info: ../analysis/plots/distribution_scores_wis-4.png  used 
on input line 708.
(pdftex.def)             Requested size: 469.73015pt x 313.15343pt.

Underfull \hbox (badness 10000) in paragraph at lines 708--708
[][]
 []

[50
pdfTeX warning (ext4): destination with the same identifier (name{figure.13}) h
as been already used, duplicate ignored
<argument> ...shipout:D \box_use:N \l_shipout_box 
                                                  \__shipout_drop_firstpage_...
l.710 
       <../analysis/plots/distribution_scores_wis-3.png>]
<../analysis/plots/distribution_scores_wis-1-ranks.png, id=451, 2710.125pt x 18
06.75pt>
File: ../analysis/plots/distribution_scores_wis-1-ranks.png Graphic file (type 
png)
<use ../analysis/plots/distribution_scores_wis-1-ranks.png>
Package pdftex.def Info: ../analysis/plots/distribution_scores_wis-1-ranks.png 
 used on input line 715.
(pdftex.def)             Requested size: 469.73015pt x 313.15343pt.

Underfull \hbox (badness 10000) in paragraph at lines 715--715
[][]
 []

[51
pdfTeX warning (ext4): destination with the same identifier (name{figure.14}) h
as been already used, duplicate ignored
<argument> ...shipout:D \box_use:N \l_shipout_box 
                                                  \__shipout_drop_firstpage_...
l.717 
       <../analysis/plots/distribution_scores_wis-4.png>]
<../analysis/plots/distribution_scores_wis-2-ranks.png, id=458, 2710.125pt x 18
06.75pt>
File: ../analysis/plots/distribution_scores_wis-2-ranks.png Graphic file (type 
png)
<use ../analysis/plots/distribution_scores_wis-2-ranks.png>
Package pdftex.def Info: ../analysis/plots/distribution_scores_wis-2-ranks.png 
 used on input line 719.
(pdftex.def)             Requested size: 469.73015pt x 313.15343pt.

Underfull \hbox (badness 10000) in paragraph at lines 719--719
[][]
 []

[52
pdfTeX warning (ext4): destination with the same identifier (name{figure.15}) h
as been already used, duplicate ignored
<argument> ...shipout:D \box_use:N \l_shipout_box 
                                                  \__shipout_drop_firstpage_...
l.721 
       <../analysis/plots/distribution_scores_wis-1-ranks.png>]
<../analysis/plots/distribution_scores_wis-3-ranks.png, id=467, 2710.125pt x 18
06.75pt>
File: ../analysis/plots/distribution_scores_wis-3-ranks.png Graphic file (type 
png)
<use ../analysis/plots/distribution_scores_wis-3-ranks.png>
Package pdftex.def Info: ../analysis/plots/distribution_scores_wis-3-ranks.png 
 used on input line 723.
(pdftex.def)             Requested size: 469.73015pt x 313.15343pt.

Underfull \hbox (badness 10000) in paragraph at lines 723--723
[][]
 []

[53
pdfTeX warning (ext4): destination with the same identifier (name{figure.16}) h
as been already used, duplicate ignored
<argument> ...shipout:D \box_use:N \l_shipout_box 
                                                  \__shipout_drop_firstpage_...
l.725 
       <../analysis/plots/distribution_scores_wis-2-ranks.png>]
<../analysis/plots/distribution_scores_wis-4-ranks.png, id=474, 2710.125pt x 18
06.75pt>
File: ../analysis/plots/distribution_scores_wis-4-ranks.png Graphic file (type 
png)
<use ../analysis/plots/distribution_scores_wis-4-ranks.png>
Package pdftex.def Info: ../analysis/plots/distribution_scores_wis-4-ranks.png 
 used on input line 727.
(pdftex.def)             Requested size: 469.73015pt x 313.15343pt.

Underfull \hbox (badness 10000) in paragraph at lines 727--727
[][]
 []

[54
pdfTeX warning (ext4): destination with the same identifier (name{figure.17}) h
as been already used, duplicate ignored
<argument> ...shipout:D \box_use:N \l_shipout_box 
                                                  \__shipout_drop_firstpage_...
l.729 
       <../analysis/plots/distribution_scores_wis-3-ranks.png>]
<../analysis/plots/difference-wis-crowd-ensemble.png, id=481, 2710.125pt x 1806
.75pt>
File: ../analysis/plots/difference-wis-crowd-ensemble.png Graphic file (type pn
g)
<use ../analysis/plots/difference-wis-crowd-ensemble.png>
Package pdftex.def Info: ../analysis/plots/difference-wis-crowd-ensemble.png  u
sed on input line 731.
(pdftex.def)             Requested size: 469.73015pt x 313.15343pt.

Overfull \hbox (6.77512pt too wide) in paragraph at lines 731--731
[][][]
 []

[55
pdfTeX warning (ext4): destination with the same identifier (name{figure.18}) h
as been already used, duplicate ignored
<argument> ...shipout:D \box_use:N \l_shipout_box 
                                                  \__shipout_drop_firstpage_...
l.733 
       <../analysis/plots/distribution_scores_wis-4-ranks.png>] [56
pdfTeX warning (ext4): destination with the same identifier (name{figure.19}) h
as been already used, duplicate ignored
<argument> ...shipout:D \box_use:N \l_shipout_box 
                                                  \__shipout_drop_firstpage_...
l.734 \DIFaddend \clearpage
                            <../analysis/plots/difference-wis-crowd-ensemble.pn
g>]
<../analysis/plots/aggregate-performance-rel-ensemble-mean-v4.png, id=495, 3011
.25pt x 2740.2375pt>
File: ../analysis/plots/aggregate-performance-rel-ensemble-mean-v4.png Graphic 
file (type png)
<use ../analysis/plots/aggregate-performance-rel-ensemble-mean-v4.png>
Package pdftex.def Info: ../analysis/plots/aggregate-performance-rel-ensemble-m
ean-v4.png  used on input line 743.
(pdftex.def)             Requested size: 469.72556pt x 427.45024pt.

Underfull \hbox (badness 10000) in paragraph at lines 743--743
[][]
 []

[57

]
Overfull \vbox (226.4367pt too high) has occurred while \output is active []


[58
pdfTeX warning (ext4): destination with the same identifier (name{figure.20}) h
as been already used, duplicate ignored
<argument> ...shipout:D \box_use:N \l_shipout_box 
                                                  \__shipout_drop_firstpage_...
l.745 
       <../analysis/plots/aggregate-performance-rel-ensemble-mean-v4.png>]
Underfull \hbox (badness 10000) in paragraph at lines 750--750

 []


Underfull \hbox (badness 10000) in paragraph at lines 808--808

 []


LaTeX Warning: `!h' float specifier changed to `!ht'.


Underfull \hbox (badness 10000) in paragraph at lines 869--869

 []


LaTeX Warning: `!h' float specifier changed to `!ht'.


Underfull \hbox (badness 10000) in paragraph at lines 927--927

 []


LaTeX Warning: `!h' float specifier changed to `!ht'.

[59
pdfTeX warning (ext4): destination with the same identifier (name{table.4}) has
 been already used, duplicate ignored
<argument> ...shipout:D \box_use:N \l_shipout_box 
                                                  \__shipout_drop_firstpage_...
l.984 \clearpage
                ] [60
pdfTeX warning (ext4): destination with the same identifier (name{table.5}) has
 been already used, duplicate ignored
<argument> ...shipout:D \box_use:N \l_shipout_box 
                                                  \__shipout_drop_firstpage_...
l.984 \clearpage
                ] [61
pdfTeX warning (ext4): destination with the same identifier (name{table.6}) has
 been already used, duplicate ignored
<argument> ...shipout:D \box_use:N \l_shipout_box 
                                                  \__shipout_drop_firstpage_...
l.984 \clearpage
                ] [62
pdfTeX warning (ext4): destination with the same identifier (name{table.7}) has
 been already used, duplicate ignored
<argument> ...shipout:D \box_use:N \l_shipout_box 
                                                  \__shipout_drop_firstpage_...
l.984 \clearpage
                ]
<../analysis/plots/aggregate-performance-all-late-period-v4.png, id=532, 3011.2
5pt x 2740.2375pt>
File: ../analysis/plots/aggregate-performance-all-late-period-v4.png Graphic fi
le (type png)
<use ../analysis/plots/aggregate-performance-all-late-period-v4.png>
Package pdftex.def Info: ../analysis/plots/aggregate-performance-all-late-perio
d-v4.png  used on input line 992.
(pdftex.def)             Requested size: 469.72556pt x 427.45024pt.

Underfull \hbox (badness 10000) in paragraph at lines 992--992
[][]
 []

[63

]
Overfull \vbox (27.02023pt too high) has occurred while \output is active []


[64
pdfTeX warning (ext4): destination with the same identifier (name{figure.21}) h
as been already used, duplicate ignored
<argument> ...shipout:D \box_use:N \l_shipout_box 
                                                  \__shipout_drop_firstpage_...
l.994 
       <../analysis/plots/aggregate-performance-all-late-period-v4.png>]
Underfull \hbox (badness 10000) in paragraph at lines 996--996

 []


Underfull \hbox (badness 10000) in paragraph at lines 1042--1042

 []


LaTeX Warning: `!h' float specifier changed to `!ht'.

[65
pdfTeX warning (ext4): destination with the same identifier (name{table.8}) has
 been already used, duplicate ignored
<argument> ...shipout:D \box_use:N \l_shipout_box 
                                                  \__shipout_drop_firstpage_...
l.1087 \clearpage
                 ] [66
pdfTeX warning (ext4): destination with the same identifier (name{table.9}) has
 been already used, duplicate ignored
<argument> ...shipout:D \box_use:N \l_shipout_box 
                                                  \__shipout_drop_firstpage_...
l.1087 \clearpage
                 ] [67

]
<../analysis/plots/number-forecasters.png, id=562, 2106.87125pt x 1504.62125pt>

File: ../analysis/plots/number-forecasters.png Graphic file (type png)
<use ../analysis/plots/number-forecasters.png>
Package pdftex.def Info: ../analysis/plots/number-forecasters.png  used on inpu
t line 1139.
(pdftex.def)             Requested size: 469.74986pt x 335.47168pt.

Underfull \hbox (badness 10000) in paragraph at lines 1139--1139
[][]
 []

[68]
<../analysis/plots/ensemble-members.png, id=567, 2106.87125pt x 1504.62125pt>
File: ../analysis/plots/ensemble-members.png Graphic file (type png)
<use ../analysis/plots/ensemble-members.png>
Package pdftex.def Info: ../analysis/plots/ensemble-members.png  used on input 
line 1143.
(pdftex.def)             Requested size: 469.74986pt x 335.47168pt.

Underfull \hbox (badness 10000) in paragraph at lines 1143--1143
[][]
 []

[69
pdfTeX warning (ext4): destination with the same identifier (name{figure.22}) h
as been already used, duplicate ignored
<argument> ...shipout:D \box_use:N \l_shipout_box 
                                                  \__shipout_drop_firstpage_...
l.1145 
        <../analysis/plots/number-forecasters.png>] [70
pdfTeX warning (ext4): destination with the same identifier (name{figure.23}) h
as been already used, duplicate ignored
<argument> ...shipout:D \box_use:N \l_shipout_box 
                                                  \__shipout_drop_firstpage_...
l.1146 \clearpage
                  <../analysis/plots/ensemble-members.png>]
<../analysis/plots/comparison-forecast-interals.png, id=579, 2710.125pt x 1806.
75pt>
File: ../analysis/plots/comparison-forecast-interals.png Graphic file (type png
)
<use ../analysis/plots/comparison-forecast-interals.png>
Package pdftex.def Info: ../analysis/plots/comparison-forecast-interals.png  us
ed on input line 1152.
(pdftex.def)             Requested size: 469.73015pt x 313.15343pt.

Overfull \hbox (6.77512pt too wide) in paragraph at lines 1152--1152
[][][]
 []


Overfull \hbox (2.22221pt too wide) in paragraph at lines 1157--1160
[] []
 []


Underfull \hbox (badness 10000) in paragraph at lines 1157--1160

 []


Overfull \hbox (2.22221pt too wide) in paragraph at lines 1161--1164
[][] []
 []


Underfull \hbox (badness 10000) in paragraph at lines 1161--1164

 []

[71


pdfTeX warning (ext4): destination with the same identifier (name{figure.24}) h
as been already used, duplicate ignored
<argument> ...shipout:D \box_use:N \l_shipout_box 
                                                  \__shipout_drop_firstpage_...
l.1164 
        <../analysis/plots/comparison-forecast-interals.png>]
Overfull \hbox (2.22221pt too wide) in paragraph at lines 1165--1168
[][] []
 []


Underfull \hbox (badness 10000) in paragraph at lines 1165--1168

 []


Overfull \hbox (2.22221pt too wide) in paragraph at lines 1169--1172
[][] []
 []


Underfull \hbox (badness 10000) in paragraph at lines 1169--1172

 []


Overfull \hbox (2.22221pt too wide) in paragraph at lines 1173--1176
[][] []
 []


Underfull \hbox (badness 10000) in paragraph at lines 1173--1176

 []


Overfull \hbox (2.22221pt too wide) in paragraph at lines 1177--1180
[][] []
 []


Underfull \hbox (badness 10000) in paragraph at lines 1177--1180

 []


Overfull \hbox (2.22221pt too wide) in paragraph at lines 1181--1184
[][] []
 []


Underfull \hbox (badness 10000) in paragraph at lines 1181--1184

 []


Overfull \hbox (2.22221pt too wide) in paragraph at lines 1185--1188
[][] []
 []


Underfull \hbox (badness 10000) in paragraph at lines 1185--1188

 []


Overfull \hbox (2.22221pt too wide) in paragraph at lines 1189--1192
[][] []
 []


Underfull \hbox (badness 10000) in paragraph at lines 1189--1192

 []


Overfull \hbox (2.22221pt too wide) in paragraph at lines 1193--1196
[][] []
 []


Underfull \hbox (badness 10000) in paragraph at lines 1193--1196

 []

[72]
Overfull \hbox (2.22221pt too wide) in paragraph at lines 1197--1200
[][] []
 []


Underfull \hbox (badness 10000) in paragraph at lines 1197--1200

 []


Overfull \hbox (2.22221pt too wide) in paragraph at lines 1201--1204
[][] []
 []


Underfull \hbox (badness 10000) in paragraph at lines 1201--1204

 []


Overfull \hbox (2.22221pt too wide) in paragraph at lines 1205--1208
[][] []
 []


Underfull \hbox (badness 10000) in paragraph at lines 1205--1208

 []


Overfull \hbox (2.22221pt too wide) in paragraph at lines 1209--1212
[][] []
 []


Underfull \hbox (badness 10000) in paragraph at lines 1209--1212

 []


Overfull \hbox (2.22221pt too wide) in paragraph at lines 1213--1216
[][] []
 []


Underfull \hbox (badness 10000) in paragraph at lines 1213--1216

 []


Overfull \hbox (2.22221pt too wide) in paragraph at lines 1217--1220
[][] []
 []


Underfull \hbox (badness 10000) in paragraph at lines 1217--1220

 []


Overfull \hbox (2.22221pt too wide) in paragraph at lines 1221--1224
[][] []
 []


Underfull \hbox (badness 10000) in paragraph at lines 1221--1224

 []

[73]
Overfull \hbox (2.22221pt too wide) in paragraph at lines 1225--1228
[][] []
 []


Underfull \hbox (badness 10000) in paragraph at lines 1225--1228

 []


Overfull \hbox (2.22221pt too wide) in paragraph at lines 1229--1232
[][] []
 []


Underfull \hbox (badness 10000) in paragraph at lines 1229--1232

 []


Overfull \hbox (2.22221pt too wide) in paragraph at lines 1233--1236
[][] []
 []


Underfull \hbox (badness 10000) in paragraph at lines 1233--1236

 []


Overfull \hbox (2.22221pt too wide) in paragraph at lines 1237--1240
[][] []
 []


Underfull \hbox (badness 10000) in paragraph at lines 1237--1240

 []


Overfull \hbox (2.22221pt too wide) in paragraph at lines 1241--1244
[][] []
 []


Underfull \hbox (badness 10000) in paragraph at lines 1241--1244

 []


Overfull \hbox (2.22221pt too wide) in paragraph at lines 1245--1248
[][] []
 []


Underfull \hbox (badness 10000) in paragraph at lines 1245--1248

 []


Overfull \hbox (2.22221pt too wide) in paragraph at lines 1249--1252
[][] []
 []


Underfull \hbox (badness 10000) in paragraph at lines 1249--1252

 []


Overfull \hbox (2.22221pt too wide) in paragraph at lines 1253--1256
[][] []
 []


Underfull \hbox (badness 10000) in paragraph at lines 1253--1256

 []

[74]
Overfull \hbox (2.22221pt too wide) in paragraph at lines 1257--1260
[][] []
 []


Underfull \hbox (badness 10000) in paragraph at lines 1257--1260

 []


Overfull \hbox (2.22221pt too wide) in paragraph at lines 1261--1264
[][] []
 []


Underfull \hbox (badness 10000) in paragraph at lines 1261--1264

 []


Overfull \hbox (2.22221pt too wide) in paragraph at lines 1265--1268
[][] []
 []


Underfull \hbox (badness 10000) in paragraph at lines 1265--1268

 []


Overfull \hbox (2.22221pt too wide) in paragraph at lines 1269--1272
[][] []
 []


Underfull \hbox (badness 10000) in paragraph at lines 1269--1272

 []


Overfull \hbox (2.22221pt too wide) in paragraph at lines 1273--1276
[][] []
 []


Underfull \hbox (badness 10000) in paragraph at lines 1273--1276

 []


Overfull \hbox (2.22221pt too wide) in paragraph at lines 1277--1283
[][] []
 []


Underfull \hbox (badness 10000) in paragraph at lines 1277--1283

 []


Overfull \hbox (2.22221pt too wide) in paragraph at lines 1284--1287
[][] []
 []


Underfull \hbox (badness 10000) in paragraph at lines 1284--1287

 []


Overfull \hbox (2.22221pt too wide) in paragraph at lines 1288--1291
[][] []
 []


Underfull \hbox (badness 10000) in paragraph at lines 1288--1291

 []


Overfull \hbox (2.22221pt too wide) in paragraph at lines 1292--1295
[][] []
 []


Underfull \hbox (badness 10000) in paragraph at lines 1292--1295

 []


Underfull \hbox (badness 1412) in paragraph at lines 1298--1298
[]\T1/lmr/m/n/10 (+20) Forsal.pl. Roz-bienoci w statystykach ko-ron-awirusa. 
22 tys. przy-pad-kw bd dolic-
 []


Underfull \hbox (badness 4608) in paragraph at lines 1298--1298
\T1/lmr/m/n/10 (+20) zone do ogl-nej liczby wynikw [In-ter-net]. 2020 [cited 
2021 May 30]. Avail-able
 []


Overfull \hbox (2.22221pt too wide) in paragraph at lines 1296--1299
[][] []
 []


Underfull \hbox (badness 10000) in paragraph at lines 1296--1299

 []

[75]
Overfull \hbox (2.22221pt too wide) in paragraph at lines 1300--1303
[][] []
 []


Underfull \hbox (badness 10000) in paragraph at lines 1300--1303

 []


Overfull \hbox (2.22221pt too wide) in paragraph at lines 1304--1307
[][] []
 []


Underfull \hbox (badness 10000) in paragraph at lines 1304--1307

 []


Overfull \hbox (2.22221pt too wide) in paragraph at lines 1308--1311
[][] []
 []


Underfull \hbox (badness 10000) in paragraph at lines 1308--1311

 []


Overfull \hbox (2.22221pt too wide) in paragraph at lines 1312--1315
[][] []
 []


Underfull \hbox (badness 10000) in paragraph at lines 1312--1315

 []


Overfull \hbox (2.22221pt too wide) in paragraph at lines 1316--1322
[][] []
 []


Underfull \hbox (badness 10000) in paragraph at lines 1316--1322

 []


Overfull \hbox (2.22221pt too wide) in paragraph at lines 1323--1326
[][] []
 []


Underfull \hbox (badness 10000) in paragraph at lines 1323--1326

 []


Overfull \hbox (2.22221pt too wide) in paragraph at lines 1327--1330
[][] []
 []


Underfull \hbox (badness 10000) in paragraph at lines 1327--1330

 []


Overfull \hbox (2.22221pt too wide) in paragraph at lines 1331--1334
[][] []
 []


Underfull \hbox (badness 10000) in paragraph at lines 1331--1334

 []


Overfull \hbox (2.22221pt too wide) in paragraph at lines 1335--1338
[][] []
 []


Underfull \hbox (badness 10000) in paragraph at lines 1335--1338

 []

[76]
Overfull \hbox (2.22221pt too wide) in paragraph at lines 1339--1342
[][] []
 []


Underfull \hbox (badness 10000) in paragraph at lines 1339--1342

 []


Overfull \hbox (2.22221pt too wide) in paragraph at lines 1343--1346
[][] []
 []


Underfull \hbox (badness 10000) in paragraph at lines 1343--1346

 []


Overfull \hbox (2.22221pt too wide) in paragraph at lines 1347--1353
[][] []
 []


Underfull \hbox (badness 10000) in paragraph at lines 1347--1353

 []


Overfull \hbox (2.22221pt too wide) in paragraph at lines 1354--1357
[][] []
 []


Underfull \hbox (badness 10000) in paragraph at lines 1354--1357

 []


Overfull \hbox (2.22221pt too wide) in paragraph at lines 1358--1364
[][] []
 []


Underfull \hbox (badness 10000) in paragraph at lines 1358--1364

 []


Overfull \hbox (2.22221pt too wide) in paragraph at lines 1365--1368
[][] []
 []


Underfull \hbox (badness 10000) in paragraph at lines 1365--1368

 []


Overfull \hbox (2.22221pt too wide) in paragraph at lines 1369--1372
[][] []
 []


Underfull \hbox (badness 10000) in paragraph at lines 1369--1372

 []


Overfull \hbox (2.22221pt too wide) in paragraph at lines 1373--1376
[][] []
 []


Underfull \hbox (badness 10000) in paragraph at lines 1373--1376

 []


Overfull \hbox (2.22221pt too wide) in paragraph at lines 1377--1383
[][] []
 []


Underfull \hbox (badness 10000) in paragraph at lines 1377--1383

 []

[77]
Overfull \hbox (2.22221pt too wide) in paragraph at lines 1384--1387
[][] []
 []


Underfull \hbox (badness 10000) in paragraph at lines 1384--1387

 []


Overfull \hbox (2.22221pt too wide) in paragraph at lines 1388--1391
[][] []
 []


Underfull \hbox (badness 10000) in paragraph at lines 1388--1391

 []


Overfull \hbox (2.22221pt too wide) in paragraph at lines 1392--1395
[][] []
 []


Underfull \hbox (badness 10000) in paragraph at lines 1392--1395

 []


Overfull \hbox (2.22221pt too wide) in paragraph at lines 1396--1399
[][] []
 []


Underfull \hbox (badness 10000) in paragraph at lines 1396--1399

 []

[78] (./changes.aux)

LaTeX Warning: There were undefined references.


LaTeX Warning: There were multiply-defined labels.

 ) 
Here is how much of TeX's memory you used:
 17615 strings out of 479719
 292651 string characters out of 5880575
 731662 words of memory out of 5000000
 34849 multiletter control sequences out of 15000+600000
 531396 words of font info for 145 fonts, out of 8000000 for 9000
 319 hyphenation exceptions out of 8191
 74i,12n,77p,3933b,467s stack positions out of 10000i,1000n,20000p,200000b,200000s
{/usr/local/texlive/2022basic/texmf-dist/fonts/enc/dvips/lm/lm-mathsy.enc}{/u
sr/local/texlive/2022basic/texmf-dist/fonts/enc/dvips/lm/lm-mathit.enc}{/usr/lo
cal/texlive/2022basic/texmf-dist/fonts/enc/dvips/lm/lm-mathex.enc}{/usr/local/t
exlive/2022basic/texmf-dist/fonts/enc/dvips/lm/lm-rm.enc}{/usr/local/texlive/20
22basic/texmf-dist/fonts/enc/dvips/lm/lm-ec.enc}</usr/local/texlive/2022basic/t
exmf-dist/fonts/type1/public/amsfonts/latxfont/lasy6.pfb></usr/local/texlive/20
22basic/texmf-dist/fonts/type1/public/lm/lmbx10.pfb></usr/local/texlive/2022bas
ic/texmf-dist/fonts/type1/public/lm/lmbx12.pfb></usr/local/texlive/2022basic/te
xmf-dist/fonts/type1/public/lm/lmex10.pfb></usr/local/texlive/2022basic/texmf-d
ist/fonts/type1/public/lm/lmmi10.pfb></usr/local/texlive/2022basic/texmf-dist/f
onts/type1/public/lm/lmmi5.pfb></usr/local/texlive/2022basic/texmf-dist/fonts/t
ype1/public/lm/lmmi7.pfb></usr/local/texlive/2022basic/texmf-dist/fonts/type1/p
ublic/lm/lmr10.pfb></usr/local/texlive/2022basic/texmf-dist/fonts/type1/public/
lm/lmr17.pfb></usr/local/texlive/2022basic/texmf-dist/fonts/type1/public/lm/lmr
7.pfb></usr/local/texlive/2022basic/texmf-dist/fonts/type1/public/lm/lmri10.pfb
></usr/local/texlive/2022basic/texmf-dist/fonts/type1/public/lm/lmss8.pfb></usr
/local/texlive/2022basic/texmf-dist/fonts/type1/public/lm/lmsy10.pfb></usr/loca
l/texlive/2022basic/texmf-dist/fonts/type1/public/lm/lmsy7.pfb></usr/local/texl
ive/2022basic/texmf-dist/fonts/type1/public/lm/lmtt10.pfb>
Output written on changes.pdf (78 pages, 10236452 bytes).
PDF statistics:
 1004 PDF objects out of 1200 (max. 8388607)
 829 compressed objects within 9 object streams
 282 named destinations out of 1000 (max. 500000)
 33213 words of extra memory for PDF output out of 35830 (max. 10000000)

