This is pdfTeX, Version 3.141592653-2.6-1.40.24 (TeX Live 2022) (preloaded format=pdflatex 2022.5.1)  12 MAY 2022 13:41
entering extended mode
 restricted \write18 enabled.
 %&-line parsing enabled.
**manuscript.tex
(./manuscript.tex
LaTeX2e <2021-11-15> patch level 1
L3 programming layer <2022-02-24> (/usr/local/texlive/2022basic/texmf-dist/tex/
latex/base/article.cls
Document Class: article 2021/10/04 v1.4n Standard LaTeX document class
(/usr/local/texlive/2022basic/texmf-dist/tex/latex/base/size10.clo
File: size10.clo 2021/10/04 v1.4n Standard LaTeX file (size option)
)
\c@part=\count185
\c@section=\count186
\c@subsection=\count187
\c@subsubsection=\count188
\c@paragraph=\count189
\c@subparagraph=\count190
\c@figure=\count191
\c@table=\count192
\abovecaptionskip=\skip47
\belowcaptionskip=\skip48
\bibindent=\dimen138
) (/usr/local/texlive/2022basic/texmf-dist/tex/latex/amsmath/amsmath.sty
Package: amsmath 2021/10/15 v2.17l AMS math features
\@mathmargin=\skip49
For additional information on amsmath, use the `?' option.
(/usr/local/texlive/2022basic/texmf-dist/tex/latex/amsmath/amstext.sty
Package: amstext 2021/08/26 v2.01 AMS text
(/usr/local/texlive/2022basic/texmf-dist/tex/latex/amsmath/amsgen.sty
File: amsgen.sty 1999/11/30 v2.0 generic functions
\@emptytoks=\toks16
\ex@=\dimen139
)) (/usr/local/texlive/2022basic/texmf-dist/tex/latex/amsmath/amsbsy.sty
Package: amsbsy 1999/11/29 v1.2d Bold Symbols
\pmbraise@=\dimen140
) (/usr/local/texlive/2022basic/texmf-dist/tex/latex/amsmath/amsopn.sty
Package: amsopn 2021/08/26 v2.02 operator names
)
\inf@bad=\count193
LaTeX Info: Redefining \frac on input line 234.
\uproot@=\count194
\leftroot@=\count195
LaTeX Info: Redefining \overline on input line 399.
\classnum@=\count196
\DOTSCASE@=\count197
LaTeX Info: Redefining \ldots on input line 496.
LaTeX Info: Redefining \dots on input line 499.
LaTeX Info: Redefining \cdots on input line 620.
\Mathstrutbox@=\box50
\strutbox@=\box51
\big@size=\dimen141
LaTeX Font Info:    Redeclaring font encoding OML on input line 743.
LaTeX Font Info:    Redeclaring font encoding OMS on input line 744.
\macc@depth=\count198
\c@MaxMatrixCols=\count199
\dotsspace@=\muskip16
\c@parentequation=\count266
\dspbrk@lvl=\count267
\tag@help=\toks17
\row@=\count268
\column@=\count269
\maxfields@=\count270
\andhelp@=\toks18
\eqnshift@=\dimen142
\alignsep@=\dimen143
\tagshift@=\dimen144
\tagwidth@=\dimen145
\totwidth@=\dimen146
\lineht@=\dimen147
\@envbody=\toks19
\multlinegap=\skip50
\multlinetaggap=\skip51
\mathdisplay@stack=\toks20
LaTeX Info: Redefining \[ on input line 2938.
LaTeX Info: Redefining \] on input line 2939.
) (/usr/local/texlive/2022basic/texmf-dist/tex/latex/amsfonts/amssymb.sty
Package: amssymb 2013/01/14 v3.01 AMS font symbols
(/usr/local/texlive/2022basic/texmf-dist/tex/latex/amsfonts/amsfonts.sty
Package: amsfonts 2013/01/14 v3.01 Basic AMSFonts support
\symAMSa=\mathgroup4
\symAMSb=\mathgroup5
LaTeX Font Info:    Redeclaring math symbol \hbar on input line 98.
LaTeX Font Info:    Overwriting math alphabet `\mathfrak' in version `bold'
(Font)                  U/euf/m/n --> U/euf/b/n on input line 106.
)) (/usr/local/texlive/2022basic/texmf-dist/tex/latex/lm/lmodern.sty
Package: lmodern 2015/05/01 v1.6.1 Latin Modern Fonts
LaTeX Font Info:    Overwriting symbol font `operators' in version `normal'
(Font)                  OT1/cmr/m/n --> OT1/lmr/m/n on input line 22.
LaTeX Font Info:    Overwriting symbol font `letters' in version `normal'
(Font)                  OML/cmm/m/it --> OML/lmm/m/it on input line 23.
LaTeX Font Info:    Overwriting symbol font `symbols' in version `normal'
(Font)                  OMS/cmsy/m/n --> OMS/lmsy/m/n on input line 24.
LaTeX Font Info:    Overwriting symbol font `largesymbols' in version `normal'
(Font)                  OMX/cmex/m/n --> OMX/lmex/m/n on input line 25.
LaTeX Font Info:    Overwriting symbol font `operators' in version `bold'
(Font)                  OT1/cmr/bx/n --> OT1/lmr/bx/n on input line 26.
LaTeX Font Info:    Overwriting symbol font `letters' in version `bold'
(Font)                  OML/cmm/b/it --> OML/lmm/b/it on input line 27.
LaTeX Font Info:    Overwriting symbol font `symbols' in version `bold'
(Font)                  OMS/cmsy/b/n --> OMS/lmsy/b/n on input line 28.
LaTeX Font Info:    Overwriting symbol font `largesymbols' in version `bold'
(Font)                  OMX/cmex/m/n --> OMX/lmex/m/n on input line 29.
LaTeX Font Info:    Overwriting math alphabet `\mathbf' in version `normal'
(Font)                  OT1/cmr/bx/n --> OT1/lmr/bx/n on input line 31.
LaTeX Font Info:    Overwriting math alphabet `\mathsf' in version `normal'
(Font)                  OT1/cmss/m/n --> OT1/lmss/m/n on input line 32.
LaTeX Font Info:    Overwriting math alphabet `\mathit' in version `normal'
(Font)                  OT1/cmr/m/it --> OT1/lmr/m/it on input line 33.
LaTeX Font Info:    Overwriting math alphabet `\mathtt' in version `normal'
(Font)                  OT1/cmtt/m/n --> OT1/lmtt/m/n on input line 34.
LaTeX Font Info:    Overwriting math alphabet `\mathbf' in version `bold'
(Font)                  OT1/cmr/bx/n --> OT1/lmr/bx/n on input line 35.
LaTeX Font Info:    Overwriting math alphabet `\mathsf' in version `bold'
(Font)                  OT1/cmss/bx/n --> OT1/lmss/bx/n on input line 36.
LaTeX Font Info:    Overwriting math alphabet `\mathit' in version `bold'
(Font)                  OT1/cmr/bx/it --> OT1/lmr/bx/it on input line 37.
LaTeX Font Info:    Overwriting math alphabet `\mathtt' in version `bold'
(Font)                  OT1/cmtt/m/n --> OT1/lmtt/m/n on input line 38.
) (/usr/local/texlive/2022basic/texmf-dist/tex/latex/setspace/setspace.sty
Package: setspace 2011/12/19 v6.7a set line spacing
) (/usr/local/texlive/2022basic/texmf-dist/tex/generic/iftex/iftex.sty
Package: iftex 2022/02/03 v1.0f TeX engine tests
) (/usr/local/texlive/2022basic/texmf-dist/tex/latex/base/fontenc.sty
Package: fontenc 2021/04/29 v2.0v Standard LaTeX package
LaTeX Font Info:    Trying to load font information for T1+lmr on input line 11
2.
(/usr/local/texlive/2022basic/texmf-dist/tex/latex/lm/t1lmr.fd
File: t1lmr.fd 2015/05/01 v1.6.1 Font defs for Latin Modern
)) (/usr/local/texlive/2022basic/texmf-dist/tex/latex/base/inputenc.sty
Package: inputenc 2021/02/14 v1.3d Input encoding file
\inpenc@prehook=\toks21
\inpenc@posthook=\toks22
) (/usr/local/texlive/2022basic/texmf-dist/tex/latex/base/textcomp.sty
Package: textcomp 2020/02/02 v2.0n Standard LaTeX package
) (/usr/local/texlive/2022basic/texmf-dist/tex/latex/upquote/upquote.sty
Package: upquote 2012/04/19 v1.3 upright-quote and grave-accent glyphs in verba
tim
) (/usr/local/texlive/2022basic/texmf-dist/tex/latex/microtype/microtype.sty
Package: microtype 2022/02/22 v3.0c Micro-typographical refinements (RS)
(/usr/local/texlive/2022basic/texmf-dist/tex/latex/graphics/keyval.sty
Package: keyval 2014/10/28 v1.15 key=value parser (DPC)
\KV@toks@=\toks23
) (/usr/local/texlive/2022basic/texmf-dist/tex/latex/etoolbox/etoolbox.sty
Package: etoolbox 2020/10/05 v2.5k e-TeX tools for LaTeX (JAW)
\etb@tempcnta=\count271
)
\MT@toks=\toks24
\MT@tempbox=\box52
\MT@count=\count272
LaTeX Info: Redefining \noprotrusionifhmode on input line 1027.
LaTeX Info: Redefining \leftprotrusion on input line 1028.
LaTeX Info: Redefining \rightprotrusion on input line 1036.
LaTeX Info: Redefining \textls on input line 1200.
\MT@outer@kern=\dimen148
LaTeX Info: Redefining \textmicrotypecontext on input line 1786.
\MT@listname@count=\count273

(/usr/local/texlive/2022basic/texmf-dist/tex/latex/microtype/microtype-pdftex.d
ef
File: microtype-pdftex.def 2022/02/22 v3.0c Definitions specific to pdftex (RS)

LaTeX Info: Redefining \lsstyle on input line 897.
LaTeX Info: Redefining \lslig on input line 897.
\MT@outer@space=\skip52
)
Package microtype Info: Loading configuration file microtype.cfg.
(/usr/local/texlive/2022basic/texmf-dist/tex/latex/microtype/microtype.cfg
File: microtype.cfg 2022/02/22 v3.0c microtype main configuration file (RS)
)) (/usr/local/texlive/2022basic/texmf-dist/tex/latex/parskip/parskip.sty
Package: parskip 2021-03-14 v2.0h non-zero parskip adjustments
(/usr/local/texlive/2022basic/texmf-dist/tex/latex/kvoptions/kvoptions.sty
Package: kvoptions 2020-10-07 v3.14 Key value format for package options (HO)
(/usr/local/texlive/2022basic/texmf-dist/tex/generic/ltxcmds/ltxcmds.sty
Package: ltxcmds 2020-05-10 v1.25 LaTeX kernel commands for general use (HO)
) (/usr/local/texlive/2022basic/texmf-dist/tex/generic/kvsetkeys/kvsetkeys.sty
Package: kvsetkeys 2019/12/15 v1.18 Key value parser (HO)
))) (/usr/local/texlive/2022basic/texmf-dist/tex/latex/xcolor/xcolor.sty
Package: xcolor 2021/10/31 v2.13 LaTeX color extensions (UK)
(/usr/local/texlive/2022basic/texmf-dist/tex/latex/graphics-cfg/color.cfg
File: color.cfg 2016/01/02 v1.6 sample color configuration
)
Package xcolor Info: Driver file: pdftex.def on input line 227.
(/usr/local/texlive/2022basic/texmf-dist/tex/latex/graphics-def/pdftex.def
File: pdftex.def 2020/10/05 v1.2a Graphics/color driver for pdftex
)
Package xcolor Info: Model `cmy' substituted by `cmy0' on input line 1352.
Package xcolor Info: Model `hsb' substituted by `rgb' on input line 1356.
Package xcolor Info: Model `RGB' extended on input line 1368.
Package xcolor Info: Model `HTML' substituted by `rgb' on input line 1370.
Package xcolor Info: Model `Hsb' substituted by `hsb' on input line 1371.
Package xcolor Info: Model `tHsb' substituted by `hsb' on input line 1372.
Package xcolor Info: Model `HSB' substituted by `hsb' on input line 1373.
Package xcolor Info: Model `Gray' substituted by `gray' on input line 1374.
Package xcolor Info: Model `wave' substituted by `hsb' on input line 1375.
) (/usr/local/texlive/2022basic/texmf-dist/tex/latex/bookmark/bookmark.sty
Package: bookmark 2020-11-06 v1.29 PDF bookmarks (HO)
(/usr/local/texlive/2022basic/texmf-dist/tex/latex/hyperref/hyperref.sty
Package: hyperref 2022-02-21 v7.00n Hypertext links for LaTeX
(/usr/local/texlive/2022basic/texmf-dist/tex/generic/pdftexcmds/pdftexcmds.sty
Package: pdftexcmds 2020-06-27 v0.33 Utility functions of pdfTeX for LuaTeX (HO
)
(/usr/local/texlive/2022basic/texmf-dist/tex/generic/infwarerr/infwarerr.sty
Package: infwarerr 2019/12/03 v1.5 Providing info/warning/error messages (HO)
)
Package pdftexcmds Info: \pdf@primitive is available.
Package pdftexcmds Info: \pdf@ifprimitive is available.
Package pdftexcmds Info: \pdfdraftmode found.
)
(/usr/local/texlive/2022basic/texmf-dist/tex/generic/kvdefinekeys/kvdefinekeys.
sty
Package: kvdefinekeys 2019-12-19 v1.6 Define keys (HO)
) (/usr/local/texlive/2022basic/texmf-dist/tex/generic/pdfescape/pdfescape.sty
Package: pdfescape 2019/12/09 v1.15 Implements pdfTeX's escape features (HO)
) (/usr/local/texlive/2022basic/texmf-dist/tex/latex/hycolor/hycolor.sty
Package: hycolor 2020-01-27 v1.10 Color options for hyperref/bookmark (HO)
) (/usr/local/texlive/2022basic/texmf-dist/tex/latex/letltxmacro/letltxmacro.st
y
Package: letltxmacro 2019/12/03 v1.6 Let assignment for LaTeX macros (HO)
) (/usr/local/texlive/2022basic/texmf-dist/tex/latex/auxhook/auxhook.sty
Package: auxhook 2019-12-17 v1.6 Hooks for auxiliary files (HO)
)
\@linkdim=\dimen149
\Hy@linkcounter=\count274
\Hy@pagecounter=\count275
(/usr/local/texlive/2022basic/texmf-dist/tex/latex/hyperref/pd1enc.def
File: pd1enc.def 2022-02-21 v7.00n Hyperref: PDFDocEncoding definition (HO)
Now handling font encoding PD1 ...
... no UTF-8 mapping file for font encoding PD1
) (/usr/local/texlive/2022basic/texmf-dist/tex/generic/intcalc/intcalc.sty
Package: intcalc 2019/12/15 v1.3 Expandable calculations with integers (HO)
) (/usr/local/texlive/2022basic/texmf-dist/tex/generic/etexcmds/etexcmds.sty
Package: etexcmds 2019/12/15 v1.7 Avoid name clashes with e-TeX commands (HO)
)
\Hy@SavedSpaceFactor=\count276
(/usr/local/texlive/2022basic/texmf-dist/tex/latex/hyperref/puenc.def
File: puenc.def 2022-02-21 v7.00n Hyperref: PDF Unicode definition (HO)
Now handling font encoding PU ...
... no UTF-8 mapping file for font encoding PU
)
Package hyperref Info: Option `unicode' set `true' on input line 4018.
Package hyperref Info: Hyper figures OFF on input line 4137.
Package hyperref Info: Link nesting OFF on input line 4142.
Package hyperref Info: Hyper index ON on input line 4145.
Package hyperref Info: Plain pages OFF on input line 4152.
Package hyperref Info: Backreferencing OFF on input line 4157.
Package hyperref Info: Implicit mode ON; LaTeX internals redefined.
Package hyperref Info: Bookmarks ON on input line 4390.
\c@Hy@tempcnt=\count277
(/usr/local/texlive/2022basic/texmf-dist/tex/latex/url/url.sty
\Urlmuskip=\muskip17
Package: url 2013/09/16  ver 3.4  Verb mode for urls, etc.
)
LaTeX Info: Redefining \url on input line 4749.
\XeTeXLinkMargin=\dimen150
(/usr/local/texlive/2022basic/texmf-dist/tex/generic/bitset/bitset.sty
Package: bitset 2019/12/09 v1.3 Handle bit-vector datatype (HO)
(/usr/local/texlive/2022basic/texmf-dist/tex/generic/bigintcalc/bigintcalc.sty
Package: bigintcalc 2019/12/15 v1.5 Expandable calculations on big integers (HO
)
))
\Fld@menulength=\count278
\Field@Width=\dimen151
\Fld@charsize=\dimen152
Package hyperref Info: Hyper figures OFF on input line 6027.
Package hyperref Info: Link nesting OFF on input line 6032.
Package hyperref Info: Hyper index ON on input line 6035.
Package hyperref Info: backreferencing OFF on input line 6042.
Package hyperref Info: Link coloring OFF on input line 6047.
Package hyperref Info: Link coloring with OCG OFF on input line 6052.
Package hyperref Info: PDF/A mode OFF on input line 6057.
LaTeX Info: Redefining \ref on input line 6097.
LaTeX Info: Redefining \pageref on input line 6101.
(/usr/local/texlive/2022basic/texmf-dist/tex/latex/base/atbegshi-ltx.sty
Package: atbegshi-ltx 2021/01/10 v1.0c Emulation of the original atbegshi
package with kernel methods
)
\Hy@abspage=\count279
\c@Item=\count280
\c@Hfootnote=\count281
)
Package hyperref Info: Driver (autodetected): hpdftex.
(/usr/local/texlive/2022basic/texmf-dist/tex/latex/hyperref/hpdftex.def
File: hpdftex.def 2022-02-21 v7.00n Hyperref driver for pdfTeX
(/usr/local/texlive/2022basic/texmf-dist/tex/latex/base/atveryend-ltx.sty
Package: atveryend-ltx 2020/08/19 v1.0a Emulation of the original atveryend pac
kage
with kernel methods
)
\Fld@listcount=\count282
\c@bookmark@seq@number=\count283

(/usr/local/texlive/2022basic/texmf-dist/tex/latex/rerunfilecheck/rerunfilechec
k.sty
Package: rerunfilecheck 2019/12/05 v1.9 Rerun checks for auxiliary files (HO)

(/usr/local/texlive/2022basic/texmf-dist/tex/generic/uniquecounter/uniquecounte
r.sty
Package: uniquecounter 2019/12/15 v1.4 Provide unlimited unique counter (HO)
)
Package uniquecounter Info: New unique counter `rerunfilecheck' on input line 2
86.
)
\Hy@SectionHShift=\skip53
) (/usr/local/texlive/2022basic/texmf-dist/tex/latex/bookmark/bkm-pdftex.def
File: bkm-pdftex.def 2020-11-06 v1.29 bookmark driver for pdfTeX (HO)
\BKM@id=\count284
)) (/usr/local/texlive/2022basic/texmf-dist/tex/latex/geometry/geometry.sty
Package: geometry 2020/01/02 v5.9 Page Geometry
(/usr/local/texlive/2022basic/texmf-dist/tex/generic/iftex/ifvtex.sty
Package: ifvtex 2019/10/25 v1.7 ifvtex legacy package. Use iftex instead.
)
\Gm@cnth=\count285
\Gm@cntv=\count286
\c@Gm@tempcnt=\count287
\Gm@bindingoffset=\dimen153
\Gm@wd@mp=\dimen154
\Gm@odd@mp=\dimen155
\Gm@even@mp=\dimen156
\Gm@layoutwidth=\dimen157
\Gm@layoutheight=\dimen158
\Gm@layouthoffset=\dimen159
\Gm@layoutvoffset=\dimen160
\Gm@dimlist=\toks25
) (/usr/local/texlive/2022basic/texmf-dist/tex/latex/tools/longtable.sty
Package: longtable 2021-09-01 v4.17 Multi-page Table package (DPC)
\LTleft=\skip54
\LTright=\skip55
\LTpre=\skip56
\LTpost=\skip57
\LTchunksize=\count288
\LTcapwidth=\dimen161
\LT@head=\box53
\LT@firsthead=\box54
\LT@foot=\box55
\LT@lastfoot=\box56
\LT@gbox=\box57
\LT@cols=\count289
\LT@rows=\count290
\c@LT@tables=\count291
\c@LT@chunks=\count292
\LT@p@ftn=\toks26
) (/usr/local/texlive/2022basic/texmf-dist/tex/latex/booktabs/booktabs.sty
Package: booktabs 2020/01/12 v1.61803398 Publication quality tables
\heavyrulewidth=\dimen162
\lightrulewidth=\dimen163
\cmidrulewidth=\dimen164
\belowrulesep=\dimen165
\belowbottomsep=\dimen166
\aboverulesep=\dimen167
\abovetopsep=\dimen168
\cmidrulesep=\dimen169
\cmidrulekern=\dimen170
\defaultaddspace=\dimen171
\@cmidla=\count293
\@cmidlb=\count294
\@aboverulesep=\dimen172
\@belowrulesep=\dimen173
\@thisruleclass=\count295
\@lastruleclass=\count296
\@thisrulewidth=\dimen174
) (/usr/local/texlive/2022basic/texmf-dist/tex/latex/tools/array.sty
Package: array 2021/10/04 v2.5f Tabular extension package (FMi)
\col@sep=\dimen175
\ar@mcellbox=\box58
\extrarowheight=\dimen176
\NC@list=\toks27
\extratabsurround=\skip58
\backup@length=\skip59
\ar@cellbox=\box59
) (/usr/local/texlive/2022basic/texmf-dist/tex/latex/tools/calc.sty
Package: calc 2017/05/25 v4.3 Infix arithmetic (KKT,FJ)
\calc@Acount=\count297
\calc@Bcount=\count298
\calc@Adimen=\dimen177
\calc@Bdimen=\dimen178
\calc@Askip=\skip60
\calc@Bskip=\skip61
LaTeX Info: Redefining \setlength on input line 80.
LaTeX Info: Redefining \addtolength on input line 81.
\calc@Ccount=\count299
\calc@Cskip=\skip62
)
(/usr/local/texlive/2022basic/texmf-dist/tex/latex/footnotehyper/footnotehyper.
sty
Package: footnotehyper 2021/08/13 v1.1e hyperref aware footnote.sty (JFB)
\FNH@notes=\box60
\FNH@width=\dimen179
\FNH@toks=\toks28
) (/usr/local/texlive/2022basic/texmf-dist/tex/latex/graphics/graphicx.sty
Package: graphicx 2021/09/16 v1.2d Enhanced LaTeX Graphics (DPC,SPQR)
(/usr/local/texlive/2022basic/texmf-dist/tex/latex/graphics/graphics.sty
Package: graphics 2021/03/04 v1.4d Standard LaTeX Graphics (DPC,SPQR)
(/usr/local/texlive/2022basic/texmf-dist/tex/latex/graphics/trig.sty
Package: trig 2021/08/11 v1.11 sin cos tan (DPC)
) (/usr/local/texlive/2022basic/texmf-dist/tex/latex/graphics-cfg/graphics.cfg
File: graphics.cfg 2016/06/04 v1.11 sample graphics configuration
)
Package graphics Info: Driver file: pdftex.def on input line 107.
)
\Gin@req@height=\dimen180
\Gin@req@width=\dimen181
)
\cslhangindent=\skip63
\csllabelwidth=\skip64
\cslentryspacingunit=\skip65
(/usr/local/texlive/2022basic/texmf-dist/tex/latex/lineno/lineno.sty
Package: lineno 2005/11/02 line numbers on paragraphs v4.41
\linenopenalty=\count300
\output=\toks29
\linenoprevgraf=\count301
\linenumbersep=\dimen182
\linenumberwidth=\dimen183
\c@linenumber=\count302
\c@pagewiselinenumber=\count303
\c@LN@truepage=\count304
\c@internallinenumber=\count305
\c@internallinenumbers=\count306
\quotelinenumbersep=\dimen184
\bframerule=\dimen185
\bframesep=\dimen186
\bframebox=\box61
LaTeX Info: Redefining \\ on input line 3056.
) (/usr/local/texlive/2022basic/texmf-dist/tex/latex/float/float.sty
Package: float 2001/11/08 v1.3d Float enhancements (AL)
\c@float@type=\count307
\float@exts=\toks30
\float@box=\box62
\@float@everytoks=\toks31
\@floatcapt=\box63
) (/usr/local/texlive/2022basic/texmf-dist/tex/latex/multirow/multirow.sty
Package: multirow 2021/03/15 v2.8 Span multiple rows of a table
\multirow@colwidth=\skip66
\multirow@cntb=\count308
\multirow@dima=\skip67
\bigstrutjot=\dimen187
) (/usr/local/texlive/2022basic/texmf-dist/tex/latex/wrapfig/wrapfig.sty
\wrapoverhang=\dimen188
\WF@size=\dimen189
\c@WF@wrappedlines=\count309
\WF@box=\box64
\WF@everypar=\toks32
Package: wrapfig 2003/01/31  v 3.6
) (/usr/local/texlive/2022basic/texmf-dist/tex/latex/colortbl/colortbl.sty
Package: colortbl 2020/01/04 v1.0e Color table columns (DPC)
\everycr=\toks33
\minrowclearance=\skip68
) (/usr/local/texlive/2022basic/texmf-dist/tex/latex/pdflscape/pdflscape.sty
Package: pdflscape 2019/12/05 v0.12 Display of landscape pages in PDF (HO)
(/usr/local/texlive/2022basic/texmf-dist/tex/latex/graphics/lscape.sty
Package: lscape 2020/05/28 v3.02 Landscape Pages (DPC)
)
Package pdflscape Info: Auto-detected driver: pdftex on input line 81.
) (/usr/local/texlive/2022basic/texmf-dist/tex/latex/tabu/tabu.sty
Package: tabu 2019/01/11 v2.9 - flexible LaTeX tabulars (FC+tabu-fixed)
(/usr/local/texlive/2022basic/texmf-dist/tex/latex/varwidth/varwidth.sty
Package: varwidth 2009/03/30 ver 0.92;  Variable-width minipages
\@vwid@box=\box65
\sift@deathcycles=\count310
\@vwid@loff=\dimen190
\@vwid@roff=\dimen191
)
\c@taburow=\count311
\tabu@nbcols=\count312
\tabu@cnt=\count313
\tabu@Xcol=\count314
\tabu@alloc=\count315
\tabu@nested=\count316
\tabu@target=\dimen192
\tabu@spreadtarget=\dimen193
\tabu@naturalX=\dimen194
\tabucolX=\dimen195
\tabu@Xsum=\dimen196
\extrarowdepth=\dimen197
\abovetabulinesep=\dimen198
\belowtabulinesep=\dimen199
\tabustrutrule=\dimen256
\tabu@thebody=\toks34
\tabu@footnotes=\toks35
\tabu@box=\box66
\tabu@arstrutbox=\box67
\tabu@hleads=\box68
\tabu@vleads=\box69
\tabu@cellskip=\skip69
)
(/usr/local/texlive/2022basic/texmf-dist/tex/latex/threeparttable/threeparttabl
e.sty
Package: threeparttable 2003/06/13  v 3.0
\@tempboxb=\box70
)
(/usr/local/texlive/2022basic/texmf-dist/tex/latex/threeparttablex/threeparttab
lex.sty
Package: threeparttablex 2013/07/23 v0.3 by daleif
(/usr/local/texlive/2022basic/texmf-dist/tex/latex/environ/environ.sty
Package: environ 2014/05/04 v0.3 A new way to define environments
(/usr/local/texlive/2022basic/texmf-dist/tex/latex/trimspaces/trimspaces.sty
Package: trimspaces 2009/09/17 v1.1 Trim spaces around a token list
))
\TPTL@width=\skip70
) (/usr/local/texlive/2022basic/texmf-dist/tex/generic/ulem/ulem.sty
\UL@box=\box71
\UL@hyphenbox=\box72
\UL@skip=\skip71
\UL@hook=\toks36
\UL@height=\dimen257
\UL@pe=\count317
\UL@pixel=\dimen258
\ULC@box=\box73
Package: ulem 2019/11/18
\ULdepth=\dimen259
) (/usr/local/texlive/2022basic/texmf-dist/tex/latex/makecell/makecell.sty
Package: makecell 2009/08/03 V0.1e Managing of Tab Column Heads and Cells
\rotheadsize=\dimen260
\c@nlinenum=\count318
\TeXr@lab=\toks37
)
(/usr/local/texlive/2022basic/texmf-dist/tex/latex/l3backend/l3backend-pdftex.d
ef
File: l3backend-pdftex.def 2022-02-07 L3 backend support: PDF output (pdfTeX)
\l__color_backend_stack_int=\count319
\l__pdf_internal_box=\box74
) (./manuscript.aux

LaTeX Warning: Label `tab:scoring-metrics' multiply defined.


LaTeX Warning: Label `tab:table-ensemble-versions' multiply defined.

)
\openout1 = `manuscript.aux'.

LaTeX Font Info:    Checking defaults for OML/cmm/m/it on input line 120.
LaTeX Font Info:    ... okay on input line 120.
LaTeX Font Info:    Checking defaults for OMS/cmsy/m/n on input line 120.
LaTeX Font Info:    ... okay on input line 120.
LaTeX Font Info:    Checking defaults for OT1/cmr/m/n on input line 120.
LaTeX Font Info:    ... okay on input line 120.
LaTeX Font Info:    Checking defaults for T1/cmr/m/n on input line 120.
LaTeX Font Info:    ... okay on input line 120.
LaTeX Font Info:    Checking defaults for TS1/cmr/m/n on input line 120.
LaTeX Font Info:    ... okay on input line 120.
LaTeX Font Info:    Checking defaults for OMX/cmex/m/n on input line 120.
LaTeX Font Info:    ... okay on input line 120.
LaTeX Font Info:    Checking defaults for U/cmr/m/n on input line 120.
LaTeX Font Info:    ... okay on input line 120.
LaTeX Font Info:    Checking defaults for PD1/pdf/m/n on input line 120.
LaTeX Font Info:    ... okay on input line 120.
LaTeX Font Info:    Checking defaults for PU/pdf/m/n on input line 120.
LaTeX Font Info:    ... okay on input line 120.
LaTeX Info: Redefining \microtypecontext on input line 120.
Package microtype Info: Applying patch `item' on input line 120.
Package microtype Info: Applying patch `toc' on input line 120.
Package microtype Info: Applying patch `eqnum' on input line 120.
Package microtype Info: Applying patch `footnote' on input line 120.
Package microtype Info: Generating PDF output.
Package microtype Info: Character protrusion enabled (level 2).
Package microtype Info: Using protrusion set `basicmath'.
Package microtype Info: Automatic font expansion enabled (level 2),
(microtype)             stretch: 20, shrink: 20, step: 1, non-selected.
Package microtype Info: Using default expansion set `alltext-nott'.
LaTeX Info: Redefining \showhyphens on input line 120.
Package microtype Info: No adjustment of tracking.
Package microtype Info: No adjustment of interword spacing.
Package microtype Info: No adjustment of character kerning.
(/usr/local/texlive/2022basic/texmf-dist/tex/latex/microtype/mt-cmr.cfg
File: mt-cmr.cfg 2013/05/19 v2.2 microtype config. file: Computer Modern Roman 
(RS)
) (/usr/local/texlive/2022basic/texmf-dist/tex/context/base/mkii/supp-pdf.mkii
[Loading MPS to PDF converter (version 2006.09.02).]
\scratchcounter=\count320
\scratchdimen=\dimen261
\scratchbox=\box75
\nofMPsegments=\count321
\nofMParguments=\count322
\everyMPshowfont=\toks38
\MPscratchCnt=\count323
\MPscratchDim=\dimen262
\MPnumerator=\count324
\makeMPintoPDFobject=\count325
\everyMPtoPDFconversion=\toks39
)
(/usr/local/texlive/2022basic/texmf-dist/tex/latex/epstopdf-pkg/epstopdf-base.s
ty
Package: epstopdf-base 2020-01-24 v2.11 Base part for package epstopdf
Package epstopdf-base Info: Redefining graphics rule for `.eps' on input line 4
85.

(/usr/local/texlive/2022basic/texmf-dist/tex/latex/latexconfig/epstopdf-sys.cfg
File: epstopdf-sys.cfg 2010/07/13 v1.3 Configuration of (r)epstopdf for TeX Liv
e
))
Package hyperref Info: Link coloring OFF on input line 120.
(/usr/local/texlive/2022basic/texmf-dist/tex/latex/hyperref/nameref.sty
Package: nameref 2021-04-02 v2.47 Cross-referencing by name of section
(/usr/local/texlive/2022basic/texmf-dist/tex/latex/refcount/refcount.sty
Package: refcount 2019/12/15 v3.6 Data extraction from label references (HO)
)
(/usr/local/texlive/2022basic/texmf-dist/tex/generic/gettitlestring/gettitlestr
ing.sty
Package: gettitlestring 2019/12/15 v1.6 Cleanup title references (HO)
)
\c@section@level=\count326
)
LaTeX Info: Redefining \ref on input line 120.
LaTeX Info: Redefining \pageref on input line 120.
LaTeX Info: Redefining \nameref on input line 120.
*geometry* driver: auto-detecting
*geometry* detected driver: pdftex
*geometry* verbose mode - [ preamble ] result:
* driver: pdftex
* paper: <default>
* layout: <same size as paper>
* layoutoffset:(h,v)=(0.0pt,0.0pt)
* modes: 
* h-part:(L,W,R)=(72.26999pt, 469.75502pt, 72.26999pt)
* v-part:(T,H,B)=(72.26999pt, 650.43001pt, 72.26999pt)
* \paperwidth=614.295pt
* \paperheight=794.96999pt
* \textwidth=469.75502pt
* \textheight=650.43001pt
* \oddsidemargin=0.0pt
* \evensidemargin=0.0pt
* \topmargin=-37.0pt
* \headheight=12.0pt
* \headsep=25.0pt
* \topskip=10.0pt
* \footskip=30.0pt
* \marginparwidth=65.0pt
* \marginparsep=11.0pt
* \columnsep=10.0pt
* \skip\footins=9.0pt plus 4.0pt minus 2.0pt
* \hoffset=0.0pt
* \voffset=0.0pt
* \mag=1000
* \@twocolumnfalse
* \@twosidefalse
* \@mparswitchfalse
* \@reversemarginfalse
* (1in=72.27pt=25.4mm, 1cm=28.453pt)

LaTeX Font Info:    Trying to load font information for T1+lmss on input line 1
22.
(/usr/local/texlive/2022basic/texmf-dist/tex/latex/lm/t1lmss.fd
File: t1lmss.fd 2015/05/01 v1.6.1 Font defs for Latin Modern
)
LaTeX Font Info:    Trying to load font information for OT1+lmr on input line 1
22.
(/usr/local/texlive/2022basic/texmf-dist/tex/latex/lm/ot1lmr.fd
File: ot1lmr.fd 2015/05/01 v1.6.1 Font defs for Latin Modern
)
LaTeX Font Info:    Trying to load font information for OML+lmm on input line 1
22.
(/usr/local/texlive/2022basic/texmf-dist/tex/latex/lm/omllmm.fd
File: omllmm.fd 2015/05/01 v1.6.1 Font defs for Latin Modern
)
LaTeX Font Info:    Trying to load font information for OMS+lmsy on input line 
122.
(/usr/local/texlive/2022basic/texmf-dist/tex/latex/lm/omslmsy.fd
File: omslmsy.fd 2015/05/01 v1.6.1 Font defs for Latin Modern
)
LaTeX Font Info:    Trying to load font information for OMX+lmex on input line 
122.
(/usr/local/texlive/2022basic/texmf-dist/tex/latex/lm/omxlmex.fd
File: omxlmex.fd 2015/05/01 v1.6.1 Font defs for Latin Modern
)
LaTeX Font Info:    External font `lmex10' loaded for size
(Font)              <12> on input line 122.
LaTeX Font Info:    External font `lmex10' loaded for size
(Font)              <8> on input line 122.
LaTeX Font Info:    External font `lmex10' loaded for size
(Font)              <6> on input line 122.
LaTeX Font Info:    Trying to load font information for U+msa on input line 122
.
(/usr/local/texlive/2022basic/texmf-dist/tex/latex/amsfonts/umsa.fd
File: umsa.fd 2013/01/14 v3.01 AMS symbols A
) (/usr/local/texlive/2022basic/texmf-dist/tex/latex/microtype/mt-msa.cfg
File: mt-msa.cfg 2006/02/04 v1.1 microtype config. file: AMS symbols (a) (RS)
)
LaTeX Font Info:    Trying to load font information for U+msb on input line 122
.
(/usr/local/texlive/2022basic/texmf-dist/tex/latex/amsfonts/umsb.fd
File: umsb.fd 2013/01/14 v3.01 AMS symbols B
) (/usr/local/texlive/2022basic/texmf-dist/tex/latex/microtype/mt-msb.cfg
File: mt-msb.cfg 2005/06/01 v1.0 microtype config. file: AMS symbols (b) (RS)
) [1

{/usr/local/texlive/2022basic/texmf-var/fonts/map/pdftex/updmap/pdftex.map}] [2
] [3]
LaTeX Font Info:    Trying to load font information for T1+lmtt on input line 1
55.
(/usr/local/texlive/2022basic/texmf-dist/tex/latex/lm/t1lmtt.fd
File: t1lmtt.fd 2015/05/01 v1.6.1 Font defs for Latin Modern
) [4]
LaTeX Font Info:    External font `lmex10' loaded for size
(Font)              <10> on input line 160.
LaTeX Font Info:    External font `lmex10' loaded for size
(Font)              <7> on input line 160.
LaTeX Font Info:    External font `lmex10' loaded for size
(Font)              <5> on input line 160.
[5] [6] [7] [8]
<../analysis/plots/aggregate-performance-all-v4.png, id=79, 3011.25pt x 2740.23
75pt>
File: ../analysis/plots/aggregate-performance-all-v4.png Graphic file (type png
)
<use ../analysis/plots/aggregate-performance-all-v4.png>
Package pdftex.def Info: ../analysis/plots/aggregate-performance-all-v4.png  us
ed on input line 204.
(pdftex.def)             Requested size: 469.72556pt x 427.45024pt.

Underfull \hbox (badness 10000) in paragraph at lines 204--204
[][]
 []

[9]
Overfull \vbox (5.52023pt too high) has occurred while \output is active []

[10
pdfTeX warning (ext4): destination with the same identifier (name{figure.1}) ha
s been already used, duplicate ignored
<argument> ...shipout:D \box_use:N \l_shipout_box 
                                                  \__shipout_drop_firstpage_...
l.206 
       <../analysis/plots/aggregate-performance-all-v4.png>]
<../analysis/plots/figure-forecasts-2.png, id=97, 3011.25pt x 3312.375pt>
File: ../analysis/plots/figure-forecasts-2.png Graphic file (type png)
<use ../analysis/plots/figure-forecasts-2.png>
Package pdftex.def Info: ../analysis/plots/figure-forecasts-2.png  used on inpu
t line 208.
(pdftex.def)             Requested size: 469.72556pt x 516.6981pt.

Underfull \hbox (badness 10000) in paragraph at lines 208--208
[][]
 []

[11
pdfTeX warning (ext4): destination with the same identifier (name{figure.2}) ha
s been already used, duplicate ignored
<argument> ...shipout:D \box_use:N \l_shipout_box 
                                                  \__shipout_drop_firstpage_...
l.212 ...on{Case Forecasts}\label{case-forecasts}}
                                                   <../analysis/plots/figure-fo
recasts-2.png>] [12] [13] [14]
<../analysis/plots/distribution_scores_wis-2.png, id=165, 2710.125pt x 1806.75p
t>
File: ../analysis/plots/distribution_scores_wis-2.png Graphic file (type png)
<use ../analysis/plots/distribution_scores_wis-2.png>
Package pdftex.def Info: ../analysis/plots/distribution_scores_wis-2.png  used 
on input line 237.
(pdftex.def)             Requested size: 469.73015pt x 313.15343pt.

Underfull \hbox (badness 10000) in paragraph at lines 237--237
[][]
 []

[15]
<../analysis/plots/aggregate-performance-rel-ensemble-v4.png, id=170, 3011.25pt
 x 2740.2375pt>
File: ../analysis/plots/aggregate-performance-rel-ensemble-v4.png Graphic file 
(type png)
<use ../analysis/plots/aggregate-performance-rel-ensemble-v4.png>
Package pdftex.def Info: ../analysis/plots/aggregate-performance-rel-ensemble-v
4.png  used on input line 241.
(pdftex.def)             Requested size: 469.72556pt x 427.45024pt.

Underfull \hbox (badness 10000) in paragraph at lines 241--241
[][]
 []

[16
pdfTeX warning (ext4): destination with the same identifier (name{figure.3}) ha
s been already used, duplicate ignored
<argument> ...shipout:D \box_use:N \l_shipout_box 
                                                  \__shipout_drop_firstpage_...
l.243 
       <../analysis/plots/distribution_scores_wis-2.png>]
Overfull \vbox (75.02023pt too high) has occurred while \output is active []

[17
pdfTeX warning (ext4): destination with the same identifier (name{figure.4}) ha
s been already used, duplicate ignored
<argument> ...shipout:D \box_use:N \l_shipout_box 
                                                  \__shipout_drop_firstpage_...
l.243 
       <../analysis/plots/aggregate-performance-rel-ensemble-v4.png>]

LaTeX Warning: Reference `fig:agg-performance-ensemble' on page 18 undefined on
 input line 254.

[18] [19] [20] [21] [22] [23

] [24] [25

] [26]
<../crowd-forecast/Screenshot-forecasting-app.png, id=255, 2055.68pt x 991.705p
t>
File: ../crowd-forecast/Screenshot-forecasting-app.png Graphic file (type png)
<use ../crowd-forecast/Screenshot-forecasting-app.png>
Package pdftex.def Info: ../crowd-forecast/Screenshot-forecasting-app.png  used
 on input line 337.
(pdftex.def)             Requested size: 469.75385pt x 226.61954pt.

pdfTeX warning (ext4): destination with the same identifier (name{figure.1}) ha
s been already used, duplicate ignored
<to be read again> 
                   \relax 
l.337 ...cast/Screenshot-forecasting-app} \caption
                                                  {Screenshot of the crowdfo...

Underfull \hbox (badness 10000) in paragraph at lines 337--337
[][]
 []


pdfTeX warning (ext4): destination with the same identifier (name{figure.1}) ha
s been already used, duplicate ignored
<to be read again> 
                   \relax 
l.337 ...elicit predictions (made in June 2021). }
                                                  \label{fig:screenshot} [27

 <../crowd-forecast/Screenshot-forecasting-app.png>] [28

] [29] [30] [31] [32]
Underfull \hbox (badness 10000) in paragraph at lines 443--443

 []


Underfull \hbox (badness 10000) in paragraph at lines 489--489

 []


LaTeX Warning: `!h' float specifier changed to `!ht'.

[33


pdfTeX warning (ext4): destination with the same identifier (name{table.2}) has
 been already used, duplicate ignored
<argument> ...shipout:D \box_use:N \l_shipout_box 
                                                  \__shipout_drop_firstpage_...
l.534 \clearpage
                ] [34
pdfTeX warning (ext4): destination with the same identifier (name{table.3}) has
 been already used, duplicate ignored
<argument> ...shipout:D \box_use:N \l_shipout_box 
                                                  \__shipout_drop_firstpage_...
l.534 \clearpage
                ]
<../analysis/plots/aggregate-performance-all-Germany-v4.png, id=335, 3011.25pt 
x 2740.2375pt>
File: ../analysis/plots/aggregate-performance-all-Germany-v4.png Graphic file (
type png)
<use ../analysis/plots/aggregate-performance-all-Germany-v4.png>
Package pdftex.def Info: ../analysis/plots/aggregate-performance-all-Germany-v4
.png  used on input line 543.
(pdftex.def)             Requested size: 469.72556pt x 427.45024pt.

pdfTeX warning (ext4): destination with the same identifier (name{figure.2}) ha
s been already used, duplicate ignored
<to be read again> 
                   \relax 
l.543 ...gate-performance-all-Germany-v4} \caption
                                                  {Visualisation of aggregat...

Underfull \hbox (badness 10000) in paragraph at lines 543--543
[][]
 []


pdfTeX warning (ext4): destination with the same identifier (name{figure.2}) ha
s been already used, duplicate ignored
<to be read again> 
                   \relax 
l.543 ...of all WIS values for different horizons}
                                                  \label{fig:agg-performance...

pdfTeX warning (ext4): destination with the same identifier (name{figure.2}) ha
s been already used, duplicate ignored
<to be read again> 
                   \relax 
l.543 ...of all WIS values for different horizons}
                                                  \label{fig:agg-performance...
[35

]
Overfull \vbox (59.38113pt too high) has occurred while \output is active []

[36 <../analysis/plots/aggregate-performance-all-Germany-v4.png>]
<../analysis/plots/aggregate-performance-all-Poland-v4.png, id=349, 3011.25pt x
 2740.2375pt>
File: ../analysis/plots/aggregate-performance-all-Poland-v4.png Graphic file (t
ype png)
<use ../analysis/plots/aggregate-performance-all-Poland-v4.png>
Package pdftex.def Info: ../analysis/plots/aggregate-performance-all-Poland-v4.
png  used on input line 550.
(pdftex.def)             Requested size: 469.72556pt x 427.45024pt.

pdfTeX warning (ext4): destination with the same identifier (name{figure.3}) ha
s been already used, duplicate ignored
<to be read again> 
                   \relax 
l.550 ...egate-performance-all-Poland-v4} \caption
                                                  {Visualisation of aggregat...

Underfull \hbox (badness 10000) in paragraph at lines 550--550
[][]
 []


pdfTeX warning (ext4): destination with the same identifier (name{figure.3}) ha
s been already used, duplicate ignored
<to be read again> 
                   \relax 
l.550 ...of all WIS values for different horizons}
                                                  \label{fig:agg-performance...

pdfTeX warning (ext4): destination with the same identifier (name{figure.3}) ha
s been already used, duplicate ignored
<to be read again> 
                   \relax 
l.550 ...of all WIS values for different horizons}
                                                  \label{fig:agg-performance...
[37]
Overfull \vbox (26.97847pt too high) has occurred while \output is active []

[38 <../analysis/plots/aggregate-performance-all-Poland-v4.png>]
<../analysis/plots/aggregate-performance-2-weeks-locations-all-v4.png, id=362, 
3011.25pt x 2740.2375pt>
File: ../analysis/plots/aggregate-performance-2-weeks-locations-all-v4.png Grap
hic file (type png)
<use ../analysis/plots/aggregate-performance-2-weeks-locations-all-v4.png>
Package pdftex.def Info: ../analysis/plots/aggregate-performance-2-weeks-locati
ons-all-v4.png  used on input line 557.
(pdftex.def)             Requested size: 469.72556pt x 427.45024pt.

pdfTeX warning (ext4): destination with the same identifier (name{figure.4}) ha
s been already used, duplicate ignored
<to be read again> 
                   \relax 
l.557 ...rmance-2-weeks-locations-all-v4} \caption
                                                  {Visualisation of aggregat...

Underfull \hbox (badness 10000) in paragraph at lines 557--557
[][]
 []


pdfTeX warning (ext4): destination with the same identifier (name{figure.4}) ha
s been already used, duplicate ignored
<to be read again> 
                   \relax 
l.557 ...r). H. Standard deviation of WIS values.}
                                                  \label{fig:performance-loc...

pdfTeX warning (ext4): destination with the same identifier (name{figure.4}) ha
s been already used, duplicate ignored
<to be read again> 
                   \relax 
l.557 ...r). H. Standard deviation of WIS values.}
                                                  \label{fig:performance-loc...
[39]
Overfull \vbox (24.47847pt too high) has occurred while \output is active []

[40 <../analysis/plots/aggregate-performance-2-weeks-locations-all-v4.png>]
<../analysis/plots/aggregate-performance-2-weeks-locations-all-rel-v4.png, id=3
74, 3011.25pt x 2740.2375pt>
File: ../analysis/plots/aggregate-performance-2-weeks-locations-all-rel-v4.png 
Graphic file (type png)
<use ../analysis/plots/aggregate-performance-2-weeks-locations-all-rel-v4.png>
Package pdftex.def Info: ../analysis/plots/aggregate-performance-2-weeks-locati
ons-all-rel-v4.png  used on input line 564.
(pdftex.def)             Requested size: 469.72556pt x 427.45024pt.

Underfull \hbox (badness 10000) in paragraph at lines 564--564
[][]
 []

[41
pdfTeX warning (ext4): destination with the same identifier (name{figure.5}) ha
s been already used, duplicate ignored
<argument> ...shipout:D \box_use:N \l_shipout_box 
                                                  \__shipout_drop_firstpage_...
l.567 \clearpage
                 <../analysis/plots/aggregate-performance-2-weeks-locations-all
-rel-v4.png>]
<../analysis/plots/daily_truth.png, id=382, 3011.25pt x 2409.0pt>
File: ../analysis/plots/daily_truth.png Graphic file (type png)
<use ../analysis/plots/daily_truth.png>
Package pdftex.def Info: ../analysis/plots/daily_truth.png  used on input line 
573.
(pdftex.def)             Requested size: 469.72556pt x 375.78044pt.

Underfull \hbox (badness 10000) in paragraph at lines 573--573
[][]
 []

<../analysis/plots/daily-data-updates.png, id=383, 2710.125pt x 1806.75pt>
File: ../analysis/plots/daily-data-updates.png Graphic file (type png)
<use ../analysis/plots/daily-data-updates.png>
Package pdftex.def Info: ../analysis/plots/daily-data-updates.png  used on inpu
t line 577.
(pdftex.def)             Requested size: 469.73015pt x 313.15343pt.

Underfull \hbox (badness 10000) in paragraph at lines 577--577
[][]
 []

[42


pdfTeX warning (ext4): destination with the same identifier (name{figure.6}) ha
s been already used, duplicate ignored
<argument> ...shipout:D \box_use:N \l_shipout_box 
                                                  \__shipout_drop_firstpage_...
l.579 
       <../analysis/plots/daily_truth.png>]
<../analysis/plots/weekly-data-updates.png, id=392, 2710.125pt x 1806.75pt>
File: ../analysis/plots/weekly-data-updates.png Graphic file (type png)
<use ../analysis/plots/weekly-data-updates.png>
Package pdftex.def Info: ../analysis/plots/weekly-data-updates.png  used on inp
ut line 581.
(pdftex.def)             Requested size: 469.73015pt x 313.15343pt.

Underfull \hbox (badness 10000) in paragraph at lines 581--581
[][]
 []

[43
pdfTeX warning (ext4): destination with the same identifier (name{figure.7}) ha
s been already used, duplicate ignored
<argument> ...shipout:D \box_use:N \l_shipout_box 
                                                  \__shipout_drop_firstpage_...
l.583 
       <../analysis/plots/daily-data-updates.png>] [44
pdfTeX warning (ext4): destination with the same identifier (name{figure.8}) ha
s been already used, duplicate ignored
<argument> ...shipout:D \box_use:N \l_shipout_box 
                                                  \__shipout_drop_firstpage_...
l.584 \clearpage
                 <../analysis/plots/weekly-data-updates.png>]
<../analysis/plots/figure-forecasts-1.png, id=405, 3011.25pt x 3312.375pt>
File: ../analysis/plots/figure-forecasts-1.png Graphic file (type png)
<use ../analysis/plots/figure-forecasts-1.png>
Package pdftex.def Info: ../analysis/plots/figure-forecasts-1.png  used on inpu
t line 590.
(pdftex.def)             Requested size: 469.72556pt x 516.6981pt.

Underfull \hbox (badness 10000) in paragraph at lines 590--590
[][]
 []

<../analysis/plots/figure-forecasts-3.png, id=406, 3011.25pt x 3312.375pt>
File: ../analysis/plots/figure-forecasts-3.png Graphic file (type png)
<use ../analysis/plots/figure-forecasts-3.png>
Package pdftex.def Info: ../analysis/plots/figure-forecasts-3.png  used on inpu
t line 594.
(pdftex.def)             Requested size: 469.72556pt x 516.6981pt.

Underfull \hbox (badness 10000) in paragraph at lines 594--594
[][]
 []

[45


pdfTeX warning (ext4): destination with the same identifier (name{figure.9}) ha
s been already used, duplicate ignored
<argument> ...shipout:D \box_use:N \l_shipout_box 
                                                  \__shipout_drop_firstpage_...
l.596 
       <../analysis/plots/figure-forecasts-1.png>]
<../analysis/plots/figure-forecasts-4.png, id=415, 3011.25pt x 3312.375pt>
File: ../analysis/plots/figure-forecasts-4.png Graphic file (type png)
<use ../analysis/plots/figure-forecasts-4.png>
Package pdftex.def Info: ../analysis/plots/figure-forecasts-4.png  used on inpu
t line 598.
(pdftex.def)             Requested size: 469.72556pt x 516.6981pt.

Underfull \hbox (badness 10000) in paragraph at lines 598--598
[][]
 []

[46
pdfTeX warning (ext4): destination with the same identifier (name{figure.10}) h
as been already used, duplicate ignored
<argument> ...shipout:D \box_use:N \l_shipout_box 
                                                  \__shipout_drop_firstpage_...
l.600 
       <../analysis/plots/figure-forecasts-3.png>] [47
pdfTeX warning (ext4): destination with the same identifier (name{figure.11}) h
as been already used, duplicate ignored
<argument> ...shipout:D \box_use:N \l_shipout_box 
                                                  \__shipout_drop_firstpage_...
l.601 \clearpage
                 <../analysis/plots/figure-forecasts-4.png>]
<../analysis/plots/distribution_scores_wis-1.png, id=428, 2710.125pt x 1806.75p
t>
File: ../analysis/plots/distribution_scores_wis-1.png Graphic file (type png)
<use ../analysis/plots/distribution_scores_wis-1.png>
Package pdftex.def Info: ../analysis/plots/distribution_scores_wis-1.png  used 
on input line 610.
(pdftex.def)             Requested size: 469.73015pt x 313.15343pt.

Underfull \hbox (badness 10000) in paragraph at lines 610--610
[][]
 []

<../analysis/plots/distribution_scores_wis-3.png, id=429, 2710.125pt x 1806.75p
t>
File: ../analysis/plots/distribution_scores_wis-3.png Graphic file (type png)
<use ../analysis/plots/distribution_scores_wis-3.png>
Package pdftex.def Info: ../analysis/plots/distribution_scores_wis-3.png  used 
on input line 614.
(pdftex.def)             Requested size: 469.73015pt x 313.15343pt.

Underfull \hbox (badness 10000) in paragraph at lines 614--614
[][]
 []

[48


pdfTeX warning (ext4): destination with the same identifier (name{figure.12}) h
as been already used, duplicate ignored
<argument> ...shipout:D \box_use:N \l_shipout_box 
                                                  \__shipout_drop_firstpage_...
l.616 
       <../analysis/plots/distribution_scores_wis-1.png>]
<../analysis/plots/distribution_scores_wis-4.png, id=440, 2710.125pt x 1806.75p
t>
File: ../analysis/plots/distribution_scores_wis-4.png Graphic file (type png)
<use ../analysis/plots/distribution_scores_wis-4.png>
Package pdftex.def Info: ../analysis/plots/distribution_scores_wis-4.png  used 
on input line 618.
(pdftex.def)             Requested size: 469.73015pt x 313.15343pt.

Underfull \hbox (badness 10000) in paragraph at lines 618--618
[][]
 []

[49
pdfTeX warning (ext4): destination with the same identifier (name{figure.13}) h
as been already used, duplicate ignored
<argument> ...shipout:D \box_use:N \l_shipout_box 
                                                  \__shipout_drop_firstpage_...
l.620 
       <../analysis/plots/distribution_scores_wis-3.png>]
<../analysis/plots/distribution_scores_wis-1-ranks.png, id=448, 2710.125pt x 18
06.75pt>
File: ../analysis/plots/distribution_scores_wis-1-ranks.png Graphic file (type 
png)
<use ../analysis/plots/distribution_scores_wis-1-ranks.png>
Package pdftex.def Info: ../analysis/plots/distribution_scores_wis-1-ranks.png 
 used on input line 625.
(pdftex.def)             Requested size: 469.73015pt x 313.15343pt.

Underfull \hbox (badness 10000) in paragraph at lines 625--625
[][]
 []

[50
pdfTeX warning (ext4): destination with the same identifier (name{figure.14}) h
as been already used, duplicate ignored
<argument> ...shipout:D \box_use:N \l_shipout_box 
                                                  \__shipout_drop_firstpage_...
l.627 
       <../analysis/plots/distribution_scores_wis-4.png>]
<../analysis/plots/distribution_scores_wis-2-ranks.png, id=455, 2710.125pt x 18
06.75pt>
File: ../analysis/plots/distribution_scores_wis-2-ranks.png Graphic file (type 
png)
<use ../analysis/plots/distribution_scores_wis-2-ranks.png>
Package pdftex.def Info: ../analysis/plots/distribution_scores_wis-2-ranks.png 
 used on input line 629.
(pdftex.def)             Requested size: 469.73015pt x 313.15343pt.

Underfull \hbox (badness 10000) in paragraph at lines 629--629
[][]
 []

[51
pdfTeX warning (ext4): destination with the same identifier (name{figure.15}) h
as been already used, duplicate ignored
<argument> ...shipout:D \box_use:N \l_shipout_box 
                                                  \__shipout_drop_firstpage_...
l.631 
       <../analysis/plots/distribution_scores_wis-1-ranks.png>]
<../analysis/plots/distribution_scores_wis-3-ranks.png, id=464, 2710.125pt x 18
06.75pt>
File: ../analysis/plots/distribution_scores_wis-3-ranks.png Graphic file (type 
png)
<use ../analysis/plots/distribution_scores_wis-3-ranks.png>
Package pdftex.def Info: ../analysis/plots/distribution_scores_wis-3-ranks.png 
 used on input line 633.
(pdftex.def)             Requested size: 469.73015pt x 313.15343pt.

Underfull \hbox (badness 10000) in paragraph at lines 633--633
[][]
 []

[52
pdfTeX warning (ext4): destination with the same identifier (name{figure.16}) h
as been already used, duplicate ignored
<argument> ...shipout:D \box_use:N \l_shipout_box 
                                                  \__shipout_drop_firstpage_...
l.635 
       <../analysis/plots/distribution_scores_wis-2-ranks.png>]
<../analysis/plots/distribution_scores_wis-4-ranks.png, id=471, 2710.125pt x 18
06.75pt>
File: ../analysis/plots/distribution_scores_wis-4-ranks.png Graphic file (type 
png)
<use ../analysis/plots/distribution_scores_wis-4-ranks.png>
Package pdftex.def Info: ../analysis/plots/distribution_scores_wis-4-ranks.png 
 used on input line 637.
(pdftex.def)             Requested size: 469.73015pt x 313.15343pt.

Underfull \hbox (badness 10000) in paragraph at lines 637--637
[][]
 []

[53
pdfTeX warning (ext4): destination with the same identifier (name{figure.17}) h
as been already used, duplicate ignored
<argument> ...shipout:D \box_use:N \l_shipout_box 
                                                  \__shipout_drop_firstpage_...
l.639 
       <../analysis/plots/distribution_scores_wis-3-ranks.png>]
<../analysis/plots/difference-wis-crowd-ensemble.png, id=478, 2710.125pt x 1806
.75pt>
File: ../analysis/plots/difference-wis-crowd-ensemble.png Graphic file (type pn
g)
<use ../analysis/plots/difference-wis-crowd-ensemble.png>
Package pdftex.def Info: ../analysis/plots/difference-wis-crowd-ensemble.png  u
sed on input line 641.
(pdftex.def)             Requested size: 469.73015pt x 313.15343pt.

Underfull \hbox (badness 10000) in paragraph at lines 641--641
[][]
 []

[54
pdfTeX warning (ext4): destination with the same identifier (name{figure.18}) h
as been already used, duplicate ignored
<argument> ...shipout:D \box_use:N \l_shipout_box 
                                                  \__shipout_drop_firstpage_...
l.643 
       <../analysis/plots/distribution_scores_wis-4-ranks.png>] [55
pdfTeX warning (ext4): destination with the same identifier (name{figure.19}) h
as been already used, duplicate ignored
<argument> ...shipout:D \box_use:N \l_shipout_box 
                                                  \__shipout_drop_firstpage_...
l.644 \clearpage
                 <../analysis/plots/difference-wis-crowd-ensemble.png>]
<../analysis/plots/aggregate-performance-rel-ensemble-mean-v4.png, id=492, 3011
.25pt x 2740.2375pt>
File: ../analysis/plots/aggregate-performance-rel-ensemble-mean-v4.png Graphic 
file (type png)
<use ../analysis/plots/aggregate-performance-rel-ensemble-mean-v4.png>
Package pdftex.def Info: ../analysis/plots/aggregate-performance-rel-ensemble-m
ean-v4.png  used on input line 653.
(pdftex.def)             Requested size: 469.72556pt x 427.45024pt.

Underfull \hbox (badness 10000) in paragraph at lines 653--653
[][]
 []

[56

]
Overfull \vbox (174.9367pt too high) has occurred while \output is active []

[57
pdfTeX warning (ext4): destination with the same identifier (name{figure.20}) h
as been already used, duplicate ignored
<argument> ...shipout:D \box_use:N \l_shipout_box 
                                                  \__shipout_drop_firstpage_...
l.655 
       <../analysis/plots/aggregate-performance-rel-ensemble-mean-v4.png>]
Underfull \hbox (badness 10000) in paragraph at lines 660--660

 []


Underfull \hbox (badness 10000) in paragraph at lines 718--718

 []


LaTeX Warning: `!h' float specifier changed to `!ht'.


Underfull \hbox (badness 10000) in paragraph at lines 779--779

 []


LaTeX Warning: `!h' float specifier changed to `!ht'.


Underfull \hbox (badness 10000) in paragraph at lines 837--837

 []


LaTeX Warning: `!h' float specifier changed to `!ht'.

[58
pdfTeX warning (ext4): destination with the same identifier (name{table.4}) has
 been already used, duplicate ignored
<argument> ...shipout:D \box_use:N \l_shipout_box 
                                                  \__shipout_drop_firstpage_...
l.894 \clearpage
                ] [59
pdfTeX warning (ext4): destination with the same identifier (name{table.5}) has
 been already used, duplicate ignored
<argument> ...shipout:D \box_use:N \l_shipout_box 
                                                  \__shipout_drop_firstpage_...
l.894 \clearpage
                ] [60
pdfTeX warning (ext4): destination with the same identifier (name{table.6}) has
 been already used, duplicate ignored
<argument> ...shipout:D \box_use:N \l_shipout_box 
                                                  \__shipout_drop_firstpage_...
l.894 \clearpage
                ] [61
pdfTeX warning (ext4): destination with the same identifier (name{table.7}) has
 been already used, duplicate ignored
<argument> ...shipout:D \box_use:N \l_shipout_box 
                                                  \__shipout_drop_firstpage_...
l.894 \clearpage
                ]
<../analysis/plots/aggregate-performance-all-late-period-v4.png, id=529, 3011.2
5pt x 2740.2375pt>
File: ../analysis/plots/aggregate-performance-all-late-period-v4.png Graphic fi
le (type png)
<use ../analysis/plots/aggregate-performance-all-late-period-v4.png>
Package pdftex.def Info: ../analysis/plots/aggregate-performance-all-late-perio
d-v4.png  used on input line 902.
(pdftex.def)             Requested size: 469.72556pt x 427.45024pt.

Underfull \hbox (badness 10000) in paragraph at lines 902--902
[][]
 []

[62

]
Overfull \vbox (27.02023pt too high) has occurred while \output is active []

[63
pdfTeX warning (ext4): destination with the same identifier (name{figure.21}) h
as been already used, duplicate ignored
<argument> ...shipout:D \box_use:N \l_shipout_box 
                                                  \__shipout_drop_firstpage_...
l.904 
       <../analysis/plots/aggregate-performance-all-late-period-v4.png>]
Underfull \hbox (badness 10000) in paragraph at lines 906--906

 []


Underfull \hbox (badness 10000) in paragraph at lines 952--952

 []


LaTeX Warning: `!h' float specifier changed to `!ht'.

[64
pdfTeX warning (ext4): destination with the same identifier (name{table.8}) has
 been already used, duplicate ignored
<argument> ...shipout:D \box_use:N \l_shipout_box 
                                                  \__shipout_drop_firstpage_...
l.997 \clearpage
                ] [65
pdfTeX warning (ext4): destination with the same identifier (name{table.9}) has
 been already used, duplicate ignored
<argument> ...shipout:D \box_use:N \l_shipout_box 
                                                  \__shipout_drop_firstpage_...
l.997 \clearpage
                ] [66

]
<../analysis/plots/number-forecasters.png, id=558, 2106.87125pt x 1504.62125pt>

File: ../analysis/plots/number-forecasters.png Graphic file (type png)
<use ../analysis/plots/number-forecasters.png>
Package pdftex.def Info: ../analysis/plots/number-forecasters.png  used on inpu
t line 1049.
(pdftex.def)             Requested size: 469.74986pt x 335.47168pt.

Underfull \hbox (badness 10000) in paragraph at lines 1049--1049
[][]
 []

[67]
<../analysis/plots/ensemble-members.png, id=564, 2106.87125pt x 1504.62125pt>
File: ../analysis/plots/ensemble-members.png Graphic file (type png)
<use ../analysis/plots/ensemble-members.png>
Package pdftex.def Info: ../analysis/plots/ensemble-members.png  used on input 
line 1053.
(pdftex.def)             Requested size: 469.74986pt x 335.47168pt.

Underfull \hbox (badness 10000) in paragraph at lines 1053--1053
[][]
 []

[68
pdfTeX warning (ext4): destination with the same identifier (name{figure.22}) h
as been already used, duplicate ignored
<argument> ...shipout:D \box_use:N \l_shipout_box 
                                                  \__shipout_drop_firstpage_...
l.1055 
        <../analysis/plots/number-forecasters.png>] [69
pdfTeX warning (ext4): destination with the same identifier (name{figure.23}) h
as been already used, duplicate ignored
<argument> ...shipout:D \box_use:N \l_shipout_box 
                                                  \__shipout_drop_firstpage_...
l.1056 \clearpage
                  <../analysis/plots/ensemble-members.png>]
<../analysis/plots/comparison-forecast-interals.png, id=576, 2710.125pt x 1806.
75pt>
File: ../analysis/plots/comparison-forecast-interals.png Graphic file (type png
)
<use ../analysis/plots/comparison-forecast-interals.png>
Package pdftex.def Info: ../analysis/plots/comparison-forecast-interals.png  us
ed on input line 1062.
(pdftex.def)             Requested size: 469.73015pt x 313.15343pt.

Underfull \hbox (badness 10000) in paragraph at lines 1062--1062
[][]
 []


Overfull \hbox (2.22221pt too wide) in paragraph at lines 1067--1070
[] []
 []


Underfull \hbox (badness 10000) in paragraph at lines 1067--1070

 []


Overfull \hbox (2.22221pt too wide) in paragraph at lines 1071--1074
[][] []
 []


Underfull \hbox (badness 10000) in paragraph at lines 1071--1074

 []

[70


pdfTeX warning (ext4): destination with the same identifier (name{figure.24}) h
as been already used, duplicate ignored
<argument> ...shipout:D \box_use:N \l_shipout_box 
                                                  \__shipout_drop_firstpage_...
l.1074 
        <../analysis/plots/comparison-forecast-interals.png>]
Overfull \hbox (2.22221pt too wide) in paragraph at lines 1075--1078
[][] []
 []


Underfull \hbox (badness 10000) in paragraph at lines 1075--1078

 []


Overfull \hbox (2.22221pt too wide) in paragraph at lines 1079--1082
[][] []
 []


Underfull \hbox (badness 10000) in paragraph at lines 1079--1082

 []


Overfull \hbox (2.22221pt too wide) in paragraph at lines 1083--1086
[][] []
 []


Underfull \hbox (badness 10000) in paragraph at lines 1083--1086

 []


Overfull \hbox (2.22221pt too wide) in paragraph at lines 1087--1090
[][] []
 []


Underfull \hbox (badness 10000) in paragraph at lines 1087--1090

 []


Overfull \hbox (2.22221pt too wide) in paragraph at lines 1091--1094
[][] []
 []


Underfull \hbox (badness 10000) in paragraph at lines 1091--1094

 []


Overfull \hbox (2.22221pt too wide) in paragraph at lines 1095--1098
[][] []
 []


Underfull \hbox (badness 10000) in paragraph at lines 1095--1098

 []


Overfull \hbox (2.22221pt too wide) in paragraph at lines 1099--1102
[][] []
 []


Underfull \hbox (badness 10000) in paragraph at lines 1099--1102

 []


Overfull \hbox (2.22221pt too wide) in paragraph at lines 1103--1106
[][] []
 []


Underfull \hbox (badness 10000) in paragraph at lines 1103--1106

 []

[71]
Overfull \hbox (2.22221pt too wide) in paragraph at lines 1107--1110
[][] []
 []


Underfull \hbox (badness 10000) in paragraph at lines 1107--1110

 []


Overfull \hbox (2.22221pt too wide) in paragraph at lines 1111--1114
[][] []
 []


Underfull \hbox (badness 10000) in paragraph at lines 1111--1114

 []


Overfull \hbox (2.22221pt too wide) in paragraph at lines 1115--1118
[][] []
 []


Underfull \hbox (badness 10000) in paragraph at lines 1115--1118

 []


Overfull \hbox (2.22221pt too wide) in paragraph at lines 1119--1122
[][] []
 []


Underfull \hbox (badness 10000) in paragraph at lines 1119--1122

 []


Overfull \hbox (2.22221pt too wide) in paragraph at lines 1123--1126
[][] []
 []


Underfull \hbox (badness 10000) in paragraph at lines 1123--1126

 []


Overfull \hbox (2.22221pt too wide) in paragraph at lines 1127--1130
[][] []
 []


Underfull \hbox (badness 10000) in paragraph at lines 1127--1130

 []


Overfull \hbox (2.22221pt too wide) in paragraph at lines 1131--1134
[][] []
 []


Underfull \hbox (badness 10000) in paragraph at lines 1131--1134

 []

[72]
Overfull \hbox (2.22221pt too wide) in paragraph at lines 1135--1138
[][] []
 []


Underfull \hbox (badness 10000) in paragraph at lines 1135--1138

 []


Overfull \hbox (2.22221pt too wide) in paragraph at lines 1139--1142
[][] []
 []


Underfull \hbox (badness 10000) in paragraph at lines 1139--1142

 []


Overfull \hbox (2.22221pt too wide) in paragraph at lines 1143--1146
[][] []
 []


Underfull \hbox (badness 10000) in paragraph at lines 1143--1146

 []


Overfull \hbox (2.22221pt too wide) in paragraph at lines 1147--1150
[][] []
 []


Underfull \hbox (badness 10000) in paragraph at lines 1147--1150

 []


Overfull \hbox (2.22221pt too wide) in paragraph at lines 1151--1154
[][] []
 []


Underfull \hbox (badness 10000) in paragraph at lines 1151--1154

 []


Overfull \hbox (2.22221pt too wide) in paragraph at lines 1155--1158
[][] []
 []


Underfull \hbox (badness 10000) in paragraph at lines 1155--1158

 []


Overfull \hbox (2.22221pt too wide) in paragraph at lines 1159--1162
[][] []
 []


Underfull \hbox (badness 10000) in paragraph at lines 1159--1162

 []


Overfull \hbox (2.22221pt too wide) in paragraph at lines 1163--1166
[][] []
 []


Underfull \hbox (badness 10000) in paragraph at lines 1163--1166

 []

[73]
Overfull \hbox (2.22221pt too wide) in paragraph at lines 1167--1170
[][] []
 []


Underfull \hbox (badness 10000) in paragraph at lines 1167--1170

 []


Overfull \hbox (2.22221pt too wide) in paragraph at lines 1171--1174
[][] []
 []


Underfull \hbox (badness 10000) in paragraph at lines 1171--1174

 []


Overfull \hbox (2.22221pt too wide) in paragraph at lines 1175--1178
[][] []
 []


Underfull \hbox (badness 10000) in paragraph at lines 1175--1178

 []


Overfull \hbox (2.22221pt too wide) in paragraph at lines 1179--1182
[][] []
 []


Underfull \hbox (badness 10000) in paragraph at lines 1179--1182

 []


Overfull \hbox (2.22221pt too wide) in paragraph at lines 1183--1186
[][] []
 []


Underfull \hbox (badness 10000) in paragraph at lines 1183--1186

 []


Overfull \hbox (2.22221pt too wide) in paragraph at lines 1187--1190
[][] []
 []


Underfull \hbox (badness 10000) in paragraph at lines 1187--1190

 []


Overfull \hbox (2.22221pt too wide) in paragraph at lines 1191--1194
[][] []
 []


Underfull \hbox (badness 10000) in paragraph at lines 1191--1194

 []


Overfull \hbox (2.22221pt too wide) in paragraph at lines 1195--1198
[][] []
 []


Underfull \hbox (badness 10000) in paragraph at lines 1195--1198

 []


Overfull \hbox (2.22221pt too wide) in paragraph at lines 1199--1202
[][] []
 []


Underfull \hbox (badness 10000) in paragraph at lines 1199--1202

 []


Underfull \hbox (badness 1412) in paragraph at lines 1205--1205
[]\T1/lmr/m/n/10 (+20) Forsal.pl. Roz-bienoci w statystykach ko-ron-awirusa. 
22 tys. przy-pad-kw bd dolic-
 []


Underfull \hbox (badness 4608) in paragraph at lines 1205--1205
\T1/lmr/m/n/10 (+20) zone do ogl-nej liczby wynikw [In-ter-net]. 2020 [cited 
2021 May 30]. Avail-able
 []


Overfull \hbox (2.22221pt too wide) in paragraph at lines 1203--1206
[][] []
 []


Underfull \hbox (badness 10000) in paragraph at lines 1203--1206

 []

[74]
Overfull \hbox (2.22221pt too wide) in paragraph at lines 1207--1210
[][] []
 []


Underfull \hbox (badness 10000) in paragraph at lines 1207--1210

 []


Overfull \hbox (2.22221pt too wide) in paragraph at lines 1211--1214
[][] []
 []


Underfull \hbox (badness 10000) in paragraph at lines 1211--1214

 []


Overfull \hbox (2.22221pt too wide) in paragraph at lines 1215--1218
[][] []
 []


Underfull \hbox (badness 10000) in paragraph at lines 1215--1218

 []


Overfull \hbox (2.22221pt too wide) in paragraph at lines 1219--1222
[][] []
 []


Underfull \hbox (badness 10000) in paragraph at lines 1219--1222

 []


Overfull \hbox (2.22221pt too wide) in paragraph at lines 1223--1226
[][] []
 []


Underfull \hbox (badness 10000) in paragraph at lines 1223--1226

 []


Overfull \hbox (2.22221pt too wide) in paragraph at lines 1227--1230
[][] []
 []


Underfull \hbox (badness 10000) in paragraph at lines 1227--1230

 []


Overfull \hbox (2.22221pt too wide) in paragraph at lines 1231--1234
[][] []
 []


Underfull \hbox (badness 10000) in paragraph at lines 1231--1234

 []


Overfull \hbox (2.22221pt too wide) in paragraph at lines 1235--1238
[][] []
 []


Underfull \hbox (badness 10000) in paragraph at lines 1235--1238

 []


Overfull \hbox (2.22221pt too wide) in paragraph at lines 1239--1242
[][] []
 []


Underfull \hbox (badness 10000) in paragraph at lines 1239--1242

 []

[75]
Overfull \hbox (2.22221pt too wide) in paragraph at lines 1243--1246
[][] []
 []


Underfull \hbox (badness 10000) in paragraph at lines 1243--1246

 []


Overfull \hbox (2.22221pt too wide) in paragraph at lines 1247--1250
[][] []
 []


Underfull \hbox (badness 10000) in paragraph at lines 1247--1250

 []


Overfull \hbox (2.22221pt too wide) in paragraph at lines 1251--1254
[][] []
 []


Underfull \hbox (badness 10000) in paragraph at lines 1251--1254

 []


Overfull \hbox (2.22221pt too wide) in paragraph at lines 1255--1258
[][] []
 []


Underfull \hbox (badness 10000) in paragraph at lines 1255--1258

 []


Overfull \hbox (2.22221pt too wide) in paragraph at lines 1259--1262
[][] []
 []


Underfull \hbox (badness 10000) in paragraph at lines 1259--1262

 []


Overfull \hbox (2.22221pt too wide) in paragraph at lines 1263--1266
[][] []
 []


Underfull \hbox (badness 10000) in paragraph at lines 1263--1266

 []


Overfull \hbox (2.22221pt too wide) in paragraph at lines 1267--1270
[][] []
 []


Underfull \hbox (badness 10000) in paragraph at lines 1267--1270

 []


Overfull \hbox (2.22221pt too wide) in paragraph at lines 1271--1274
[][] []
 []


Underfull \hbox (badness 10000) in paragraph at lines 1271--1274

 []


Overfull \hbox (2.22221pt too wide) in paragraph at lines 1275--1278
[][] []
 []


Underfull \hbox (badness 10000) in paragraph at lines 1275--1278

 []

[76]
Overfull \hbox (2.22221pt too wide) in paragraph at lines 1279--1282
[][] []
 []


Underfull \hbox (badness 10000) in paragraph at lines 1279--1282

 []


Overfull \hbox (2.22221pt too wide) in paragraph at lines 1283--1286
[][] []
 []


Underfull \hbox (badness 10000) in paragraph at lines 1283--1286

 []


Overfull \hbox (2.22221pt too wide) in paragraph at lines 1287--1290
[][] []
 []


Underfull \hbox (badness 10000) in paragraph at lines 1287--1290

 []


Overfull \hbox (2.22221pt too wide) in paragraph at lines 1291--1294
[][] []
 []


Underfull \hbox (badness 10000) in paragraph at lines 1291--1294

 []

[77] (./manuscript.aux)

LaTeX Warning: There were undefined references.


LaTeX Warning: There were multiply-defined labels.

 ) 
Here is how much of TeX's memory you used:
 16175 strings out of 479719
 271431 string characters out of 5880575
 707317 words of memory out of 5000000
 33426 multiletter control sequences out of 15000+600000
 531396 words of font info for 145 fonts, out of 8000000 for 9000
 319 hyphenation exceptions out of 8191
 74i,12n,77p,1883b,467s stack positions out of 10000i,1000n,20000p,200000b,200000s
{/usr/local/texlive/2022basic/texmf-dist/fonts/enc/dvips/lm/lm-mathsy.enc}{/u
sr/local/texlive/2022basic/texmf-dist/fonts/enc/dvips/lm/lm-mathit.enc}{/usr/lo
cal/texlive/2022basic/texmf-dist/fonts/enc/dvips/lm/lm-mathex.enc}{/usr/local/t
exlive/2022basic/texmf-dist/fonts/enc/dvips/lm/lm-rm.enc}{/usr/local/texlive/20
22basic/texmf-dist/fonts/enc/dvips/lm/lm-ec.enc}</usr/local/texlive/2022basic/t
exmf-dist/fonts/type1/public/lm/lmbx10.pfb></usr/local/texlive/2022basic/texmf-
dist/fonts/type1/public/lm/lmbx12.pfb></usr/local/texlive/2022basic/texmf-dist/
fonts/type1/public/lm/lmex10.pfb></usr/local/texlive/2022basic/texmf-dist/fonts
/type1/public/lm/lmmi10.pfb></usr/local/texlive/2022basic/texmf-dist/fonts/type
1/public/lm/lmmi5.pfb></usr/local/texlive/2022basic/texmf-dist/fonts/type1/publ
ic/lm/lmmi7.pfb></usr/local/texlive/2022basic/texmf-dist/fonts/type1/public/lm/
lmr10.pfb></usr/local/texlive/2022basic/texmf-dist/fonts/type1/public/lm/lmr17.
pfb></usr/local/texlive/2022basic/texmf-dist/fonts/type1/public/lm/lmr7.pfb></u
sr/local/texlive/2022basic/texmf-dist/fonts/type1/public/lm/lmri10.pfb></usr/lo
cal/texlive/2022basic/texmf-dist/fonts/type1/public/lm/lmss8.pfb></usr/local/te
xlive/2022basic/texmf-dist/fonts/type1/public/lm/lmsy10.pfb></usr/local/texlive
/2022basic/texmf-dist/fonts/type1/public/lm/lmsy7.pfb></usr/local/texlive/2022b
asic/texmf-dist/fonts/type1/public/lm/lmtt10.pfb>
Output written on manuscript.pdf (77 pages, 10218371 bytes).
PDF statistics:
 997 PDF objects out of 1000 (max. 8388607)
 825 compressed objects within 9 object streams
 281 named destinations out of 1000 (max. 500000)
 33213 words of extra memory for PDF output out of 35830 (max. 10000000)

