This is pdfTeX, Version 3.141592653-2.6-1.40.24 (TeX Live 2022/Homebrew) (preloaded format=pdflatex 2023.1.12)  24 FEB 2023 14:58
entering extended mode
 restricted \write18 enabled.
 %&-line parsing enabled.
**"/Users/nikos/github-synced/covid.german.forecasts/manuscript/journal submiss
ion/LaTeX supplementary only/manuscript-only-supplementary.tex"

(/Users/nikos/github-synced/covid.german.forecasts/manuscript/journal submissio
n/LaTeX supplementary only/manuscript-only-supplementary.tex
LaTeX2e <2021-11-15> patch level 1
L3 programming layer <2022-02-24>
(/opt/homebrew/Cellar/texlive/20220321_4/share/texmf-dist/tex/latex/base/articl
e.cls
Document Class: article 2021/10/04 v1.4n Standard LaTeX document class

(/opt/homebrew/Cellar/texlive/20220321_4/share/texmf-dist/tex/latex/base/size10
.clo
File: size10.clo 2021/10/04 v1.4n Standard LaTeX file (size option)
)
\c@part=\count185
\c@section=\count186
\c@subsection=\count187
\c@subsubsection=\count188
\c@paragraph=\count189
\c@subparagraph=\count190
\c@figure=\count191
\c@table=\count192
\abovecaptionskip=\skip47
\belowcaptionskip=\skip48
\bibindent=\dimen138
)
(/opt/homebrew/Cellar/texlive/20220321_4/share/texmf-dist/tex/latex/geometry/ge
ometry.sty
Package: geometry 2020/01/02 v5.9 Page Geometry

(/opt/homebrew/Cellar/texlive/20220321_4/share/texmf-dist/tex/latex/graphics/ke
yval.sty
Package: keyval 2014/10/28 v1.15 key=value parser (DPC)
\KV@toks@=\toks16
)
(/opt/homebrew/Cellar/texlive/20220321_4/share/texmf-dist/tex/generic/iftex/ifv
tex.sty
Package: ifvtex 2019/10/25 v1.7 ifvtex legacy package. Use iftex instead.

(/opt/homebrew/Cellar/texlive/20220321_4/share/texmf-dist/tex/generic/iftex/ift
ex.sty
Package: iftex 2022/02/03 v1.0f TeX engine tests
))
\Gm@cnth=\count193
\Gm@cntv=\count194
\c@Gm@tempcnt=\count195
\Gm@bindingoffset=\dimen139
\Gm@wd@mp=\dimen140
\Gm@odd@mp=\dimen141
\Gm@even@mp=\dimen142
\Gm@layoutwidth=\dimen143
\Gm@layoutheight=\dimen144
\Gm@layouthoffset=\dimen145
\Gm@layoutvoffset=\dimen146
\Gm@dimlist=\toks17
)
(/opt/homebrew/Cellar/texlive/20220321_4/share/texmf-dist/tex/latex/amsmath/ams
math.sty
Package: amsmath 2021/10/15 v2.17l AMS math features
\@mathmargin=\skip49
For additional information on amsmath, use the `?' option.

(/opt/homebrew/Cellar/texlive/20220321_4/share/texmf-dist/tex/latex/amsmath/ams
text.sty
Package: amstext 2021/08/26 v2.01 AMS text

(/opt/homebrew/Cellar/texlive/20220321_4/share/texmf-dist/tex/latex/amsmath/ams
gen.sty
File: amsgen.sty 1999/11/30 v2.0 generic functions
\@emptytoks=\toks18
\ex@=\dimen147
))
(/opt/homebrew/Cellar/texlive/20220321_4/share/texmf-dist/tex/latex/amsmath/ams
bsy.sty
Package: amsbsy 1999/11/29 v1.2d Bold Symbols
\pmbraise@=\dimen148
)
(/opt/homebrew/Cellar/texlive/20220321_4/share/texmf-dist/tex/latex/amsmath/ams
opn.sty
Package: amsopn 2021/08/26 v2.02 operator names
)
\inf@bad=\count196
LaTeX Info: Redefining \frac on input line 234.
\uproot@=\count197
\leftroot@=\count198
LaTeX Info: Redefining \overline on input line 399.
\classnum@=\count199
\DOTSCASE@=\count266
LaTeX Info: Redefining \ldots on input line 496.
LaTeX Info: Redefining \dots on input line 499.
LaTeX Info: Redefining \cdots on input line 620.
\Mathstrutbox@=\box50
\strutbox@=\box51
\big@size=\dimen149
LaTeX Font Info:    Redeclaring font encoding OML on input line 743.
LaTeX Font Info:    Redeclaring font encoding OMS on input line 744.
\macc@depth=\count267
\c@MaxMatrixCols=\count268
\dotsspace@=\muskip16
\c@parentequation=\count269
\dspbrk@lvl=\count270
\tag@help=\toks19
\row@=\count271
\column@=\count272
\maxfields@=\count273
\andhelp@=\toks20
\eqnshift@=\dimen150
\alignsep@=\dimen151
\tagshift@=\dimen152
\tagwidth@=\dimen153
\totwidth@=\dimen154
\lineht@=\dimen155
\@envbody=\toks21
\multlinegap=\skip50
\multlinetaggap=\skip51
\mathdisplay@stack=\toks22
LaTeX Info: Redefining \[ on input line 2938.
LaTeX Info: Redefining \] on input line 2939.
)
(/opt/homebrew/Cellar/texlive/20220321_4/share/texmf-dist/tex/latex/amsfonts/am
ssymb.sty
Package: amssymb 2013/01/14 v3.01 AMS font symbols

(/opt/homebrew/Cellar/texlive/20220321_4/share/texmf-dist/tex/latex/amsfonts/am
sfonts.sty
Package: amsfonts 2013/01/14 v3.01 Basic AMSFonts support
\symAMSa=\mathgroup4
\symAMSb=\mathgroup5
LaTeX Font Info:    Redeclaring math symbol \hbar on input line 98.
LaTeX Font Info:    Overwriting math alphabet `\mathfrak' in version `bold'
(Font)                  U/euf/m/n --> U/euf/b/n on input line 106.
))
(/opt/homebrew/Cellar/texlive/20220321_4/share/texmf-dist/tex/latex/changepage/
changepage.sty
Package: changepage 2009/10/20 v1.0c check page and change page layout
\c@cp@cntr=\count274
\cp@tempcnt=\count275
)
(/opt/homebrew/Cellar/texlive/20220321_4/share/texmf-dist/tex/latex/base/inpute
nc.sty
Package: inputenc 2021/02/14 v1.3d Input encoding file
\inpenc@prehook=\toks23
\inpenc@posthook=\toks24

(/opt/homebrew/Cellar/texlive/20220321_4/share/texmf-dist/tex/latex/ucs/utf8x.d
ef
File: utf8x.def 2004/10/17 UCS: Input encoding UTF-8
))
(/opt/homebrew/Cellar/texlive/20220321_4/share/texmf-dist/tex/latex/ucs/ucs.sty
Package: ucs 2013/05/11 v2.2 UCS: Unicode input support

(/opt/homebrew/Cellar/texlive/20220321_4/share/texmf-dist/tex/latex/ucs/data/un
i-global.def
File: uni-global.def 2013/05/13 UCS: Unicode global data
)
\uc@secondtry=\count276
\uc@combtoks=\toks25
\uc@combtoksb=\toks26
\uc@temptokena=\toks27
)
(/opt/homebrew/Cellar/texlive/20220321_4/share/texmf-dist/tex/latex/base/textco
mp.sty
Package: textcomp 2020/02/02 v2.0n Standard LaTeX package
)
(/opt/homebrew/Cellar/texlive/20220321_4/share/texmf-dist/tex/latex/marvosym/ma
rvosym.sty
Package: marvosym 2011/07/20 v2.2 Martin Vogel's Symbols font definitions
)
(/opt/homebrew/Cellar/texlive/20220321_4/share/texmf-dist/tex/latex/hyperref/na
meref.sty
Package: nameref 2021-04-02 v2.47 Cross-referencing by name of section

(/opt/homebrew/Cellar/texlive/20220321_4/share/texmf-dist/tex/latex/refcount/re
fcount.sty
Package: refcount 2019/12/15 v3.6 Data extraction from label references (HO)

(/opt/homebrew/Cellar/texlive/20220321_4/share/texmf-dist/tex/generic/ltxcmds/l
txcmds.sty
Package: ltxcmds 2020-05-10 v1.25 LaTeX kernel commands for general use (HO)
)
(/opt/homebrew/Cellar/texlive/20220321_4/share/texmf-dist/tex/generic/infwarerr
/infwarerr.sty
Package: infwarerr 2019/12/03 v1.5 Providing info/warning/error messages (HO)
))
(/opt/homebrew/Cellar/texlive/20220321_4/share/texmf-dist/tex/generic/gettitles
tring/gettitlestring.sty
Package: gettitlestring 2019/12/15 v1.6 Cleanup title references (HO)

(/opt/homebrew/Cellar/texlive/20220321_4/share/texmf-dist/tex/latex/kvoptions/k
voptions.sty
Package: kvoptions 2020-10-07 v3.14 Key value format for package options (HO)

(/opt/homebrew/Cellar/texlive/20220321_4/share/texmf-dist/tex/generic/kvsetkeys
/kvsetkeys.sty
Package: kvsetkeys 2019/12/15 v1.18 Key value parser (HO)
)))
\c@section@level=\count277
LaTeX Info: Redefining \ref on input line 356.
LaTeX Info: Redefining \pageref on input line 356.
)
(/opt/homebrew/Cellar/texlive/20220321_4/share/texmf-dist/tex/latex/hyperref/hy
perref.sty
Package: hyperref 2022-02-21 v7.00n Hypertext links for LaTeX

(/opt/homebrew/Cellar/texlive/20220321_4/share/texmf-dist/tex/generic/pdftexcmd
s/pdftexcmds.sty
Package: pdftexcmds 2020-06-27 v0.33 Utility functions of pdfTeX for LuaTeX (HO
)
Package pdftexcmds Info: \pdf@primitive is available.
Package pdftexcmds Info: \pdf@ifprimitive is available.
Package pdftexcmds Info: \pdfdraftmode found.
)
(/opt/homebrew/Cellar/texlive/20220321_4/share/texmf-dist/tex/generic/kvdefinek
eys/kvdefinekeys.sty
Package: kvdefinekeys 2019-12-19 v1.6 Define keys (HO)
)
(/opt/homebrew/Cellar/texlive/20220321_4/share/texmf-dist/tex/generic/pdfescape
/pdfescape.sty
Package: pdfescape 2019/12/09 v1.15 Implements pdfTeX's escape features (HO)
)
(/opt/homebrew/Cellar/texlive/20220321_4/share/texmf-dist/tex/latex/hycolor/hyc
olor.sty
Package: hycolor 2020-01-27 v1.10 Color options for hyperref/bookmark (HO)
)
(/opt/homebrew/Cellar/texlive/20220321_4/share/texmf-dist/tex/latex/letltxmacro
/letltxmacro.sty
Package: letltxmacro 2019/12/03 v1.6 Let assignment for LaTeX macros (HO)
)
(/opt/homebrew/Cellar/texlive/20220321_4/share/texmf-dist/tex/latex/auxhook/aux
hook.sty
Package: auxhook 2019-12-17 v1.6 Hooks for auxiliary files (HO)
)
\@linkdim=\dimen156
\Hy@linkcounter=\count278
\Hy@pagecounter=\count279

(/opt/homebrew/Cellar/texlive/20220321_4/share/texmf-dist/tex/latex/hyperref/pd
1enc.def
File: pd1enc.def 2022-02-21 v7.00n Hyperref: PDFDocEncoding definition (HO)
)
(/opt/homebrew/Cellar/texlive/20220321_4/share/texmf-dist/tex/generic/intcalc/i
ntcalc.sty
Package: intcalc 2019/12/15 v1.3 Expandable calculations with integers (HO)
)
(/opt/homebrew/Cellar/texlive/20220321_4/share/texmf-dist/tex/generic/etexcmds/
etexcmds.sty
Package: etexcmds 2019/12/15 v1.7 Avoid name clashes with e-TeX commands (HO)
)
\Hy@SavedSpaceFactor=\count280

(/opt/homebrew/Cellar/texlive/20220321_4/share/texmf-dist/tex/latex/hyperref/pu
enc.def
File: puenc.def 2022-02-21 v7.00n Hyperref: PDF Unicode definition (HO)
)
Package hyperref Info: Hyper figures OFF on input line 4137.
Package hyperref Info: Link nesting OFF on input line 4142.
Package hyperref Info: Hyper index ON on input line 4145.
Package hyperref Info: Plain pages OFF on input line 4152.
Package hyperref Info: Backreferencing OFF on input line 4157.
Package hyperref Info: Implicit mode ON; LaTeX internals redefined.
Package hyperref Info: Bookmarks ON on input line 4390.
\c@Hy@tempcnt=\count281

(/opt/homebrew/Cellar/texlive/20220321_4/share/texmf-dist/tex/latex/url/url.sty
\Urlmuskip=\muskip17
Package: url 2013/09/16  ver 3.4  Verb mode for urls, etc.
)
LaTeX Info: Redefining \url on input line 4749.
\XeTeXLinkMargin=\dimen157

(/opt/homebrew/Cellar/texlive/20220321_4/share/texmf-dist/tex/generic/bitset/bi
tset.sty
Package: bitset 2019/12/09 v1.3 Handle bit-vector datatype (HO)

(/opt/homebrew/Cellar/texlive/20220321_4/share/texmf-dist/tex/generic/bigintcal
c/bigintcalc.sty
Package: bigintcalc 2019/12/15 v1.5 Expandable calculations on big integers (HO
)
))
\Fld@menulength=\count282
\Field@Width=\dimen158
\Fld@charsize=\dimen159
Package hyperref Info: Hyper figures OFF on input line 6027.
Package hyperref Info: Link nesting OFF on input line 6032.
Package hyperref Info: Hyper index ON on input line 6035.
Package hyperref Info: backreferencing OFF on input line 6042.
Package hyperref Info: Link coloring OFF on input line 6047.
Package hyperref Info: Link coloring with OCG OFF on input line 6052.
Package hyperref Info: PDF/A mode OFF on input line 6057.
LaTeX Info: Redefining \ref on input line 6097.
LaTeX Info: Redefining \pageref on input line 6101.

(/opt/homebrew/Cellar/texlive/20220321_4/share/texmf-dist/tex/latex/base/atbegs
hi-ltx.sty
Package: atbegshi-ltx 2021/01/10 v1.0c Emulation of the original atbegshi
package with kernel methods
)
\Hy@abspage=\count283
\c@Item=\count284
\c@Hfootnote=\count285
)
Package hyperref Info: Driver (autodetected): hpdftex.

(/opt/homebrew/Cellar/texlive/20220321_4/share/texmf-dist/tex/latex/hyperref/hp
dftex.def
File: hpdftex.def 2022-02-21 v7.00n Hyperref driver for pdfTeX

(/opt/homebrew/Cellar/texlive/20220321_4/share/texmf-dist/tex/latex/base/atvery
end-ltx.sty
Package: atveryend-ltx 2020/08/19 v1.0a Emulation of the original atveryend pac
kage
with kernel methods
)
\Fld@listcount=\count286
\c@bookmark@seq@number=\count287

(/opt/homebrew/Cellar/texlive/20220321_4/share/texmf-dist/tex/latex/rerunfilech
eck/rerunfilecheck.sty
Package: rerunfilecheck 2019/12/05 v1.9 Rerun checks for auxiliary files (HO)

(/opt/homebrew/Cellar/texlive/20220321_4/share/texmf-dist/tex/generic/uniquecou
nter/uniquecounter.sty
Package: uniquecounter 2019/12/15 v1.4 Provide unlimited unique counter (HO)
)
Package uniquecounter Info: New unique counter `rerunfilecheck' on input line 2
86.
)
\Hy@SectionHShift=\skip52
)
(/opt/homebrew/Cellar/texlive/20220321_4/share/texmf-dist/tex/latex/lineno/line
no.sty
Package: lineno 2005/11/02 line numbers on paragraphs v4.41
\linenopenalty=\count288
\output=\toks28
\linenoprevgraf=\count289
\linenumbersep=\dimen160
\linenumberwidth=\dimen161
\c@linenumber=\count290
\c@pagewiselinenumber=\count291
\c@LN@truepage=\count292
\c@internallinenumber=\count293
\c@internallinenumbers=\count294
\quotelinenumbersep=\dimen162
\bframerule=\dimen163
\bframesep=\dimen164
\bframebox=\box52
LaTeX Info: Redefining \\ on input line 3056.
)
(/opt/homebrew/Cellar/texlive/20220321_4/share/texmf-dist/tex/latex/microtype/m
icrotype.sty
Package: microtype 2022/03/14 v3.0d Micro-typographical refinements (RS)

(/opt/homebrew/Cellar/texlive/20220321_4/share/texmf-dist/tex/latex/etoolbox/et
oolbox.sty
Package: etoolbox 2020/10/05 v2.5k e-TeX tools for LaTeX (JAW)
\etb@tempcnta=\count295
)
\MT@toks=\toks29
\MT@tempbox=\box53
\MT@count=\count296
LaTeX Info: Redefining \noprotrusionifhmode on input line 1027.
LaTeX Info: Redefining \leftprotrusion on input line 1028.
LaTeX Info: Redefining \rightprotrusion on input line 1036.
LaTeX Info: Redefining \textls on input line 1195.
\MT@outer@kern=\dimen165
LaTeX Info: Redefining \textmicrotypecontext on input line 1781.
\MT@listname@count=\count297

(/opt/homebrew/Cellar/texlive/20220321_4/share/texmf-dist/tex/latex/microtype/m
icrotype-pdftex.def
File: microtype-pdftex.def 2022/03/14 v3.0d Definitions specific to pdftex (RS)

LaTeX Info: Redefining \lsstyle on input line 900.
LaTeX Info: Redefining \lslig on input line 900.
\MT@outer@space=\skip53
)
Package microtype Info: Loading configuration file microtype.cfg.

(/opt/homebrew/Cellar/texlive/20220321_4/share/texmf-dist/tex/latex/microtype/m
icrotype.cfg
File: microtype.cfg 2022/03/14 v3.0d microtype main configuration file (RS)
))
(/opt/homebrew/Cellar/texlive/20220321_4/share/texmf-dist/tex/latex/xcolor/xcol
or.sty
Package: xcolor 2021/10/31 v2.13 LaTeX color extensions (UK)

(/opt/homebrew/Cellar/texlive/20220321_4/share/texmf-dist/tex/latex/graphics-cf
g/color.cfg
File: color.cfg 2016/01/02 v1.6 sample color configuration
)
Package xcolor Info: Driver file: pdftex.def on input line 227.

(/opt/homebrew/Cellar/texlive/20220321_4/share/texmf-dist/tex/latex/graphics-de
f/pdftex.def
File: pdftex.def 2020/10/05 v1.2a Graphics/color driver for pdftex
)
(/opt/homebrew/Cellar/texlive/20220321_4/share/texmf-dist/tex/latex/colortbl/co
lortbl.sty
Package: colortbl 2020/01/04 v1.0e Color table columns (DPC)

(/opt/homebrew/Cellar/texlive/20220321_4/share/texmf-dist/tex/latex/tools/array
.sty
Package: array 2021/10/04 v2.5f Tabular extension package (FMi)
\col@sep=\dimen166
\ar@mcellbox=\box54
\extrarowheight=\dimen167
\NC@list=\toks30
\extratabsurround=\skip54
\backup@length=\skip55
\ar@cellbox=\box55
)
\everycr=\toks31
\minrowclearance=\skip56
)
\rownum=\count298
Package xcolor Info: Model `cmy' substituted by `cmy0' on input line 1352.
Package xcolor Info: Model `hsb' substituted by `rgb' on input line 1356.
Package xcolor Info: Model `RGB' extended on input line 1368.
Package xcolor Info: Model `HTML' substituted by `rgb' on input line 1370.
Package xcolor Info: Model `Hsb' substituted by `hsb' on input line 1371.
Package xcolor Info: Model `tHsb' substituted by `hsb' on input line 1372.
Package xcolor Info: Model `HSB' substituted by `hsb' on input line 1373.
Package xcolor Info: Model `Gray' substituted by `gray' on input line 1374.
Package xcolor Info: Model `wave' substituted by `hsb' on input line 1375.
)
\savedwidth=\skip57

(/opt/homebrew/Cellar/texlive/20220321_4/share/texmf-dist/tex/latex/caption/cap
tion.sty
Package: caption 2022/03/01 v3.6b Customizing captions (AR)

(/opt/homebrew/Cellar/texlive/20220321_4/share/texmf-dist/tex/latex/caption/cap
tion3.sty
Package: caption3 2022/03/17 v2.3b caption3 kernel (AR)
\caption@tempdima=\dimen168
\captionmargin=\dimen169
\caption@leftmargin=\dimen170
\caption@rightmargin=\dimen171
\caption@width=\dimen172
\caption@indent=\dimen173
\caption@parindent=\dimen174
\caption@hangindent=\dimen175
Package caption Info: Standard document class detected.
)
\c@caption@flags=\count299
\c@continuedfloat=\count300
Package caption Info: changepage package is loaded.
\caption@adjustwidth@hsize=\dimen176
\caption@adjustwidth@linewidth=\dimen177
Package caption Info: hyperref package is loaded.
)
(/opt/homebrew/Cellar/texlive/20220321_4/share/texmf-dist/tex/latex/lastpage/la
stpage.sty
Package: lastpage 2021/09/03 v1.2n Refers to last page's name (HMM; JPG)
)
(/opt/homebrew/Cellar/texlive/20220321_4/share/texmf-dist/tex/latex/fancyhdr/fa
ncyhdr.sty
Package: fancyhdr 2021/01/28 v4.0.1 Extensive control of page headers and foote
rs
\f@nch@headwidth=\skip58
\f@nch@O@elh=\skip59
\f@nch@O@erh=\skip60
\f@nch@O@olh=\skip61
\f@nch@O@orh=\skip62
\f@nch@O@elf=\skip63
\f@nch@O@erf=\skip64
\f@nch@O@olf=\skip65
\f@nch@O@orf=\skip66
)
(/opt/homebrew/Cellar/texlive/20220321_4/share/texmf-dist/tex/latex/graphics/gr
aphicx.sty
Package: graphicx 2021/09/16 v1.2d Enhanced LaTeX Graphics (DPC,SPQR)

(/opt/homebrew/Cellar/texlive/20220321_4/share/texmf-dist/tex/latex/graphics/gr
aphics.sty
Package: graphics 2021/03/04 v1.4d Standard LaTeX Graphics (DPC,SPQR)

(/opt/homebrew/Cellar/texlive/20220321_4/share/texmf-dist/tex/latex/graphics/tr
ig.sty
Package: trig 2021/08/11 v1.11 sin cos tan (DPC)
)
(/opt/homebrew/Cellar/texlive/20220321_4/share/texmf-dist/tex/latex/graphics-cf
g/graphics.cfg
File: graphics.cfg 2016/06/04 v1.11 sample graphics configuration
)
Package graphics Info: Driver file: pdftex.def on input line 107.
)
\Gin@req@height=\dimen178
\Gin@req@width=\dimen179
)
(/opt/homebrew/Cellar/texlive/20220321_4/share/texmf-dist/tex/latex/epstopdf-pk
g/epstopdf.sty
Package: epstopdf 2020-01-24 v2.11 Conversion with epstopdf on the fly (HO)

(/opt/homebrew/Cellar/texlive/20220321_4/share/texmf-dist/tex/latex/grfext/grfe
xt.sty
Package: grfext 2019/12/03 v1.3 Manage graphics extensions (HO)
)
(/opt/homebrew/Cellar/texlive/20220321_4/share/texmf-dist/tex/latex/epstopdf-pk
g/epstopdf-base.sty
Package: epstopdf-base 2020-01-24 v2.11 Base part for package epstopdf
Package epstopdf-base Info: Redefining graphics rule for `.eps' on input line 4
85.
Package grfext Info: Graphics extension search list:
(grfext)             [.pdf,.png,.jpg,.mps,.jpeg,.jbig2,.jb2,.PDF,.PNG,.JPG,.JPE
G,.JBIG2,.JB2,.eps]
(grfext)             \AppendGraphicsExtensions on input line 504.

(/opt/homebrew/Cellar/texlive/20220321_4/share/texmf-dist/tex/latex/latexconfig
/epstopdf-sys.cfg
File: epstopdf-sys.cfg 2010/07/13 v1.3 Configuration of (r)epstopdf for TeX Liv
e
)))
\cslhangindent=\skip67
\csllabelwidth=\skip68
\cslentryspacingunit=\skip69

(/opt/homebrew/Cellar/texlive/20220321_4/share/texmf-dist/tex/latex/tools/calc.
sty
Package: calc 2017/05/25 v4.3 Infix arithmetic (KKT,FJ)
\calc@Acount=\count301
\calc@Bcount=\count302
\calc@Adimen=\dimen180
\calc@Bdimen=\dimen181
\calc@Askip=\skip70
\calc@Bskip=\skip71
LaTeX Info: Redefining \setlength on input line 80.
LaTeX Info: Redefining \addtolength on input line 81.
\calc@Ccount=\count303
\calc@Cskip=\skip72
)
(/opt/homebrew/Cellar/texlive/20220321_4/share/texmf-dist/tex/latex/base/fonten
c.sty
Package: fontenc 2021/04/29 v2.0v Standard LaTeX package
)
(/opt/homebrew/Cellar/texlive/20220321_4/share/texmf-dist/tex/latex/booktabs/bo
oktabs.sty
Package: booktabs 2020/01/12 v1.61803398 Publication quality tables
\heavyrulewidth=\dimen182
\lightrulewidth=\dimen183
\cmidrulewidth=\dimen184
\belowrulesep=\dimen185
\belowbottomsep=\dimen186
\aboverulesep=\dimen187
\abovetopsep=\dimen188
\cmidrulesep=\dimen189
\cmidrulekern=\dimen190
\defaultaddspace=\dimen191
\@cmidla=\count304
\@cmidlb=\count305
\@aboverulesep=\dimen192
\@belowrulesep=\dimen193
\@thisruleclass=\count306
\@lastruleclass=\count307
\@thisrulewidth=\dimen194
)
(/opt/homebrew/Cellar/texlive/20220321_4/share/texmf-dist/tex/latex/tools/longt
able.sty
Package: longtable 2021-09-01 v4.17 Multi-page Table package (DPC)
\LTleft=\skip73
\LTright=\skip74
\LTpre=\skip75
\LTpost=\skip76
\LTchunksize=\count308
\LTcapwidth=\dimen195
\LT@head=\box56
\LT@firsthead=\box57
\LT@foot=\box58
\LT@lastfoot=\box59
\LT@gbox=\box60
\LT@cols=\count309
\LT@rows=\count310
\c@LT@tables=\count311
\c@LT@chunks=\count312
\LT@p@ftn=\toks32
)
(/opt/homebrew/Cellar/texlive/20220321_4/share/texmf-dist/tex/latex/multirow/mu
ltirow.sty
Package: multirow 2021/03/15 v2.8 Span multiple rows of a table
\multirow@colwidth=\skip77
\multirow@cntb=\count313
\multirow@dima=\skip78
\bigstrutjot=\dimen196
)
(/opt/homebrew/Cellar/texlive/20220321_4/share/texmf-dist/tex/latex/wrapfig/wra
pfig.sty
\wrapoverhang=\dimen197
\WF@size=\dimen198
\c@WF@wrappedlines=\count314
\WF@box=\box61
\WF@everypar=\toks33
Package: wrapfig 2003/01/31  v 3.6
)
(/opt/homebrew/Cellar/texlive/20220321_4/share/texmf-dist/tex/latex/float/float
.sty
Package: float 2001/11/08 v1.3d Float enhancements (AL)
\c@float@type=\count315
\float@exts=\toks34
\float@box=\box62
\@float@everytoks=\toks35
\@floatcapt=\box63
)
(/opt/homebrew/Cellar/texlive/20220321_4/share/texmf-dist/tex/latex/pdflscape/p
dflscape.sty
Package: pdflscape 2019/12/05 v0.12 Display of landscape pages in PDF (HO)

(/opt/homebrew/Cellar/texlive/20220321_4/share/texmf-dist/tex/latex/graphics/ls
cape.sty
Package: lscape 2020/05/28 v3.02 Landscape Pages (DPC)
)
Package pdflscape Info: Auto-detected driver: pdftex on input line 81.
)
(/opt/homebrew/Cellar/texlive/20220321_4/share/texmf-dist/tex/latex/tabu/tabu.s
ty
Package: tabu 2019/01/11 v2.9 - flexible LaTeX tabulars (FC+tabu-fixed)

(/opt/homebrew/Cellar/texlive/20220321_4/share/texmf-dist/tex/latex/varwidth/va
rwidth.sty
Package: varwidth 2009/03/30 ver 0.92;  Variable-width minipages
\@vwid@box=\box64
\sift@deathcycles=\count316
\@vwid@loff=\dimen199
\@vwid@roff=\dimen256
)
\c@taburow=\count317
\tabu@nbcols=\count318
\tabu@cnt=\count319
\tabu@Xcol=\count320
\tabu@alloc=\count321
\tabu@nested=\count322
\tabu@target=\dimen257
\tabu@spreadtarget=\dimen258
\tabu@naturalX=\dimen259
\tabucolX=\dimen260
\tabu@Xsum=\dimen261
\extrarowdepth=\dimen262
\abovetabulinesep=\dimen263
\belowtabulinesep=\dimen264
\tabustrutrule=\dimen265
\tabu@thebody=\toks36
\tabu@footnotes=\toks37
\tabu@box=\box65
\tabu@arstrutbox=\box66
\tabu@hleads=\box67
\tabu@vleads=\box68
\tabu@cellskip=\skip79
)
(/opt/homebrew/Cellar/texlive/20220321_4/share/texmf-dist/tex/latex/threepartta
ble/threeparttable.sty
Package: threeparttable 2003/06/13  v 3.0
\@tempboxb=\box69
)
(/opt/homebrew/Cellar/texlive/20220321_4/share/texmf-dist/tex/latex/threepartta
blex/threeparttablex.sty
Package: threeparttablex 2013/07/23 v0.3 by daleif

(/opt/homebrew/Cellar/texlive/20220321_4/share/texmf-dist/tex/latex/environ/env
iron.sty
Package: environ 2014/05/04 v0.3 A new way to define environments

(/opt/homebrew/Cellar/texlive/20220321_4/share/texmf-dist/tex/latex/trimspaces/
trimspaces.sty
Package: trimspaces 2009/09/17 v1.1 Trim spaces around a token list
))
\TPTL@width=\skip80
)
(/opt/homebrew/Cellar/texlive/20220321_4/share/texmf-dist/tex/generic/ulem/ulem
.sty
\UL@box=\box70
\UL@hyphenbox=\box71
\UL@skip=\skip81
\UL@hook=\toks38
\UL@height=\dimen266
\UL@pe=\count323
\UL@pixel=\dimen267
\ULC@box=\box72
Package: ulem 2019/11/18
\ULdepth=\dimen268
)
(/opt/homebrew/Cellar/texlive/20220321_4/share/texmf-dist/tex/latex/makecell/ma
kecell.sty
Package: makecell 2009/08/03 V0.1e Managing of Tab Column Heads and Cells
\rotheadsize=\dimen269
\c@nlinenum=\count324
\TeXr@lab=\toks39
)
(/opt/homebrew/Cellar/texlive/20220321_4/share/texmf-dist/tex/latex/forarray/fo
rarray.sty
Package: forarray 2008/06/20 Version 1.01 -- Using array structures in LaTeX
\fe@toks=\toks40
\fe@level=\count325
\fe@cnt@i=\count326
\fe@cnt@ii=\count327
\thislevelcount=\count328
\thislevelnr=\count329
)
(/opt/homebrew/Cellar/texlive/20220321_4/share/texmf-dist/tex/generic/xstring/x
string.sty
(/opt/homebrew/Cellar/texlive/20220321_4/share/texmf-dist/tex/generic/xstring/x
string.tex
\integerpart=\count330
\decimalpart=\count331
)
Package: xstring 2021/07/21 v1.84 String manipulations (CT)
)
(/opt/homebrew/Cellar/texlive/20220321_4/share/texmf-dist/tex/latex/l3backend/l
3backend-pdftex.def
File: l3backend-pdftex.def 2022-02-07 L3 backend support: PDF output (pdfTeX)
\l__color_backend_stack_int=\count332
\l__pdf_internal_box=\box73
) (./manuscript-only-supplementary.aux)
\openout1 = `manuscript-only-supplementary.aux'.

LaTeX Font Info:    Checking defaults for OML/cmm/m/it on input line 244.
LaTeX Font Info:    ... okay on input line 244.
LaTeX Font Info:    Checking defaults for OMS/cmsy/m/n on input line 244.
LaTeX Font Info:    ... okay on input line 244.
LaTeX Font Info:    Checking defaults for OT1/cmr/m/n on input line 244.
LaTeX Font Info:    ... okay on input line 244.
LaTeX Font Info:    Checking defaults for T1/cmr/m/n on input line 244.
LaTeX Font Info:    ... okay on input line 244.
LaTeX Font Info:    Checking defaults for TS1/cmr/m/n on input line 244.
LaTeX Font Info:    ... okay on input line 244.
LaTeX Font Info:    Checking defaults for OMX/cmex/m/n on input line 244.
LaTeX Font Info:    ... okay on input line 244.
LaTeX Font Info:    Checking defaults for U/cmr/m/n on input line 244.
LaTeX Font Info:    ... okay on input line 244.
LaTeX Font Info:    Checking defaults for PD1/pdf/m/n on input line 244.
LaTeX Font Info:    ... okay on input line 244.
LaTeX Font Info:    Checking defaults for PU/pdf/m/n on input line 244.
LaTeX Font Info:    ... okay on input line 244.
*geometry* driver: auto-detecting
*geometry* detected driver: pdftex
*geometry* verbose mode - [ preamble ] result:
* driver: pdftex
* paper: letterpaper
* layout: <same size as paper>
* layoutoffset:(h,v)=(0.0pt,0.0pt)
* modes: 
* h-part:(L,W,R)=(198.7425pt, 323.40732pt, 92.14519pt)
* v-part:(T,H,B)=(61.42993pt, 638.14268pt, 95.39737pt)
* \paperwidth=614.295pt
* \paperheight=794.96999pt
* \textwidth=379.4175pt
* \textheight=632.36249pt
* \oddsidemargin=126.4725pt
* \evensidemargin=126.4725pt
* \topmargin=-47.84006pt
* \headheight=12.0pt
* \headsep=25.0pt
* \topskip=10.0pt
* \footskip=54.2025pt
* \marginparwidth=65.0pt
* \marginparsep=11.0pt
* \columnsep=10.0pt
* \skip\footins=9.0pt plus 4.0pt minus 2.0pt
* \hoffset=0.0pt
* \voffset=0.0pt
* \mag=1000
* \@twocolumnfalse
* \@twosidefalse
* \@mparswitchfalse
* \@reversemarginfalse
* (1in=72.27pt=25.4mm, 1cm=28.453pt)


(/opt/homebrew/Cellar/texlive/20220321_4/share/texmf-dist/tex/latex/ucs/ucsencs
.def
File: ucsencs.def 2011/01/21 Fixes to fontencodings LGR, T3
)
Package hyperref Info: Link coloring OFF on input line 244.
LaTeX Info: Redefining \ref on input line 244.
LaTeX Info: Redefining \pageref on input line 244.
LaTeX Info: Redefining \nameref on input line 244.
(./manuscript-only-supplementary.out) (./manuscript-only-supplementary.out)
\@outlinefile=\write3
\openout3 = `manuscript-only-supplementary.out'.

LaTeX Info: Redefining \microtypecontext on input line 244.
Package microtype Info: Applying patch `item' on input line 244.
Package microtype Info: Applying patch `toc' on input line 244.
Package microtype Info: Applying patch `eqnum' on input line 244.
Package microtype Info: Applying patch `footnote' on input line 244.
Package microtype Info: Generating PDF output.
Package microtype Info: Character protrusion enabled (level 2).
Package microtype Info: Using default protrusion set `alltext'.
Package microtype Info: Automatic font expansion enabled (level 2),
(microtype)             stretch: 20, shrink: 20, step: 1, non-selected.
Package microtype Info: Using default expansion set `alltext-nott'.
LaTeX Info: Redefining \showhyphens on input line 244.
Package microtype Info: No adjustment of tracking.
Package microtype Info: No adjustment of interword spacing.
Package microtype Info: No adjustment of character kerning.

(/opt/homebrew/Cellar/texlive/20220321_4/share/texmf-dist/tex/latex/microtype/m
t-cmr.cfg
File: mt-cmr.cfg 2013/05/19 v2.2 microtype config. file: Computer Modern Roman 
(RS)
)
(/opt/homebrew/Cellar/texlive/20220321_4/share/texmf-dist/tex/context/base/mkii
/supp-pdf.mkii
[Loading MPS to PDF converter (version 2006.09.02).]
\scratchcounter=\count333
\scratchdimen=\dimen270
\scratchbox=\box74
\nofMPsegments=\count334
\nofMParguments=\count335
\everyMPshowfont=\toks41
\MPscratchCnt=\count336
\MPscratchDim=\dimen271
\MPnumerator=\count337
\makeMPintoPDFobject=\count338
\everyMPtoPDFconversion=\toks42
)
Package caption Info: Begin \AtBeginDocument code.
Package caption Info: float package is loaded.
Package caption Info: longtable package is loaded.

(/opt/homebrew/Cellar/texlive/20220321_4/share/texmf-dist/tex/latex/caption/ltc
aption.sty
Package: ltcaption 2021/01/08 v1.4c longtable captions (AR)
)
Package caption Info: threeparttable package is loaded.
Package caption Info: wrapfig package is loaded.
Package caption Info: End \AtBeginDocument code.
Package lastpage Info: Please have a look at the pageslts package at
(lastpage)             https://www.ctan.org/pkg/pageslts
(lastpage)             ! on input line 244.
LaTeX Font Info:    Trying to load font information for T1+cmss on input line 2
51.

(/opt/homebrew/Cellar/texlive/20220321_4/share/texmf-dist/tex/latex/base/t1cmss
.fd
File: t1cmss.fd 2019/12/16 v2.5j Standard LaTeX font definitions
)
Package microtype Info: Loading generic protrusion settings for font family
(microtype)             `cmss' (encoding: T1).
(microtype)             For optimal results, create family-specific settings.
(microtype)             See the microtype manual for details.
LaTeX Font Info:    Trying to load font information for U+msa on input line 276
.

(/opt/homebrew/Cellar/texlive/20220321_4/share/texmf-dist/tex/latex/amsfonts/um
sa.fd
File: umsa.fd 2013/01/14 v3.01 AMS symbols A
)
(/opt/homebrew/Cellar/texlive/20220321_4/share/texmf-dist/tex/latex/microtype/m
t-msa.cfg
File: mt-msa.cfg 2006/02/04 v1.1 microtype config. file: AMS symbols (a) (RS)
)
LaTeX Font Info:    Trying to load font information for U+msb on input line 276
.

(/opt/homebrew/Cellar/texlive/20220321_4/share/texmf-dist/tex/latex/amsfonts/um
sb.fd
File: umsb.fd 2013/01/14 v3.01 AMS symbols B
)
(/opt/homebrew/Cellar/texlive/20220321_4/share/texmf-dist/tex/latex/microtype/m
t-msb.cfg
File: mt-msb.cfg 2005/06/01 v1.0 microtype config. file: AMS symbols (b) (RS)
) [1

{/opt/homebrew/Cellar/texlive/20220321_4/share/texmf-dist/fonts/map/pdftex/updm
ap/pdftex.map}] [2]
<../../../crowd-forecast/Screenshot-forecasting-app.png, id=133, 2055.68pt x 99
1.705pt>
File: ../../../crowd-forecast/Screenshot-forecasting-app.png Graphic file (type
 png)
<use ../../../crowd-forecast/Screenshot-forecasting-app.png>
Package pdftex.def Info: ../../../crowd-forecast/Screenshot-forecasting-app.png
  used on input line 300.
(pdftex.def)             Requested size: 379.4175pt x 183.03885pt.
[3

 <../../../crowd-forecast/Screenshot-forecasting-app.png>] [4

]
LaTeX Font Info:    Trying to load font information for T1+cmtt on input line 4
05.

(/opt/homebrew/Cellar/texlive/20220321_4/share/texmf-dist/tex/latex/base/t1cmtt
.fd
File: t1cmtt.fd 2019/12/16 v2.5j Standard LaTeX font definitions
)
Package microtype Info: Loading generic protrusion settings for font family
(microtype)             `cmtt' (encoding: T1).
(microtype)             For optimal results, create family-specific settings.
(microtype)             See the microtype manual for details.
[5] [6]

LaTeX Warning: `!h' float specifier changed to `!ht'.

[7

] [8]
<../../../analysis/plots/aggregate-performance-all-Germany-v4.png, id=210, 3011
.25pt x 2740.2375pt>
File: ../../../analysis/plots/aggregate-performance-all-Germany-v4.png Graphic 
file (type png)
<use ../../../analysis/plots/aggregate-performance-all-Germany-v4.png>
Package pdftex.def Info: ../../../analysis/plots/aggregate-performance-all-Germ
any-v4.png  used on input line 562.
(pdftex.def)             Requested size: 379.4175pt x 345.24667pt.
<../../../analysis/plots/aggregate-performance-all-Poland-v4.png, id=212, 3011.
25pt x 2740.2375pt>
File: ../../../analysis/plots/aggregate-performance-all-Poland-v4.png Graphic f
ile (type png)
<use ../../../analysis/plots/aggregate-performance-all-Poland-v4.png>
Package pdftex.def Info: ../../../analysis/plots/aggregate-performance-all-Pola
nd-v4.png  used on input line 570.
(pdftex.def)             Requested size: 379.4175pt x 345.24667pt.
[9

 <../../../analysis/plots/aggregate-performance-all-Germany-v4.png>]
<../../../analysis/plots/aggregate-performance-2-weeks-locations-all-v4.png, id
=222, 3011.25pt x 2740.2375pt>
File: ../../../analysis/plots/aggregate-performance-2-weeks-locations-all-v4.pn
g Graphic file (type png)
<use ../../../analysis/plots/aggregate-performance-2-weeks-locations-all-v4.png
>
Package pdftex.def Info: ../../../analysis/plots/aggregate-performance-2-weeks-
locations-all-v4.png  used on input line 579.
(pdftex.def)             Requested size: 379.4175pt x 345.24667pt.
[10 <../../../analysis/plots/aggregate-performance-all-Poland-v4.png>]
<../../../analysis/plots/aggregate-performance-2-weeks-locations-all-rel-v4.png
, id=231, 3011.25pt x 2740.2375pt>
File: ../../../analysis/plots/aggregate-performance-2-weeks-locations-all-rel-v
4.png Graphic file (type png)
<use ../../../analysis/plots/aggregate-performance-2-weeks-locations-all-rel-v4
.png>
Package pdftex.def Info: ../../../analysis/plots/aggregate-performance-2-weeks-
locations-all-rel-v4.png  used on input line 588.
(pdftex.def)             Requested size: 379.4175pt x 345.24667pt.
[11 <../../../analysis/plots/aggregate-performance-2-weeks-locations-all-v4.png
>] [12 <../../../analysis/plots/aggregate-performance-2-weeks-locations-all-rel
-v4.png>]
<../../../analysis/plots/daily_truth.png, id=248, 3011.25pt x 2409.0pt>
File: ../../../analysis/plots/daily_truth.png Graphic file (type png)
<use ../../../analysis/plots/daily_truth.png>
Package pdftex.def Info: ../../../analysis/plots/daily_truth.png  used on input
 line 599.
(pdftex.def)             Requested size: 379.4175pt x 303.51355pt.
<../../../analysis/plots/daily-data-updates.png, id=249, 2710.125pt x 1806.75pt
>
File: ../../../analysis/plots/daily-data-updates.png Graphic file (type png)
<use ../../../analysis/plots/daily-data-updates.png>
Package pdftex.def Info: ../../../analysis/plots/daily-data-updates.png  used o
n input line 604.
(pdftex.def)             Requested size: 379.4175pt x 252.94327pt.
[13

 <../../../analysis/plots/daily_truth.png>]
<../../../analysis/plots/weekly-data-updates.png, id=259, 2710.125pt x 1806.75p
t>
File: ../../../analysis/plots/weekly-data-updates.png Graphic file (type png)
<use ../../../analysis/plots/weekly-data-updates.png>
Package pdftex.def Info: ../../../analysis/plots/weekly-data-updates.png  used 
on input line 609.
(pdftex.def)             Requested size: 379.4175pt x 252.94327pt.
[14 <../../../analysis/plots/daily-data-updates.png>] [15 <../../../analysis/pl
ots/weekly-data-updates.png>]
<../../../analysis/plots/figure-forecasts-1.png, id=274, 2007.5pt x 2208.25pt>
File: ../../../analysis/plots/figure-forecasts-1.png Graphic file (type png)
<use ../../../analysis/plots/figure-forecasts-1.png>
Package pdftex.def Info: ../../../analysis/plots/figure-forecasts-1.png  used o
n input line 620.
(pdftex.def)             Requested size: 379.4175pt x 417.34798pt.
<../../../analysis/plots/figure-forecasts-3.png, id=275, 2007.5pt x 2208.25pt>
File: ../../../analysis/plots/figure-forecasts-3.png Graphic file (type png)
<use ../../../analysis/plots/figure-forecasts-3.png>
Package pdftex.def Info: ../../../analysis/plots/figure-forecasts-3.png  used o
n input line 625.
(pdftex.def)             Requested size: 379.4175pt x 417.34798pt.
[16

 <../../../analysis/plots/figure-forecasts-1.png>]
<../../../analysis/plots/figure-forecasts-4.png, id=284, 2007.5pt x 2208.25pt>
File: ../../../analysis/plots/figure-forecasts-4.png Graphic file (type png)
<use ../../../analysis/plots/figure-forecasts-4.png>
Package pdftex.def Info: ../../../analysis/plots/figure-forecasts-4.png  used o
n input line 630.
(pdftex.def)             Requested size: 379.4175pt x 417.34798pt.
[17 <../../../analysis/plots/figure-forecasts-3.png>] [18 <../../../analysis/pl
ots/figure-forecasts-4.png>]
<../../../analysis/plots/distribution_scores_wis-1.png, id=300, 2710.125pt x 18
06.75pt>
File: ../../../analysis/plots/distribution_scores_wis-1.png Graphic file (type 
png)
<use ../../../analysis/plots/distribution_scores_wis-1.png>
Package pdftex.def Info: ../../../analysis/plots/distribution_scores_wis-1.png 
 used on input line 643.
(pdftex.def)             Requested size: 379.4175pt x 252.94327pt.
<../../../analysis/plots/distribution_scores_wis-3.png, id=301, 2710.125pt x 18
06.75pt>
File: ../../../analysis/plots/distribution_scores_wis-3.png Graphic file (type 
png)
<use ../../../analysis/plots/distribution_scores_wis-3.png>
Package pdftex.def Info: ../../../analysis/plots/distribution_scores_wis-3.png 
 used on input line 648.
(pdftex.def)             Requested size: 379.4175pt x 252.94327pt.
<../../../analysis/plots/distribution_scores_wis-4.png, id=302, 2710.125pt x 18
06.75pt>
File: ../../../analysis/plots/distribution_scores_wis-4.png Graphic file (type 
png)
<use ../../../analysis/plots/distribution_scores_wis-4.png>
Package pdftex.def Info: ../../../analysis/plots/distribution_scores_wis-4.png 
 used on input line 653.
(pdftex.def)             Requested size: 379.4175pt x 252.94327pt.
[19

 <../../../analysis/plots/distribution_scores_wis-1.png> <../../../analysis/plo
ts/distribution_scores_wis-3.png>]
<../../../analysis/plots/distribution_scores_wis-1-ranks.png, id=315, 2710.125p
t x 1806.75pt>
File: ../../../analysis/plots/distribution_scores_wis-1-ranks.png Graphic file 
(type png)
<use ../../../analysis/plots/distribution_scores_wis-1-ranks.png>
Package pdftex.def Info: ../../../analysis/plots/distribution_scores_wis-1-rank
s.png  used on input line 662.
(pdftex.def)             Requested size: 379.4175pt x 252.94327pt.
<../../../analysis/plots/distribution_scores_wis-2-ranks.png, id=316, 2710.125p
t x 1806.75pt>
File: ../../../analysis/plots/distribution_scores_wis-2-ranks.png Graphic file 
(type png)
<use ../../../analysis/plots/distribution_scores_wis-2-ranks.png>
Package pdftex.def Info: ../../../analysis/plots/distribution_scores_wis-2-rank
s.png  used on input line 667.
(pdftex.def)             Requested size: 379.4175pt x 252.94327pt.
[20 <../../../analysis/plots/distribution_scores_wis-4.png> <../../../analysis/
plots/distribution_scores_wis-1-ranks.png>]
<../../../analysis/plots/distribution_scores_wis-3-ranks.png, id=327, 2710.125p
t x 1806.75pt>
File: ../../../analysis/plots/distribution_scores_wis-3-ranks.png Graphic file 
(type png)
<use ../../../analysis/plots/distribution_scores_wis-3-ranks.png>
Package pdftex.def Info: ../../../analysis/plots/distribution_scores_wis-3-rank
s.png  used on input line 672.
(pdftex.def)             Requested size: 379.4175pt x 252.94327pt.
<../../../analysis/plots/distribution_scores_wis-4-ranks.png, id=328, 2710.125p
t x 1806.75pt>
File: ../../../analysis/plots/distribution_scores_wis-4-ranks.png Graphic file 
(type png)
<use ../../../analysis/plots/distribution_scores_wis-4-ranks.png>
Package pdftex.def Info: ../../../analysis/plots/distribution_scores_wis-4-rank
s.png  used on input line 677.
(pdftex.def)             Requested size: 379.4175pt x 252.94327pt.
[21 <../../../analysis/plots/distribution_scores_wis-2-ranks.png> <../../../ana
lysis/plots/distribution_scores_wis-3-ranks.png>]
<../../../analysis/plots/difference-wis-crowd-ensemble.png, id=338, 2710.125pt 
x 1053.9375pt>
File: ../../../analysis/plots/difference-wis-crowd-ensemble.png Graphic file (t
ype png)
<use ../../../analysis/plots/difference-wis-crowd-ensemble.png>
Package pdftex.def Info: ../../../analysis/plots/difference-wis-crowd-ensemble.
png  used on input line 682.
(pdftex.def)             Requested size: 379.4175pt x 147.55025pt.
<../../../analysis/plots/difference-wis-crowd-renewal.png, id=339, 2710.125pt x
 1053.9375pt>
File: ../../../analysis/plots/difference-wis-crowd-renewal.png Graphic file (ty
pe png)
<use ../../../analysis/plots/difference-wis-crowd-renewal.png>
Package pdftex.def Info: ../../../analysis/plots/difference-wis-crowd-renewal.p
ng  used on input line 687.
(pdftex.def)             Requested size: 379.4175pt x 147.55025pt.
[22 <../../../analysis/plots/distribution_scores_wis-4-ranks.png> <../../../ana
lysis/plots/difference-wis-crowd-ensemble.png>] [23 <../../../analysis/plots/di
fference-wis-crowd-renewal.png>]
<../../../analysis/plots/aggregate-performance-rel-ensemble-mean-v4.png, id=356
, 3011.25pt x 2740.2375pt>
File: ../../../analysis/plots/aggregate-performance-rel-ensemble-mean-v4.png Gr
aphic file (type png)
<use ../../../analysis/plots/aggregate-performance-rel-ensemble-mean-v4.png>
Package pdftex.def Info: ../../../analysis/plots/aggregate-performance-rel-ense
mble-mean-v4.png  used on input line 701.
(pdftex.def)             Requested size: 379.4175pt x 345.24667pt.

(/opt/homebrew/Cellar/texlive/20220321_4/share/texmf-dist/tex/latex/ucs/data/un
i-32.def
File: uni-32.def 2013/05/13 UCS: Unicode data U+2000..U+20FF
)

LaTeX Warning: `!h' float specifier changed to `!ht'.


LaTeX Warning: `!h' float specifier changed to `!ht'.


LaTeX Warning: `!h' float specifier changed to `!ht'.


LaTeX Warning: `!h' float specifier changed to `!ht'.

[24 <../../../analysis/plots/aggregate-performance-rel-ensemble-mean-v4.png>] [
25] [26] [27] [28]
<../../../analysis/plots/aggregate-performance-all-late-period-v4.png, id=393, 
3011.25pt x 2740.2375pt>
File: ../../../analysis/plots/aggregate-performance-all-late-period-v4.png Grap
hic file (type png)
<use ../../../analysis/plots/aggregate-performance-all-late-period-v4.png>
Package pdftex.def Info: ../../../analysis/plots/aggregate-performance-all-late
-period-v4.png  used on input line 954.
(pdftex.def)             Requested size: 379.4175pt x 345.24667pt.

LaTeX Warning: `!h' float specifier changed to `!ht'.


LaTeX Warning: `!h' float specifier changed to `!ht'.

[29

 <../../../analysis/plots/aggregate-performance-all-late-period-v4.png>]

LaTeX Warning: Text page 30 contains only floats.

[30]
<../../../analysis/plots/number-forecasters.png, id=409, 2525.435pt x 2425.06pt
>
File: ../../../analysis/plots/number-forecasters.png Graphic file (type png)
<use ../../../analysis/plots/number-forecasters.png>
Package pdftex.def Info: ../../../analysis/plots/number-forecasters.png  used o
n input line 1103.
(pdftex.def)             Requested size: 379.4175pt x 364.33536pt.
[31

]
<../../../analysis/plots/ensemble-members.png, id=418, 2525.435pt x 2425.06pt>
File: ../../../analysis/plots/ensemble-members.png Graphic file (type png)
<use ../../../analysis/plots/ensemble-members.png>
Package pdftex.def Info: ../../../analysis/plots/ensemble-members.png  used on 
input line 1108.
(pdftex.def)             Requested size: 379.4175pt x 364.33536pt.
[32 <../../../analysis/plots/number-forecasters.png>] [33 <../../../analysis/pl
ots/ensemble-members.png>]
<../../../analysis/plots/comparison-forecast-interals.png, id=434, 2710.125pt x
 1806.75pt>
File: ../../../analysis/plots/comparison-forecast-interals.png Graphic file (ty
pe png)
<use ../../../analysis/plots/comparison-forecast-interals.png>
Package pdftex.def Info: ../../../analysis/plots/comparison-forecast-interals.p
ng  used on input line 1119.
(pdftex.def)             Requested size: 379.4175pt x 252.94327pt.

AED: lastpage setting LastPage
[34

 <../../../analysis/plots/comparison-forecast-interals.png>] (./manuscript-only
-supplementary.aux)
Package rerunfilecheck Info: File `manuscript-only-supplementary.out' has not c
hanged.
(rerunfilecheck)             Checksum: 56993AF253ADD71680D52E886310F3BD;5634.
 ) 
Here is how much of TeX's memory you used:
 18114 strings out of 478268
 309663 string characters out of 5835366
 756401 words of memory out of 5000000
 35757 multiletter control sequences out of 15000+600000
 481238 words of font info for 94 fonts, out of 8000000 for 9000
 1141 hyphenation exceptions out of 8191
 67i,12n,76p,1973b,556s stack positions out of 10000i,1000n,20000p,200000b,200000s
{/opt/homebrew/Cellar/texlive/20220321_4/share/texmf-dist/fonts/enc/dvips/cm-
super/cm-super-t1.enc}</opt/homebrew/Cellar/texlive/20220321_4/share/texmf-dist
/fonts/type1/public/amsfonts/cm/cmex10.pfb></opt/homebrew/Cellar/texlive/202203
21_4/share/texmf-dist/fonts/type1/public/amsfonts/cm/cmmi10.pfb></opt/homebrew/
Cellar/texlive/20220321_4/share/texmf-dist/fonts/type1/public/amsfonts/cm/cmmi5
.pfb></opt/homebrew/Cellar/texlive/20220321_4/share/texmf-dist/fonts/type1/publ
ic/amsfonts/cm/cmmi7.pfb></opt/homebrew/Cellar/texlive/20220321_4/share/texmf-d
ist/fonts/type1/public/amsfonts/cm/cmr10.pfb></opt/homebrew/Cellar/texlive/2022
0321_4/share/texmf-dist/fonts/type1/public/amsfonts/cm/cmr7.pfb></opt/homebrew/
Cellar/texlive/20220321_4/share/texmf-dist/fonts/type1/public/amsfonts/cm/cmsy1
0.pfb></opt/homebrew/Cellar/texlive/20220321_4/share/texmf-dist/fonts/type1/pub
lic/amsfonts/cm/cmsy7.pfb></opt/homebrew/Cellar/texlive/20220321_4/share/texmf-
dist/fonts/type1/public/cm-super/sfbx1000.pfb></opt/homebrew/Cellar/texlive/202
20321_4/share/texmf-dist/fonts/type1/public/cm-super/sfbx1200.pfb></opt/homebre
w/Cellar/texlive/20220321_4/share/texmf-dist/fonts/type1/public/cm-super/sfbx14
40.pfb></opt/homebrew/Cellar/texlive/20220321_4/share/texmf-dist/fonts/type1/pu
blic/cm-super/sfrm1000.pfb></opt/homebrew/Cellar/texlive/20220321_4/share/texmf
-dist/fonts/type1/public/cm-super/sfss0500.pfb></opt/homebrew/Cellar/texlive/20
220321_4/share/texmf-dist/fonts/type1/public/cm-super/sfti1000.pfb></opt/homebr
ew/Cellar/texlive/20220321_4/share/texmf-dist/fonts/type1/public/cm-super/sftt1
000.pfb>
Output written on manuscript-only-supplementary.pdf (34 pages, 8323946 bytes).
PDF statistics:
 541 PDF objects out of 1000 (max. 8388607)
 421 compressed objects within 5 object streams
 154 named destinations out of 1000 (max. 500000)
 25414 words of extra memory for PDF output out of 29859 (max. 10000000)

