This is pdfTeX, Version 3.141592653-2.6-1.40.23 (TeX Live 2021/Arch Linux) (preloaded format=pdflatex 2022.1.4)  14 JAN 2022 15:51
entering extended mode
 restricted \write18 enabled.
 %&-line parsing enabled.
**manuscript.tex
(./manuscript.tex
LaTeX2e <2021-11-15> patch level 1
L3 programming layer <2021-11-22> (/usr/share/texmf-dist/tex/latex/base/article
.cls
Document Class: article 2021/10/04 v1.4n Standard LaTeX document class
(/usr/share/texmf-dist/tex/latex/base/size10.clo
File: size10.clo 2021/10/04 v1.4n Standard LaTeX file (size option)
)
\c@part=\count183
\c@section=\count184
\c@subsection=\count185
\c@subsubsection=\count186
\c@paragraph=\count187
\c@subparagraph=\count188
\c@figure=\count189
\c@table=\count190
\abovecaptionskip=\skip47
\belowcaptionskip=\skip48
\bibindent=\dimen138
) (/usr/share/texmf-dist/tex/latex/amsmath/amsmath.sty
Package: amsmath 2021/10/15 v2.17l AMS math features
\@mathmargin=\skip49
For additional information on amsmath, use the `?' option.
(/usr/share/texmf-dist/tex/latex/amsmath/amstext.sty
Package: amstext 2021/08/26 v2.01 AMS text
(/usr/share/texmf-dist/tex/latex/amsmath/amsgen.sty
File: amsgen.sty 1999/11/30 v2.0 generic functions
\@emptytoks=\toks16
\ex@=\dimen139
)) (/usr/share/texmf-dist/tex/latex/amsmath/amsbsy.sty
Package: amsbsy 1999/11/29 v1.2d Bold Symbols
\pmbraise@=\dimen140
) (/usr/share/texmf-dist/tex/latex/amsmath/amsopn.sty
Package: amsopn 2021/08/26 v2.02 operator names
)
\inf@bad=\count191
LaTeX Info: Redefining \frac on input line 234.
\uproot@=\count192
\leftroot@=\count193
LaTeX Info: Redefining \overline on input line 399.
\classnum@=\count194
\DOTSCASE@=\count195
LaTeX Info: Redefining \ldots on input line 496.
LaTeX Info: Redefining \dots on input line 499.
LaTeX Info: Redefining \cdots on input line 620.
\Mathstrutbox@=\box50
\strutbox@=\box51
\big@size=\dimen141
LaTeX Font Info:    Redeclaring font encoding OML on input line 743.
LaTeX Font Info:    Redeclaring font encoding OMS on input line 744.
\macc@depth=\count196
\c@MaxMatrixCols=\count197
\dotsspace@=\muskip16
\c@parentequation=\count198
\dspbrk@lvl=\count199
\tag@help=\toks17
\row@=\count266
\column@=\count267
\maxfields@=\count268
\andhelp@=\toks18
\eqnshift@=\dimen142
\alignsep@=\dimen143
\tagshift@=\dimen144
\tagwidth@=\dimen145
\totwidth@=\dimen146
\lineht@=\dimen147
\@envbody=\toks19
\multlinegap=\skip50
\multlinetaggap=\skip51
\mathdisplay@stack=\toks20
LaTeX Info: Redefining \[ on input line 2938.
LaTeX Info: Redefining \] on input line 2939.
) (/usr/share/texmf-dist/tex/latex/amsfonts/amssymb.sty
Package: amssymb 2013/01/14 v3.01 AMS font symbols
(/usr/share/texmf-dist/tex/latex/amsfonts/amsfonts.sty
Package: amsfonts 2013/01/14 v3.01 Basic AMSFonts support
\symAMSa=\mathgroup4
\symAMSb=\mathgroup5
LaTeX Font Info:    Redeclaring math symbol \hbar on input line 98.
LaTeX Font Info:    Overwriting math alphabet `\mathfrak' in version `bold'
(Font)                  U/euf/m/n --> U/euf/b/n on input line 106.
)) (/usr/share/texmf-dist/tex/latex/lm/lmodern.sty
Package: lmodern 2015/05/01 v1.6.1 Latin Modern Fonts
LaTeX Font Info:    Overwriting symbol font `operators' in version `normal'
(Font)                  OT1/cmr/m/n --> OT1/lmr/m/n on input line 22.
LaTeX Font Info:    Overwriting symbol font `letters' in version `normal'
(Font)                  OML/cmm/m/it --> OML/lmm/m/it on input line 23.
LaTeX Font Info:    Overwriting symbol font `symbols' in version `normal'
(Font)                  OMS/cmsy/m/n --> OMS/lmsy/m/n on input line 24.
LaTeX Font Info:    Overwriting symbol font `largesymbols' in version `normal'
(Font)                  OMX/cmex/m/n --> OMX/lmex/m/n on input line 25.
LaTeX Font Info:    Overwriting symbol font `operators' in version `bold'
(Font)                  OT1/cmr/bx/n --> OT1/lmr/bx/n on input line 26.
LaTeX Font Info:    Overwriting symbol font `letters' in version `bold'
(Font)                  OML/cmm/b/it --> OML/lmm/b/it on input line 27.
LaTeX Font Info:    Overwriting symbol font `symbols' in version `bold'
(Font)                  OMS/cmsy/b/n --> OMS/lmsy/b/n on input line 28.
LaTeX Font Info:    Overwriting symbol font `largesymbols' in version `bold'
(Font)                  OMX/cmex/m/n --> OMX/lmex/m/n on input line 29.
LaTeX Font Info:    Overwriting math alphabet `\mathbf' in version `normal'
(Font)                  OT1/cmr/bx/n --> OT1/lmr/bx/n on input line 31.
LaTeX Font Info:    Overwriting math alphabet `\mathsf' in version `normal'
(Font)                  OT1/cmss/m/n --> OT1/lmss/m/n on input line 32.
LaTeX Font Info:    Overwriting math alphabet `\mathit' in version `normal'
(Font)                  OT1/cmr/m/it --> OT1/lmr/m/it on input line 33.
LaTeX Font Info:    Overwriting math alphabet `\mathtt' in version `normal'
(Font)                  OT1/cmtt/m/n --> OT1/lmtt/m/n on input line 34.
LaTeX Font Info:    Overwriting math alphabet `\mathbf' in version `bold'
(Font)                  OT1/cmr/bx/n --> OT1/lmr/bx/n on input line 35.
LaTeX Font Info:    Overwriting math alphabet `\mathsf' in version `bold'
(Font)                  OT1/cmss/bx/n --> OT1/lmss/bx/n on input line 36.
LaTeX Font Info:    Overwriting math alphabet `\mathit' in version `bold'
(Font)                  OT1/cmr/bx/it --> OT1/lmr/bx/it on input line 37.
LaTeX Font Info:    Overwriting math alphabet `\mathtt' in version `bold'
(Font)                  OT1/cmtt/m/n --> OT1/lmtt/m/n on input line 38.
) (/usr/share/texmf-dist/tex/latex/setspace/setspace.sty
Package: setspace 2011/12/19 v6.7a set line spacing
) (/usr/share/texmf-dist/tex/generic/iftex/iftex.sty
Package: iftex 2020/03/06 v1.0d TeX engine tests
) (/usr/share/texmf-dist/tex/latex/base/fontenc.sty
Package: fontenc 2021/04/29 v2.0v Standard LaTeX package
LaTeX Font Info:    Trying to load font information for T1+lmr on input line 11
2.
(/usr/share/texmf-dist/tex/latex/lm/t1lmr.fd
File: t1lmr.fd 2015/05/01 v1.6.1 Font defs for Latin Modern
)) (/usr/share/texmf-dist/tex/latex/base/inputenc.sty
Package: inputenc 2021/02/14 v1.3d Input encoding file
\inpenc@prehook=\toks21
\inpenc@posthook=\toks22
) (/usr/share/texmf-dist/tex/latex/base/textcomp.sty
Package: textcomp 2020/02/02 v2.0n Standard LaTeX package
) (/usr/share/texmf-dist/tex/latex/upquote/upquote.sty
Package: upquote 2012/04/19 v1.3 upright-quote and grave-accent glyphs in verba
tim
) (/usr/share/texmf-dist/tex/latex/microtype/microtype.sty
Package: microtype 2021/12/10 v3.0b Micro-typographical refinements (RS)
(/usr/share/texmf-dist/tex/latex/graphics/keyval.sty
Package: keyval 2014/10/28 v1.15 key=value parser (DPC)
\KV@toks@=\toks23
) (/usr/share/texmf-dist/tex/latex/etoolbox/etoolbox.sty
Package: etoolbox 2020/10/05 v2.5k e-TeX tools for LaTeX (JAW)
\etb@tempcnta=\count269
)
\MT@toks=\toks24
\MT@count=\count270
\MT@tempbox=\box52
LaTeX Info: Redefining \leftprotrusion on input line 1010.
LaTeX Info: Redefining \rightprotrusion on input line 1018.
LaTeX Info: Redefining \textls on input line 1173.
\MT@outer@kern=\dimen148
LaTeX Info: Redefining \textmicrotypecontext on input line 1759.
\MT@listname@count=\count271
(/usr/share/texmf-dist/tex/latex/microtype/microtype-pdftex.def
File: microtype-pdftex.def 2021/12/10 v3.0b Definitions specific to pdftex (RS)

LaTeX Info: Redefining \lsstyle on input line 897.
LaTeX Info: Redefining \lslig on input line 897.
\MT@outer@space=\skip52
)
Package microtype Info: Loading configuration file microtype.cfg.
(/usr/share/texmf-dist/tex/latex/microtype/microtype.cfg
File: microtype.cfg 2021/12/10 v3.0b microtype main configuration file (RS)
)) (/usr/share/texmf-dist/tex/latex/parskip/parskip.sty
Package: parskip 2021-03-14 v2.0h non-zero parskip adjustments
(/usr/share/texmf-dist/tex/latex/kvoptions/kvoptions.sty
Package: kvoptions 2020-10-07 v3.14 Key value format for package options (HO)
(/usr/share/texmf-dist/tex/generic/ltxcmds/ltxcmds.sty
Package: ltxcmds 2020-05-10 v1.25 LaTeX kernel commands for general use (HO)
) (/usr/share/texmf-dist/tex/generic/kvsetkeys/kvsetkeys.sty
Package: kvsetkeys 2019/12/15 v1.18 Key value parser (HO)
))) (/usr/share/texmf-dist/tex/latex/xcolor/xcolor.sty
Package: xcolor 2021/10/31 v2.13 LaTeX color extensions (UK)
(/usr/share/texmf-dist/tex/latex/graphics-cfg/color.cfg
File: color.cfg 2016/01/02 v1.6 sample color configuration
)
Package xcolor Info: Driver file: pdftex.def on input line 227.
(/usr/share/texmf-dist/tex/latex/graphics-def/pdftex.def
File: pdftex.def 2020/10/05 v1.2a Graphics/color driver for pdftex
)
Package xcolor Info: Model `cmy' substituted by `cmy0' on input line 1352.
Package xcolor Info: Model `hsb' substituted by `rgb' on input line 1356.
Package xcolor Info: Model `RGB' extended on input line 1368.
Package xcolor Info: Model `HTML' substituted by `rgb' on input line 1370.
Package xcolor Info: Model `Hsb' substituted by `hsb' on input line 1371.
Package xcolor Info: Model `tHsb' substituted by `hsb' on input line 1372.
Package xcolor Info: Model `HSB' substituted by `hsb' on input line 1373.
Package xcolor Info: Model `Gray' substituted by `gray' on input line 1374.
Package xcolor Info: Model `wave' substituted by `hsb' on input line 1375.
) (/usr/share/texmf-dist/tex/latex/xurl/xurl.sty
Package: xurl 2020/12/30 v 0.09a modify URL breaks
(/usr/share/texmf-dist/tex/latex/url/url.sty
\Urlmuskip=\muskip17
Package: url 2013/09/16  ver 3.4  Verb mode for urls, etc.
)) (/usr/share/texmf-dist/tex/latex/bookmark/bookmark.sty
Package: bookmark 2020-11-06 v1.29 PDF bookmarks (HO)
(/usr/share/texmf-dist/tex/latex/hyperref/hyperref.sty
Package: hyperref 2021-06-07 v7.00m Hypertext links for LaTeX
(/usr/share/texmf-dist/tex/generic/pdftexcmds/pdftexcmds.sty
Package: pdftexcmds 2020-06-27 v0.33 Utility functions of pdfTeX for LuaTeX (HO
)
(/usr/share/texmf-dist/tex/generic/infwarerr/infwarerr.sty
Package: infwarerr 2019/12/03 v1.5 Providing info/warning/error messages (HO)
)
Package pdftexcmds Info: \pdf@primitive is available.
Package pdftexcmds Info: \pdf@ifprimitive is available.
Package pdftexcmds Info: \pdfdraftmode found.
) (/usr/share/texmf-dist/tex/generic/kvdefinekeys/kvdefinekeys.sty
Package: kvdefinekeys 2019-12-19 v1.6 Define keys (HO)
) (/usr/share/texmf-dist/tex/generic/pdfescape/pdfescape.sty
Package: pdfescape 2019/12/09 v1.15 Implements pdfTeX's escape features (HO)
) (/usr/share/texmf-dist/tex/latex/hycolor/hycolor.sty
Package: hycolor 2020-01-27 v1.10 Color options for hyperref/bookmark (HO)
) (/usr/share/texmf-dist/tex/latex/letltxmacro/letltxmacro.sty
Package: letltxmacro 2019/12/03 v1.6 Let assignment for LaTeX macros (HO)
) (/usr/share/texmf-dist/tex/latex/auxhook/auxhook.sty
Package: auxhook 2019-12-17 v1.6 Hooks for auxiliary files (HO)
)
\@linkdim=\dimen149
\Hy@linkcounter=\count272
\Hy@pagecounter=\count273
(/usr/share/texmf-dist/tex/latex/hyperref/pd1enc.def
File: pd1enc.def 2021-06-07 v7.00m Hyperref: PDFDocEncoding definition (HO)
Now handling font encoding PD1 ...
... no UTF-8 mapping file for font encoding PD1
) (/usr/share/texmf-dist/tex/latex/hyperref/hyperref-langpatches.def
File: hyperref-langpatches.def 2021-06-07 v7.00m Hyperref: patches for babel la
nguages
) (/usr/share/texmf-dist/tex/generic/intcalc/intcalc.sty
Package: intcalc 2019/12/15 v1.3 Expandable calculations with integers (HO)
) (/usr/share/texmf-dist/tex/generic/etexcmds/etexcmds.sty
Package: etexcmds 2019/12/15 v1.7 Avoid name clashes with e-TeX commands (HO)
)
\Hy@SavedSpaceFactor=\count274
(/usr/share/texmf-dist/tex/latex/hyperref/puenc.def
File: puenc.def 2021-06-07 v7.00m Hyperref: PDF Unicode definition (HO)
Now handling font encoding PU ...
... no UTF-8 mapping file for font encoding PU
)
Package hyperref Info: Option `unicode' set `true' on input line 4073.
Package hyperref Info: Hyper figures OFF on input line 4192.
Package hyperref Info: Link nesting OFF on input line 4197.
Package hyperref Info: Hyper index ON on input line 4200.
Package hyperref Info: Plain pages OFF on input line 4207.
Package hyperref Info: Backreferencing OFF on input line 4212.
Package hyperref Info: Implicit mode ON; LaTeX internals redefined.
Package hyperref Info: Bookmarks ON on input line 4445.
\c@Hy@tempcnt=\count275
LaTeX Info: Redefining \url on input line 4804.
\XeTeXLinkMargin=\dimen150
(/usr/share/texmf-dist/tex/generic/bitset/bitset.sty
Package: bitset 2019/12/09 v1.3 Handle bit-vector datatype (HO)
(/usr/share/texmf-dist/tex/generic/bigintcalc/bigintcalc.sty
Package: bigintcalc 2019/12/15 v1.5 Expandable calculations on big integers (HO
)
))
\Fld@menulength=\count276
\Field@Width=\dimen151
\Fld@charsize=\dimen152
Package hyperref Info: Hyper figures OFF on input line 6076.
Package hyperref Info: Link nesting OFF on input line 6081.
Package hyperref Info: Hyper index ON on input line 6084.
Package hyperref Info: backreferencing OFF on input line 6091.
Package hyperref Info: Link coloring OFF on input line 6096.
Package hyperref Info: Link coloring with OCG OFF on input line 6101.
Package hyperref Info: PDF/A mode OFF on input line 6106.
LaTeX Info: Redefining \ref on input line 6146.
LaTeX Info: Redefining \pageref on input line 6150.
(/usr/share/texmf-dist/tex/latex/base/atbegshi-ltx.sty
Package: atbegshi-ltx 2021/01/10 v1.0c Emulation of the original atbegshi
package with kernel methods
)
\Hy@abspage=\count277
\c@Item=\count278
\c@Hfootnote=\count279
)
Package hyperref Info: Driver (autodetected): hpdftex.
(/usr/share/texmf-dist/tex/latex/hyperref/hpdftex.def
File: hpdftex.def 2021-06-07 v7.00m Hyperref driver for pdfTeX
(/usr/share/texmf-dist/tex/latex/base/atveryend-ltx.sty
Package: atveryend-ltx 2020/08/19 v1.0a Emulation of the original atveryend pac
kage
with kernel methods
)
\Fld@listcount=\count280
\c@bookmark@seq@number=\count281
(/usr/share/texmf-dist/tex/latex/rerunfilecheck/rerunfilecheck.sty
Package: rerunfilecheck 2019/12/05 v1.9 Rerun checks for auxiliary files (HO)
(/usr/share/texmf-dist/tex/generic/uniquecounter/uniquecounter.sty
Package: uniquecounter 2019/12/15 v1.4 Provide unlimited unique counter (HO)
)
Package uniquecounter Info: New unique counter `rerunfilecheck' on input line 2
86.
)
\Hy@SectionHShift=\skip53
) (/usr/share/texmf-dist/tex/latex/bookmark/bkm-pdftex.def
File: bkm-pdftex.def 2020-11-06 v1.29 bookmark driver for pdfTeX (HO)
\BKM@id=\count282
)) (/usr/share/texmf-dist/tex/latex/geometry/geometry.sty
Package: geometry 2020/01/02 v5.9 Page Geometry
(/usr/share/texmf-dist/tex/generic/iftex/ifvtex.sty
Package: ifvtex 2019/10/25 v1.7 ifvtex legacy package. Use iftex instead.
)
\Gm@cnth=\count283
\Gm@cntv=\count284
\c@Gm@tempcnt=\count285
\Gm@bindingoffset=\dimen153
\Gm@wd@mp=\dimen154
\Gm@odd@mp=\dimen155
\Gm@even@mp=\dimen156
\Gm@layoutwidth=\dimen157
\Gm@layoutheight=\dimen158
\Gm@layouthoffset=\dimen159
\Gm@layoutvoffset=\dimen160
\Gm@dimlist=\toks25
) (/usr/share/texmf-dist/tex/latex/tools/longtable.sty
Package: longtable 2021-09-01 v4.17 Multi-page Table package (DPC)
\LTleft=\skip54
\LTright=\skip55
\LTpre=\skip56
\LTpost=\skip57
\LTchunksize=\count286
\LTcapwidth=\dimen161
\LT@head=\box53
\LT@firsthead=\box54
\LT@foot=\box55
\LT@lastfoot=\box56
\LT@gbox=\box57
\LT@cols=\count287
\LT@rows=\count288
\c@LT@tables=\count289
\c@LT@chunks=\count290
\LT@p@ftn=\toks26
) (/usr/share/texmf-dist/tex/latex/booktabs/booktabs.sty
Package: booktabs 2020/01/12 v1.61803398 Publication quality tables
\heavyrulewidth=\dimen162
\lightrulewidth=\dimen163
\cmidrulewidth=\dimen164
\belowrulesep=\dimen165
\belowbottomsep=\dimen166
\aboverulesep=\dimen167
\abovetopsep=\dimen168
\cmidrulesep=\dimen169
\cmidrulekern=\dimen170
\defaultaddspace=\dimen171
\@cmidla=\count291
\@cmidlb=\count292
\@aboverulesep=\dimen172
\@belowrulesep=\dimen173
\@thisruleclass=\count293
\@lastruleclass=\count294
\@thisrulewidth=\dimen174
) (/usr/share/texmf-dist/tex/latex/tools/array.sty
Package: array 2021/10/04 v2.5f Tabular extension package (FMi)
\col@sep=\dimen175
\ar@mcellbox=\box58
\extrarowheight=\dimen176
\NC@list=\toks27
\extratabsurround=\skip58
\backup@length=\skip59
\ar@cellbox=\box59
) (/usr/share/texmf-dist/tex/latex/tools/calc.sty
Package: calc 2017/05/25 v4.3 Infix arithmetic (KKT,FJ)
\calc@Acount=\count295
\calc@Bcount=\count296
\calc@Adimen=\dimen177
\calc@Bdimen=\dimen178
\calc@Askip=\skip60
\calc@Bskip=\skip61
LaTeX Info: Redefining \setlength on input line 80.
LaTeX Info: Redefining \addtolength on input line 81.
\calc@Ccount=\count297
\calc@Cskip=\skip62
) (/usr/share/texmf-dist/tex/latex/footnotehyper/footnotehyper.sty
Package: footnotehyper 2021/08/13 v1.1e hyperref aware footnote.sty (JFB)
\FNH@notes=\box60
\FNH@width=\dimen179
\FNH@toks=\toks28
) (/usr/share/texmf-dist/tex/latex/graphics/graphicx.sty
Package: graphicx 2021/09/16 v1.2d Enhanced LaTeX Graphics (DPC,SPQR)
(/usr/share/texmf-dist/tex/latex/graphics/graphics.sty
Package: graphics 2021/03/04 v1.4d Standard LaTeX Graphics (DPC,SPQR)
(/usr/share/texmf-dist/tex/latex/graphics/trig.sty
Package: trig 2021/08/11 v1.11 sin cos tan (DPC)
) (/usr/share/texmf-dist/tex/latex/graphics-cfg/graphics.cfg
File: graphics.cfg 2016/06/04 v1.11 sample graphics configuration
)
Package graphics Info: Driver file: pdftex.def on input line 107.
)
\Gin@req@height=\dimen180
\Gin@req@width=\dimen181
)
\cslhangindent=\skip63
\csllabelwidth=\skip64
\cslentryspacingunit=\skip65
(/usr/share/texmf-dist/tex/latex/lineno/lineno.sty
Package: lineno 2005/11/02 line numbers on paragraphs v4.41
\linenopenalty=\count298
\output=\toks29
\linenoprevgraf=\count299
\linenumbersep=\dimen182
\linenumberwidth=\dimen183
\c@linenumber=\count300
\c@pagewiselinenumber=\count301
\c@LN@truepage=\count302
\c@internallinenumber=\count303
\c@internallinenumbers=\count304
\quotelinenumbersep=\dimen184
\bframerule=\dimen185
\bframesep=\dimen186
\bframebox=\box61
LaTeX Info: Redefining \\ on input line 3056.
) (/usr/share/texmf-dist/tex/latex/float/float.sty
Package: float 2001/11/08 v1.3d Float enhancements (AL)
\c@float@type=\count305
\float@exts=\toks30
\float@box=\box62
\@float@everytoks=\toks31
\@floatcapt=\box63
) (/usr/share/texmf-dist/tex/latex/multirow/multirow.sty
Package: multirow 2021/03/15 v2.8 Span multiple rows of a table
\multirow@colwidth=\skip66
\multirow@cntb=\count306
\multirow@dima=\skip67
\bigstrutjot=\dimen187
) (/usr/share/texmf-dist/tex/latex/wrapfig/wrapfig.sty
\wrapoverhang=\dimen188
\WF@size=\dimen189
\c@WF@wrappedlines=\count307
\WF@box=\box64
\WF@everypar=\toks32
Package: wrapfig 2003/01/31  v 3.6
) (/usr/share/texmf-dist/tex/latex/colortbl/colortbl.sty
Package: colortbl 2020/01/04 v1.0e Color table columns (DPC)
\everycr=\toks33
\minrowclearance=\skip68
) (/usr/share/texmf-dist/tex/latex/pdflscape/pdflscape.sty
Package: pdflscape 2019/12/05 v0.12 Display of landscape pages in PDF (HO)
(/usr/share/texmf-dist/tex/latex/graphics/lscape.sty
Package: lscape 2020/05/28 v3.02 Landscape Pages (DPC)
)
Package pdflscape Info: Auto-detected driver: pdftex on input line 81.
) (/usr/share/texmf-dist/tex/latex/tabu/tabu.sty
Package: tabu 2019/01/11 v2.9 - flexible LaTeX tabulars (FC+tabu-fixed)
(/usr/share/texmf-dist/tex/latex/varwidth/varwidth.sty
Package: varwidth 2009/03/30 ver 0.92;  Variable-width minipages
\@vwid@box=\box65
\sift@deathcycles=\count308
\@vwid@loff=\dimen190
\@vwid@roff=\dimen191
)
\c@taburow=\count309
\tabu@nbcols=\count310
\tabu@cnt=\count311
\tabu@Xcol=\count312
\tabu@alloc=\count313
\tabu@nested=\count314
\tabu@target=\dimen192
\tabu@spreadtarget=\dimen193
\tabu@naturalX=\dimen194
\tabucolX=\dimen195
\tabu@Xsum=\dimen196
\extrarowdepth=\dimen197
\abovetabulinesep=\dimen198
\belowtabulinesep=\dimen199
\tabustrutrule=\dimen256
\tabu@thebody=\toks34
\tabu@footnotes=\toks35
\tabu@box=\box66
\tabu@arstrutbox=\box67
\tabu@hleads=\box68
\tabu@vleads=\box69
\tabu@cellskip=\skip69
) (/usr/share/texmf-dist/tex/latex/threeparttable/threeparttable.sty
Package: threeparttable 2003/06/13  v 3.0
\@tempboxb=\box70
) (/usr/share/texmf-dist/tex/latex/threeparttablex/threeparttablex.sty
Package: threeparttablex 2013/07/23 v0.3 by daleif
(/usr/share/texmf-dist/tex/latex/environ/environ.sty
Package: environ 2014/05/04 v0.3 A new way to define environments
(/usr/share/texmf-dist/tex/latex/trimspaces/trimspaces.sty
Package: trimspaces 2009/09/17 v1.1 Trim spaces around a token list
))
\TPTL@width=\skip70
) (/usr/share/texmf-dist/tex/generic/ulem/ulem.sty
\UL@box=\box71
\UL@hyphenbox=\box72
\UL@skip=\skip71
\UL@hook=\toks36
\UL@height=\dimen257
\UL@pe=\count315
\UL@pixel=\dimen258
\ULC@box=\box73
Package: ulem 2019/11/18
\ULdepth=\dimen259
) (/usr/share/texmf-dist/tex/latex/makecell/makecell.sty
Package: makecell 2009/08/03 V0.1e Managing of Tab Column Heads and Cells
\rotheadsize=\dimen260
\c@nlinenum=\count316
\TeXr@lab=\toks37
) (/usr/share/texmf-dist/tex/latex/l3backend/l3backend-pdftex.def
File: l3backend-pdftex.def 2021-12-14 L3 backend support: PDF output (pdfTeX)
\l__color_backend_stack_int=\count317
\l__pdf_internal_box=\box74
) (./manuscript.aux

LaTeX Warning: Label `tab:scoring-metrics' multiply defined.


LaTeX Warning: Label `tab:table-ensemble-versions' multiply defined.

)
\openout1 = `manuscript.aux'.

LaTeX Font Info:    Checking defaults for OML/cmm/m/it on input line 120.
LaTeX Font Info:    ... okay on input line 120.
LaTeX Font Info:    Checking defaults for OMS/cmsy/m/n on input line 120.
LaTeX Font Info:    ... okay on input line 120.
LaTeX Font Info:    Checking defaults for OT1/cmr/m/n on input line 120.
LaTeX Font Info:    ... okay on input line 120.
LaTeX Font Info:    Checking defaults for T1/cmr/m/n on input line 120.
LaTeX Font Info:    ... okay on input line 120.
LaTeX Font Info:    Checking defaults for TS1/cmr/m/n on input line 120.
LaTeX Font Info:    ... okay on input line 120.
LaTeX Font Info:    Checking defaults for OMX/cmex/m/n on input line 120.
LaTeX Font Info:    ... okay on input line 120.
LaTeX Font Info:    Checking defaults for U/cmr/m/n on input line 120.
LaTeX Font Info:    ... okay on input line 120.
LaTeX Font Info:    Checking defaults for PD1/pdf/m/n on input line 120.
LaTeX Font Info:    ... okay on input line 120.
LaTeX Font Info:    Checking defaults for PU/pdf/m/n on input line 120.
LaTeX Font Info:    ... okay on input line 120.
LaTeX Info: Redefining \microtypecontext on input line 120.
Package microtype Info: Applying patch `item' on input line 120.
Package microtype Info: Applying patch `toc' on input line 120.
Package microtype Info: Applying patch `eqnum' on input line 120.
Package microtype Info: Applying patch `footnote' on input line 120.
Package microtype Info: Generating PDF output.
Package microtype Info: Character protrusion enabled (level 2).
Package microtype Info: Using protrusion set `basicmath'.
Package microtype Info: Automatic font expansion enabled (level 2),
(microtype)             stretch: 20, shrink: 20, step: 1, non-selected.
Package microtype Info: Using default expansion set `alltext-nott'.
LaTeX Info: Redefining \showhyphens on input line 120.
Package microtype Info: No adjustment of tracking.
Package microtype Info: No adjustment of interword spacing.
Package microtype Info: No adjustment of character kerning.
(/usr/share/texmf-dist/tex/latex/microtype/mt-cmr.cfg
File: mt-cmr.cfg 2013/05/19 v2.2 microtype config. file: Computer Modern Roman 
(RS)
) (/usr/share/texmf-dist/tex/context/base/mkii/supp-pdf.mkii
[Loading MPS to PDF converter (version 2006.09.02).]
\scratchcounter=\count318
\scratchdimen=\dimen261
\scratchbox=\box75
\nofMPsegments=\count319
\nofMParguments=\count320
\everyMPshowfont=\toks38
\MPscratchCnt=\count321
\MPscratchDim=\dimen262
\MPnumerator=\count322
\makeMPintoPDFobject=\count323
\everyMPtoPDFconversion=\toks39
) (/usr/share/texmf-dist/tex/latex/epstopdf-pkg/epstopdf-base.sty
Package: epstopdf-base 2020-01-24 v2.11 Base part for package epstopdf
Package epstopdf-base Info: Redefining graphics rule for `.eps' on input line 4
85.
(/usr/share/texmf-dist/tex/latex/latexconfig/epstopdf-sys.cfg
File: epstopdf-sys.cfg 2010/07/13 v1.3 Configuration of (r)epstopdf for TeX Liv
e
))
Package hyperref Info: Link coloring OFF on input line 120.
(/usr/share/texmf-dist/tex/latex/hyperref/nameref.sty
Package: nameref 2021-04-02 v2.47 Cross-referencing by name of section
(/usr/share/texmf-dist/tex/latex/refcount/refcount.sty
Package: refcount 2019/12/15 v3.6 Data extraction from label references (HO)
) (/usr/share/texmf-dist/tex/generic/gettitlestring/gettitlestring.sty
Package: gettitlestring 2019/12/15 v1.6 Cleanup title references (HO)
)
\c@section@level=\count324
)
LaTeX Info: Redefining \ref on input line 120.
LaTeX Info: Redefining \pageref on input line 120.
LaTeX Info: Redefining \nameref on input line 120.
*geometry* driver: auto-detecting
*geometry* detected driver: pdftex
*geometry* verbose mode - [ preamble ] result:
* driver: pdftex
* paper: <default>
* layout: <same size as paper>
* layoutoffset:(h,v)=(0.0pt,0.0pt)
* modes: 
* h-part:(L,W,R)=(72.26999pt, 469.75502pt, 72.26999pt)
* v-part:(T,H,B)=(72.26999pt, 650.43001pt, 72.26999pt)
* \paperwidth=614.295pt
* \paperheight=794.96999pt
* \textwidth=469.75502pt
* \textheight=650.43001pt
* \oddsidemargin=0.0pt
* \evensidemargin=0.0pt
* \topmargin=-37.0pt
* \headheight=12.0pt
* \headsep=25.0pt
* \topskip=10.0pt
* \footskip=30.0pt
* \marginparwidth=65.0pt
* \marginparsep=11.0pt
* \columnsep=10.0pt
* \skip\footins=9.0pt plus 4.0pt minus 2.0pt
* \hoffset=0.0pt
* \voffset=0.0pt
* \mag=1000
* \@twocolumnfalse
* \@twosidefalse
* \@mparswitchfalse
* \@reversemarginfalse
* (1in=72.27pt=25.4mm, 1cm=28.453pt)

LaTeX Font Info:    Trying to load font information for T1+lmss on input line 1
22.
(/usr/share/texmf-dist/tex/latex/lm/t1lmss.fd
File: t1lmss.fd 2015/05/01 v1.6.1 Font defs for Latin Modern
)
LaTeX Font Info:    Trying to load font information for OT1+lmr on input line 1
22.
(/usr/share/texmf-dist/tex/latex/lm/ot1lmr.fd
File: ot1lmr.fd 2015/05/01 v1.6.1 Font defs for Latin Modern
)
LaTeX Font Info:    Trying to load font information for OML+lmm on input line 1
22.
(/usr/share/texmf-dist/tex/latex/lm/omllmm.fd
File: omllmm.fd 2015/05/01 v1.6.1 Font defs for Latin Modern
)
LaTeX Font Info:    Trying to load font information for OMS+lmsy on input line 
122.
(/usr/share/texmf-dist/tex/latex/lm/omslmsy.fd
File: omslmsy.fd 2015/05/01 v1.6.1 Font defs for Latin Modern
)
LaTeX Font Info:    Trying to load font information for OMX+lmex on input line 
122.
(/usr/share/texmf-dist/tex/latex/lm/omxlmex.fd
File: omxlmex.fd 2015/05/01 v1.6.1 Font defs for Latin Modern
)
LaTeX Font Info:    External font `lmex10' loaded for size
(Font)              <12> on input line 122.
LaTeX Font Info:    External font `lmex10' loaded for size
(Font)              <8> on input line 122.
LaTeX Font Info:    External font `lmex10' loaded for size
(Font)              <6> on input line 122.
LaTeX Font Info:    Trying to load font information for U+msa on input line 122
.
(/usr/share/texmf-dist/tex/latex/amsfonts/umsa.fd
File: umsa.fd 2013/01/14 v3.01 AMS symbols A
) (/usr/share/texmf-dist/tex/latex/microtype/mt-msa.cfg
File: mt-msa.cfg 2006/02/04 v1.1 microtype config. file: AMS symbols (a) (RS)
)
LaTeX Font Info:    Trying to load font information for U+msb on input line 122
.
(/usr/share/texmf-dist/tex/latex/amsfonts/umsb.fd
File: umsb.fd 2013/01/14 v3.01 AMS symbols B
) (/usr/share/texmf-dist/tex/latex/microtype/mt-msb.cfg
File: mt-msb.cfg 2005/06/01 v1.0 microtype config. file: AMS symbols (b) (RS)
) [1

{/var/lib/texmf/fonts/map/pdftex/updmap/pdftex.map}] [2] [3]
LaTeX Font Info:    Trying to load font information for T1+lmtt on input line 1
55.
(/usr/share/texmf-dist/tex/latex/lm/t1lmtt.fd
File: t1lmtt.fd 2015/05/01 v1.6.1 Font defs for Latin Modern
) [4]
LaTeX Font Info:    External font `lmex10' loaded for size
(Font)              <10> on input line 160.
LaTeX Font Info:    External font `lmex10' loaded for size
(Font)              <7> on input line 160.
LaTeX Font Info:    External font `lmex10' loaded for size
(Font)              <5> on input line 160.
[5] [6] [7] [8]
<../analysis/plots/aggregate-performance-all-v4.png, id=72, 722.7pt x 657.657pt
>
File: ../analysis/plots/aggregate-performance-all-v4.png Graphic file (type png
)
<use ../analysis/plots/aggregate-performance-all-v4.png>
Package pdftex.def Info: ../analysis/plots/aggregate-performance-all-v4.png  us
ed on input line 203.
(pdftex.def)             Requested size: 469.76045pt x 427.48203pt.
[9]
Overfull \vbox (27.05202pt too high) has occurred while \output is active []

[10pdfTeX warning (ext4): destination with the same identifier (name{figure.1})
 has been already used, duplicate ignored
<argument> ...shipout:D \box_use:N \l_shipout_box 
                                                  \__shipout_drop_firstpage_...
l.205 
       <../analysis/plots/aggregate-performance-all-v4.png (PNG copy)>]
<../analysis/plots/figure-forecasts-2.png, id=85, 722.7pt x 794.97pt>
File: ../analysis/plots/figure-forecasts-2.png Graphic file (type png)
<use ../analysis/plots/figure-forecasts-2.png>
Package pdftex.def Info: ../analysis/plots/figure-forecasts-2.png  used on inpu
t line 207.
(pdftex.def)             Requested size: 469.76045pt x 516.73651pt.
[11pdfTeX warning (ext4): destination with the same identifier (name{figure.2})
 has been already used, duplicate ignored
<argument> ...shipout:D \box_use:N \l_shipout_box 
                                                  \__shipout_drop_firstpage_...
l.211 ...on{Case Forecasts}\label{case-forecasts}}
                                                   <../analysis/plots/figure-fo
recasts-2.png (PNG copy)>] [12] [13] [14]
<../analysis/plots/distribution_scores_wis-2.png, id=150, 650.43pt x 433.62pt>
File: ../analysis/plots/distribution_scores_wis-2.png Graphic file (type png)
<use ../analysis/plots/distribution_scores_wis-2.png>
Package pdftex.def Info: ../analysis/plots/distribution_scores_wis-2.png  used 
on input line 236.
(pdftex.def)             Requested size: 469.76817pt x 313.17879pt.
[15]
<../analysis/plots/aggregate-performance-rel-ensemble-v4.png, id=155, 722.7pt x
 657.657pt>
File: ../analysis/plots/aggregate-performance-rel-ensemble-v4.png Graphic file 
(type png)
<use ../analysis/plots/aggregate-performance-rel-ensemble-v4.png>
Package pdftex.def Info: ../analysis/plots/aggregate-performance-rel-ensemble-v
4.png  used on input line 240.
(pdftex.def)             Requested size: 469.76045pt x 427.48203pt.
[16pdfTeX warning (ext4): destination with the same identifier (name{figure.3})
 has been already used, duplicate ignored
<argument> ...shipout:D \box_use:N \l_shipout_box 
                                                  \__shipout_drop_firstpage_...
l.242 
       <../analysis/plots/distribution_scores_wis-2.png (PNG copy)>]
Overfull \vbox (52.99644pt too high) has occurred while \output is active []

[17pdfTeX warning (ext4): destination with the same identifier (name{figure.4})
 has been already used, duplicate ignored
<argument> ...shipout:D \box_use:N \l_shipout_box 
                                                  \__shipout_drop_firstpage_...
l.242 
       <../analysis/plots/aggregate-performance-rel-ensemble-v4.png (PNG copy)>
] [18] [19] [20] [21] [22] [23

] [24] [25

] [26]
<../crowd-forecast/Screenshot-forecasting-app.png, id=242, 2055.68pt x 991.705p
t>
File: ../crowd-forecast/Screenshot-forecasting-app.png Graphic file (type png)
<use ../crowd-forecast/Screenshot-forecasting-app.png>
Package pdftex.def Info: ../crowd-forecast/Screenshot-forecasting-app.png  used
 on input line 336.
(pdftex.def)             Requested size: 469.75385pt x 226.61954pt.
pdfTeX warning (ext4): destination with the same identifier (name{figure.1}) ha
s been already used, duplicate ignored
<to be read again> 
                   \relax 
l.336 ...cast/Screenshot-forecasting-app} \caption
                                                  {Screenshot of the crowdfo...

Underfull \hbox (badness 10000) in paragraph at lines 336--336
[][]
 []

pdfTeX warning (ext4): destination with the same identifier (name{figure.1}) ha
s been already used, duplicate ignored
<to be read again> 
                   \relax 
l.336 ...elicit predictions (made in June 2021). }
                                                  \label{fig:screenshot} [27

 <../crowd-forecast/Screenshot-forecasting-app.png>] [28

] [29] [30] [31] [32]
Underfull \hbox (badness 10000) in paragraph at lines 442--442

 []


Underfull \hbox (badness 10000) in paragraph at lines 488--488

 []


LaTeX Warning: `!h' float specifier changed to `!ht'.

[33

pdfTeX warning (ext4): destination with the same identifier (name{table.2}) has
 been already used, duplicate ignored
<argument> ...shipout:D \box_use:N \l_shipout_box 
                                                  \__shipout_drop_firstpage_...
l.533 \clearpage
                ] [34pdfTeX warning (ext4): destination with the same identifie
r (name{table.3}) has been already used, duplicate ignored
<argument> ...shipout:D \box_use:N \l_shipout_box 
                                                  \__shipout_drop_firstpage_...
l.533 \clearpage
                ]
<../analysis/plots/aggregate-performance-2-weeks-locations-all-v4.png, id=322, 
722.7pt x 657.657pt>
File: ../analysis/plots/aggregate-performance-2-weeks-locations-all-v4.png Grap
hic file (type png)
<use ../analysis/plots/aggregate-performance-2-weeks-locations-all-v4.png>
Package pdftex.def Info: ../analysis/plots/aggregate-performance-2-weeks-locati
ons-all-v4.png  used on input line 542.
(pdftex.def)             Requested size: 469.76045pt x 427.48203pt.
pdfTeX warning (ext4): destination with the same identifier (name{figure.2}) ha
s been already used, duplicate ignored
<to be read again> 
                   \relax 
l.542 ...rmance-2-weeks-locations-all-v4} \caption
                                                  {Visualisation of aggregat...
pdfTeX warning (ext4): destination with the same identifier (name{figure.2}) ha
s been already used, duplicate ignored
<to be read again> 
                   \relax 
l.542 ...verage of the 90\% prediction intervals.}
                                                  \label{fig:performance-loc...
pdfTeX warning (ext4): destination with the same identifier (name{figure.2}) ha
s been already used, duplicate ignored
<to be read again> 
                   \relax 
l.542 ...verage of the 90\% prediction intervals.}
                                                  \label{fig:performance-loc...
[35

]
Overfull \vbox (8.91292pt too high) has occurred while \output is active []

[36 <../analysis/plots/aggregate-performance-2-weeks-locations-all-v4.png (PNG 
copy)>]
<../analysis/plots/aggregate-performance-2-weeks-locations-all-rel-v4.png, id=3
35, 722.7pt x 657.657pt>
File: ../analysis/plots/aggregate-performance-2-weeks-locations-all-rel-v4.png 
Graphic file (type png)
<use ../analysis/plots/aggregate-performance-2-weeks-locations-all-rel-v4.png>
Package pdftex.def Info: ../analysis/plots/aggregate-performance-2-weeks-locati
ons-all-rel-v4.png  used on input line 549.
(pdftex.def)             Requested size: 469.76045pt x 427.48203pt.
pdfTeX warning (ext4): destination with the same identifier (name{figure.3}) ha
s been already used, duplicate ignored
<to be read again> 
                   \relax 
l.549 ...ce-2-weeks-locations-all-rel-v4} \caption
                                                  { Visualisation of aggrega...
pdfTeX warning (ext4): destination with the same identifier (name{figure.3}) ha
s been already used, duplicate ignored
<to be read again> 
                   \relax 
l.549 ...verage of the 90\% prediction intervals.}
                                                  \label{fig:performance-loc...
pdfTeX warning (ext4): destination with the same identifier (name{figure.3}) ha
s been already used, duplicate ignored
<to be read again> 
                   \relax 
l.549 ...verage of the 90\% prediction intervals.}
                                                  \label{fig:performance-loc...
[37 <../analysis/plots/aggregate-performance-2-weeks-locations-all-rel-v4.png (
PNG copy)>]
<../analysis/plots/daily_truth.png, id=343, 722.7pt x 578.16pt>
File: ../analysis/plots/daily_truth.png Graphic file (type png)
<use ../analysis/plots/daily_truth.png>
Package pdftex.def Info: ../analysis/plots/daily_truth.png  used on input line 
558.
(pdftex.def)             Requested size: 469.76045pt x 375.80836pt.
pdfTeX warning (ext4): destination with the same identifier (name{figure.4}) ha
s been already used, duplicate ignored
<to be read again> 
                   \relax 
l.558 ...]{../analysis/plots/daily_truth} \caption
                                                  {Visualisation of daily re...
pdfTeX warning (ext4): destination with the same identifier (name{figure.4}) ha
s been already used, duplicate ignored
<to be read again> 
                   \relax 
l.558 ...d Polish Forecast Hub on August 21 2021.}
                                                  \label{fig:daily-truth}pdfTeX
 warning (ext4): destination with the same identifier (name{figure.4}) has been
 already used, duplicate ignored
<to be read again> 
                   \relax 
l.558 ...d Polish Forecast Hub on August 21 2021.}
                                                  \label{fig:daily-truth} [38

 <../analysis/plots/daily_truth.png>]
<../analysis/plots/figure-forecasts-1.png, id=352, 722.7pt x 794.97pt>
File: ../analysis/plots/figure-forecasts-1.png Graphic file (type png)
<use ../analysis/plots/figure-forecasts-1.png>
Package pdftex.def Info: ../analysis/plots/figure-forecasts-1.png  used on inpu
t line 567.
(pdftex.def)             Requested size: 469.76045pt x 516.73651pt.
<../analysis/plots/figure-forecasts-3.png, id=353, 722.7pt x 794.97pt>
File: ../analysis/plots/figure-forecasts-3.png Graphic file (type png)
<use ../analysis/plots/figure-forecasts-3.png>
Package pdftex.def Info: ../analysis/plots/figure-forecasts-3.png  used on inpu
t line 571.
(pdftex.def)             Requested size: 469.76045pt x 516.73651pt.
[39

pdfTeX warning (ext4): destination with the same identifier (name{figure.5}) ha
s been already used, duplicate ignored
<argument> ...shipout:D \box_use:N \l_shipout_box 
                                                  \__shipout_drop_firstpage_...
l.573 
       <../analysis/plots/figure-forecasts-1.png (PNG copy)>]
<../analysis/plots/figure-forecasts-4.png, id=361, 722.7pt x 794.97pt>
File: ../analysis/plots/figure-forecasts-4.png Graphic file (type png)
<use ../analysis/plots/figure-forecasts-4.png>
Package pdftex.def Info: ../analysis/plots/figure-forecasts-4.png  used on inpu
t line 575.
(pdftex.def)             Requested size: 469.76045pt x 516.73651pt.
[40pdfTeX warning (ext4): destination with the same identifier (name{figure.6})
 has been already used, duplicate ignored
<argument> ...shipout:D \box_use:N \l_shipout_box 
                                                  \__shipout_drop_firstpage_...
l.577 
       <../analysis/plots/figure-forecasts-3.png (PNG copy)>] [41pdfTeX warning
 (ext4): destination with the same identifier (name{figure.7}) has been already
 used, duplicate ignored
<argument> ...shipout:D \box_use:N \l_shipout_box 
                                                  \__shipout_drop_firstpage_...
l.578 \clearpage
                 <../analysis/plots/figure-forecasts-4.png (PNG copy)>]
<../analysis/plots/distribution_scores_wis-1.png, id=372, 650.43pt x 433.62pt>
File: ../analysis/plots/distribution_scores_wis-1.png Graphic file (type png)
<use ../analysis/plots/distribution_scores_wis-1.png>
Package pdftex.def Info: ../analysis/plots/distribution_scores_wis-1.png  used 
on input line 587.
(pdftex.def)             Requested size: 469.76817pt x 313.17879pt.
<../analysis/plots/distribution_scores_wis-3.png, id=373, 650.43pt x 433.62pt>
File: ../analysis/plots/distribution_scores_wis-3.png Graphic file (type png)
<use ../analysis/plots/distribution_scores_wis-3.png>
Package pdftex.def Info: ../analysis/plots/distribution_scores_wis-3.png  used 
on input line 591.
(pdftex.def)             Requested size: 469.76817pt x 313.17879pt.
[42

pdfTeX warning (ext4): destination with the same identifier (name{figure.8}) ha
s been already used, duplicate ignored
<argument> ...shipout:D \box_use:N \l_shipout_box 
                                                  \__shipout_drop_firstpage_...
l.593 
       <../analysis/plots/distribution_scores_wis-1.png (PNG copy)>]
<../analysis/plots/distribution_scores_wis-4.png, id=383, 650.43pt x 433.62pt>
File: ../analysis/plots/distribution_scores_wis-4.png Graphic file (type png)
<use ../analysis/plots/distribution_scores_wis-4.png>
Package pdftex.def Info: ../analysis/plots/distribution_scores_wis-4.png  used 
on input line 595.
(pdftex.def)             Requested size: 469.76817pt x 313.17879pt.
[43pdfTeX warning (ext4): destination with the same identifier (name{figure.9})
 has been already used, duplicate ignored
<argument> ...shipout:D \box_use:N \l_shipout_box 
                                                  \__shipout_drop_firstpage_...
l.597 
       <../analysis/plots/distribution_scores_wis-3.png (PNG copy)>]
<../analysis/plots/distribution_scores_wis-1-ranks.png, id=390, 650.43pt x 433.
62pt>
File: ../analysis/plots/distribution_scores_wis-1-ranks.png Graphic file (type 
png)
<use ../analysis/plots/distribution_scores_wis-1-ranks.png>
Package pdftex.def Info: ../analysis/plots/distribution_scores_wis-1-ranks.png 
 used on input line 602.
(pdftex.def)             Requested size: 469.76817pt x 313.17879pt.
[44pdfTeX warning (ext4): destination with the same identifier (name{figure.10}
) has been already used, duplicate ignored
<argument> ...shipout:D \box_use:N \l_shipout_box 
                                                  \__shipout_drop_firstpage_...
l.604 
       <../analysis/plots/distribution_scores_wis-4.png (PNG copy)>]
<../analysis/plots/distribution_scores_wis-2-ranks.png, id=397, 650.43pt x 433.
62pt>
File: ../analysis/plots/distribution_scores_wis-2-ranks.png Graphic file (type 
png)
<use ../analysis/plots/distribution_scores_wis-2-ranks.png>
Package pdftex.def Info: ../analysis/plots/distribution_scores_wis-2-ranks.png 
 used on input line 606.
(pdftex.def)             Requested size: 469.76817pt x 313.17879pt.
[45pdfTeX warning (ext4): destination with the same identifier (name{figure.11}
) has been already used, duplicate ignored
<argument> ...shipout:D \box_use:N \l_shipout_box 
                                                  \__shipout_drop_firstpage_...
l.608 
       <../analysis/plots/distribution_scores_wis-1-ranks.png (PNG copy)>]
<../analysis/plots/distribution_scores_wis-3-ranks.png, id=405, 650.43pt x 433.
62pt>
File: ../analysis/plots/distribution_scores_wis-3-ranks.png Graphic file (type 
png)
<use ../analysis/plots/distribution_scores_wis-3-ranks.png>
Package pdftex.def Info: ../analysis/plots/distribution_scores_wis-3-ranks.png 
 used on input line 610.
(pdftex.def)             Requested size: 469.76817pt x 313.17879pt.
[46pdfTeX warning (ext4): destination with the same identifier (name{figure.12}
) has been already used, duplicate ignored
<argument> ...shipout:D \box_use:N \l_shipout_box 
                                                  \__shipout_drop_firstpage_...
l.612 
       <../analysis/plots/distribution_scores_wis-2-ranks.png (PNG copy)>]
<../analysis/plots/distribution_scores_wis-4-ranks.png, id=411, 650.43pt x 433.
62pt>
File: ../analysis/plots/distribution_scores_wis-4-ranks.png Graphic file (type 
png)
<use ../analysis/plots/distribution_scores_wis-4-ranks.png>
Package pdftex.def Info: ../analysis/plots/distribution_scores_wis-4-ranks.png 
 used on input line 614.
(pdftex.def)             Requested size: 469.76817pt x 313.17879pt.
[47pdfTeX warning (ext4): destination with the same identifier (name{figure.13}
) has been already used, duplicate ignored
<argument> ...shipout:D \box_use:N \l_shipout_box 
                                                  \__shipout_drop_firstpage_...
l.616 
       <../analysis/plots/distribution_scores_wis-3-ranks.png (PNG copy)>] [48p
dfTeX warning (ext4): destination with the same identifier (name{figure.14}) ha
s been already used, duplicate ignored
<argument> ...shipout:D \box_use:N \l_shipout_box 
                                                  \__shipout_drop_firstpage_...
l.617 \clearpage
                 <../analysis/plots/distribution_scores_wis-4-ranks.png (PNG co
py)>]
<../analysis/plots/aggregate-performance-rel-ensemble-mean-v4.png, id=422, 722.
7pt x 657.657pt>
File: ../analysis/plots/aggregate-performance-rel-ensemble-mean-v4.png Graphic 
file (type png)
<use ../analysis/plots/aggregate-performance-rel-ensemble-mean-v4.png>
Package pdftex.def Info: ../analysis/plots/aggregate-performance-rel-ensemble-m
ean-v4.png  used on input line 626.
(pdftex.def)             Requested size: 469.76045pt x 427.48203pt.
[49

]
Overfull \vbox (104.91292pt too high) has occurred while \output is active []

[50pdfTeX warning (ext4): destination with the same identifier (name{figure.15}
) has been already used, duplicate ignored
<argument> ...shipout:D \box_use:N \l_shipout_box 
                                                  \__shipout_drop_firstpage_...
l.628 
       <../analysis/plots/aggregate-performance-rel-ensemble-mean-v4.png (PNG c
opy)>]
Underfull \hbox (badness 10000) in paragraph at lines 633--633

 []


Underfull \hbox (badness 10000) in paragraph at lines 691--691

 []


LaTeX Warning: `!h' float specifier changed to `!ht'.


Underfull \hbox (badness 10000) in paragraph at lines 752--752

 []


LaTeX Warning: `!h' float specifier changed to `!ht'.


Underfull \hbox (badness 10000) in paragraph at lines 810--810

 []


LaTeX Warning: `!h' float specifier changed to `!ht'.

[51pdfTeX warning (ext4): destination with the same identifier (name{table.4}) 
has been already used, duplicate ignored
<argument> ...shipout:D \box_use:N \l_shipout_box 
                                                  \__shipout_drop_firstpage_...
l.867 \clearpage
                ] [52pdfTeX warning (ext4): destination with the same identifie
r (name{table.5}) has been already used, duplicate ignored
<argument> ...shipout:D \box_use:N \l_shipout_box 
                                                  \__shipout_drop_firstpage_...
l.867 \clearpage
                ] [53pdfTeX warning (ext4): destination with the same identifie
r (name{table.6}) has been already used, duplicate ignored
<argument> ...shipout:D \box_use:N \l_shipout_box 
                                                  \__shipout_drop_firstpage_...
l.867 \clearpage
                ] [54pdfTeX warning (ext4): destination with the same identifie
r (name{table.7}) has been already used, duplicate ignored
<argument> ...shipout:D \box_use:N \l_shipout_box 
                                                  \__shipout_drop_firstpage_...
l.867 \clearpage
                ]
<../analysis/plots/aggregate-performance-all-late-period-v4.png, id=458, 722.7p
t x 657.657pt>
File: ../analysis/plots/aggregate-performance-all-late-period-v4.png Graphic fi
le (type png)
<use ../analysis/plots/aggregate-performance-all-late-period-v4.png>
Package pdftex.def Info: ../analysis/plots/aggregate-performance-all-late-perio
d-v4.png  used on input line 875.
(pdftex.def)             Requested size: 469.76045pt x 427.48203pt.
[55

]
Overfull \vbox (27.05202pt too high) has occurred while \output is active []

[56pdfTeX warning (ext4): destination with the same identifier (name{figure.16}
) has been already used, duplicate ignored
<argument> ...shipout:D \box_use:N \l_shipout_box 
                                                  \__shipout_drop_firstpage_...
l.877 
       <../analysis/plots/aggregate-performance-all-late-period-v4.png (PNG cop
y)>]
Underfull \hbox (badness 10000) in paragraph at lines 879--879

 []


Underfull \hbox (badness 10000) in paragraph at lines 925--925

 []


LaTeX Warning: `!h' float specifier changed to `!ht'.

[57pdfTeX warning (ext4): destination with the same identifier (name{table.8}) 
has been already used, duplicate ignored
<argument> ...shipout:D \box_use:N \l_shipout_box 
                                                  \__shipout_drop_firstpage_...
l.970 \clearpage
                ] [58pdfTeX warning (ext4): destination with the same identifie
r (name{table.9}) has been already used, duplicate ignored
<argument> ...shipout:D \box_use:N \l_shipout_box 
                                                  \__shipout_drop_firstpage_...
l.970 \clearpage
                ] [59

]
<../analysis/plots/number-forecasters.png, id=486, 404.9529pt x 419.8887pt>
File: ../analysis/plots/number-forecasters.png Graphic file (type png)
<use ../analysis/plots/number-forecasters.png>
Package pdftex.def Info: ../analysis/plots/number-forecasters.png  used on inpu
t line 1022.
(pdftex.def)             Requested size: 404.95807pt x 419.89407pt.
[60]
<../analysis/plots/ensemble-members.png, id=491, 404.9529pt x 419.8887pt>
File: ../analysis/plots/ensemble-members.png Graphic file (type png)
<use ../analysis/plots/ensemble-members.png>
Package pdftex.def Info: ../analysis/plots/ensemble-members.png  used on input 
line 1026.
(pdftex.def)             Requested size: 404.95807pt x 419.89407pt.
[61pdfTeX warning (ext4): destination with the same identifier (name{figure.17}
) has been already used, duplicate ignored
<argument> ...shipout:D \box_use:N \l_shipout_box 
                                                  \__shipout_drop_firstpage_...
l.1028 
        <../analysis/plots/number-forecasters.png>] [62pdfTeX warning (ext4): d
estination with the same identifier (name{figure.18}) has been already used, du
plicate ignored
<argument> ...shipout:D \box_use:N \l_shipout_box 
                                                  \__shipout_drop_firstpage_...
l.1029 \clearpage
                  <../analysis/plots/ensemble-members.png>]
Overfull \hbox (2.22221pt too wide) in paragraph at lines 1033--1036
[][] []
 []


Underfull \hbox (badness 10000) in paragraph at lines 1033--1036

 []


Overfull \hbox (2.22221pt too wide) in paragraph at lines 1037--1040
[][] []
 []


Underfull \hbox (badness 10000) in paragraph at lines 1037--1040

 []


Overfull \hbox (2.22221pt too wide) in paragraph at lines 1041--1044
[][] []
 []


Underfull \hbox (badness 10000) in paragraph at lines 1041--1044

 []


Overfull \hbox (2.22221pt too wide) in paragraph at lines 1045--1048
[][] []
 []


Underfull \hbox (badness 10000) in paragraph at lines 1045--1048

 []


Overfull \hbox (2.22221pt too wide) in paragraph at lines 1049--1052
[][] []
 []


Underfull \hbox (badness 10000) in paragraph at lines 1049--1052

 []


Overfull \hbox (2.22221pt too wide) in paragraph at lines 1053--1056
[][] []
 []


Underfull \hbox (badness 10000) in paragraph at lines 1053--1056

 []


Overfull \hbox (2.22221pt too wide) in paragraph at lines 1057--1060
[][] []
 []


Underfull \hbox (badness 10000) in paragraph at lines 1057--1060

 []


Overfull \hbox (2.22221pt too wide) in paragraph at lines 1061--1064
[][] []
 []


Underfull \hbox (badness 10000) in paragraph at lines 1061--1064

 []


Overfull \hbox (2.22221pt too wide) in paragraph at lines 1065--1068
[][] []
 []


Underfull \hbox (badness 10000) in paragraph at lines 1065--1068

 []

[63

]
Overfull \hbox (2.22221pt too wide) in paragraph at lines 1069--1072
[][] []
 []


Underfull \hbox (badness 10000) in paragraph at lines 1069--1072

 []


Overfull \hbox (2.22221pt too wide) in paragraph at lines 1073--1076
[][] []
 []


Underfull \hbox (badness 10000) in paragraph at lines 1073--1076

 []


Overfull \hbox (2.22221pt too wide) in paragraph at lines 1077--1080
[][] []
 []


Underfull \hbox (badness 10000) in paragraph at lines 1077--1080

 []


Overfull \hbox (2.22221pt too wide) in paragraph at lines 1081--1084
[][] []
 []


Underfull \hbox (badness 10000) in paragraph at lines 1081--1084

 []


Overfull \hbox (2.22221pt too wide) in paragraph at lines 1085--1088
[][] []
 []


Underfull \hbox (badness 10000) in paragraph at lines 1085--1088

 []


Overfull \hbox (2.22221pt too wide) in paragraph at lines 1089--1092
[][] []
 []


Underfull \hbox (badness 10000) in paragraph at lines 1089--1092

 []


Overfull \hbox (2.22221pt too wide) in paragraph at lines 1093--1096
[][] []
 []


Underfull \hbox (badness 10000) in paragraph at lines 1093--1096

 []

[64]
Overfull \hbox (2.22221pt too wide) in paragraph at lines 1097--1100
[][] []
 []


Underfull \hbox (badness 10000) in paragraph at lines 1097--1100

 []


Overfull \hbox (2.22221pt too wide) in paragraph at lines 1101--1104
[][] []
 []


Underfull \hbox (badness 10000) in paragraph at lines 1101--1104

 []


Overfull \hbox (2.22221pt too wide) in paragraph at lines 1105--1108
[][] []
 []


Underfull \hbox (badness 10000) in paragraph at lines 1105--1108

 []


Overfull \hbox (2.22221pt too wide) in paragraph at lines 1109--1112
[][] []
 []


Underfull \hbox (badness 10000) in paragraph at lines 1109--1112

 []


Overfull \hbox (2.22221pt too wide) in paragraph at lines 1113--1116
[][] []
 []


Underfull \hbox (badness 10000) in paragraph at lines 1113--1116

 []


Overfull \hbox (2.22221pt too wide) in paragraph at lines 1117--1120
[][] []
 []


Underfull \hbox (badness 10000) in paragraph at lines 1117--1120

 []


Overfull \hbox (2.22221pt too wide) in paragraph at lines 1121--1124
[][] []
 []


Underfull \hbox (badness 10000) in paragraph at lines 1121--1124

 []


Overfull \hbox (2.22221pt too wide) in paragraph at lines 1125--1128
[][] []
 []


Underfull \hbox (badness 10000) in paragraph at lines 1125--1128

 []

[65]
Overfull \hbox (2.22221pt too wide) in paragraph at lines 1129--1132
[][] []
 []


Underfull \hbox (badness 10000) in paragraph at lines 1129--1132

 []


Overfull \hbox (2.22221pt too wide) in paragraph at lines 1133--1136
[][] []
 []


Underfull \hbox (badness 10000) in paragraph at lines 1133--1136

 []


Overfull \hbox (2.22221pt too wide) in paragraph at lines 1137--1140
[][] []
 []


Underfull \hbox (badness 10000) in paragraph at lines 1137--1140

 []


Overfull \hbox (2.22221pt too wide) in paragraph at lines 1141--1144
[][] []
 []


Underfull \hbox (badness 10000) in paragraph at lines 1141--1144

 []


Overfull \hbox (2.22221pt too wide) in paragraph at lines 1145--1148
[][] []
 []


Underfull \hbox (badness 10000) in paragraph at lines 1145--1148

 []


Overfull \hbox (2.22221pt too wide) in paragraph at lines 1149--1152
[][] []
 []


Underfull \hbox (badness 10000) in paragraph at lines 1149--1152

 []


Overfull \hbox (2.22221pt too wide) in paragraph at lines 1153--1156
[][] []
 []


Underfull \hbox (badness 10000) in paragraph at lines 1153--1156

 []


Overfull \hbox (2.22221pt too wide) in paragraph at lines 1157--1160
[][] []
 []


Underfull \hbox (badness 10000) in paragraph at lines 1157--1160

 []


Overfull \hbox (2.22221pt too wide) in paragraph at lines 1161--1164
[][] []
 []


Underfull \hbox (badness 10000) in paragraph at lines 1161--1164

 []


Overfull \hbox (2.22221pt too wide) in paragraph at lines 1165--1168
[][] []
 []


Underfull \hbox (badness 10000) in paragraph at lines 1165--1168

 []

[66]
Overfull \hbox (2.22221pt too wide) in paragraph at lines 1169--1172
[][] []
 []


Underfull \hbox (badness 10000) in paragraph at lines 1169--1172

 []


Overfull \hbox (2.22221pt too wide) in paragraph at lines 1173--1176
[][] []
 []


Underfull \hbox (badness 10000) in paragraph at lines 1173--1176

 []


Overfull \hbox (2.22221pt too wide) in paragraph at lines 1177--1180
[][] []
 []


Underfull \hbox (badness 10000) in paragraph at lines 1177--1180

 []


Overfull \hbox (2.22221pt too wide) in paragraph at lines 1181--1184
[][] []
 []


Underfull \hbox (badness 10000) in paragraph at lines 1181--1184

 []


Overfull \hbox (2.22221pt too wide) in paragraph at lines 1185--1188
[][] []
 []


Underfull \hbox (badness 10000) in paragraph at lines 1185--1188

 []


Overfull \hbox (2.22221pt too wide) in paragraph at lines 1189--1192
[][] []
 []


Underfull \hbox (badness 10000) in paragraph at lines 1189--1192

 []


Overfull \hbox (2.22221pt too wide) in paragraph at lines 1193--1196
[][] []
 []


Underfull \hbox (badness 10000) in paragraph at lines 1193--1196

 []


Overfull \hbox (2.22221pt too wide) in paragraph at lines 1197--1200
[][] []
 []


Underfull \hbox (badness 10000) in paragraph at lines 1197--1200

 []


Overfull \hbox (2.22221pt too wide) in paragraph at lines 1201--1204
[][] []
 []


Underfull \hbox (badness 10000) in paragraph at lines 1201--1204

 []

[67]
Overfull \hbox (2.22221pt too wide) in paragraph at lines 1205--1208
[][] []
 []


Underfull \hbox (badness 10000) in paragraph at lines 1205--1208

 []


Overfull \hbox (2.22221pt too wide) in paragraph at lines 1209--1212
[][] []
 []


Underfull \hbox (badness 10000) in paragraph at lines 1209--1212

 []


Overfull \hbox (2.22221pt too wide) in paragraph at lines 1213--1216
[][] []
 []


Underfull \hbox (badness 10000) in paragraph at lines 1213--1216

 []


Overfull \hbox (2.22221pt too wide) in paragraph at lines 1217--1220
[][] []
 []


Underfull \hbox (badness 10000) in paragraph at lines 1217--1220

 []


Overfull \hbox (2.22221pt too wide) in paragraph at lines 1221--1224
[][] []
 []


Underfull \hbox (badness 10000) in paragraph at lines 1221--1224

 []


Overfull \hbox (2.22221pt too wide) in paragraph at lines 1225--1228
[][] []
 []


Underfull \hbox (badness 10000) in paragraph at lines 1225--1228

 []


Overfull \hbox (2.22221pt too wide) in paragraph at lines 1229--1232
[][] []
 []


Underfull \hbox (badness 10000) in paragraph at lines 1229--1232

 []


Overfull \hbox (2.22221pt too wide) in paragraph at lines 1233--1236
[][] []
 []


Underfull \hbox (badness 10000) in paragraph at lines 1233--1236

 []


Overfull \hbox (2.22221pt too wide) in paragraph at lines 1237--1240
[][] []
 []


Underfull \hbox (badness 10000) in paragraph at lines 1237--1240

 []

[68]
Overfull \hbox (2.22221pt too wide) in paragraph at lines 1241--1244
[][] []
 []


Underfull \hbox (badness 10000) in paragraph at lines 1241--1244

 []


Overfull \hbox (2.22221pt too wide) in paragraph at lines 1245--1248
[][] []
 []


Underfull \hbox (badness 10000) in paragraph at lines 1245--1248

 []


Overfull \hbox (2.22221pt too wide) in paragraph at lines 1249--1252
[][] []
 []


Underfull \hbox (badness 10000) in paragraph at lines 1249--1252

 []


Overfull \hbox (2.22221pt too wide) in paragraph at lines 1253--1256
[][] []
 []


Underfull \hbox (badness 10000) in paragraph at lines 1253--1256

 []


Overfull \hbox (2.22221pt too wide) in paragraph at lines 1257--1260
[][] []
 []


Underfull \hbox (badness 10000) in paragraph at lines 1257--1260

 []

[69] (./manuscript.aux)

LaTeX Warning: There were multiply-defined labels.

 ) 
Here is how much of TeX's memory you used:
 16141 strings out of 478353
 264245 string characters out of 5854636
 713353 words of memory out of 5000000
 33536 multiletter control sequences out of 15000+600000
 468725 words of font info for 147 fonts, out of 8000000 for 9000
 1141 hyphenation exceptions out of 8191
 74i,12n,77p,1883b,468s stack positions out of 5000i,500n,10000p,200000b,80000s
{/usr/share/texmf-dist/fonts/enc/dvips/lm/lm-mathsy.enc}{/usr/share/texmf-dis
t/fonts/enc/dvips/lm/lm-mathit.enc}{/usr/share/texmf-dist/fonts/enc/dvips/lm/lm
-mathex.enc}{/usr/share/texmf-dist/fonts/enc/dvips/lm/lm-rm.enc}{/usr/share/tex
mf-dist/fonts/enc/dvips/lm/lm-ec.enc}</usr/share/texmf-dist/fonts/type1/public/
lm/lmbx10.pfb></usr/share/texmf-dist/fonts/type1/public/lm/lmbx12.pfb></usr/sha
re/texmf-dist/fonts/type1/public/lm/lmex10.pfb></usr/share/texmf-dist/fonts/typ
e1/public/lm/lmmi10.pfb></usr/share/texmf-dist/fonts/type1/public/lm/lmmi5.pfb>
</usr/share/texmf-dist/fonts/type1/public/lm/lmmi7.pfb></usr/share/texmf-dist/f
onts/type1/public/lm/lmr10.pfb></usr/share/texmf-dist/fonts/type1/public/lm/lmr
17.pfb></usr/share/texmf-dist/fonts/type1/public/lm/lmr7.pfb></usr/share/texmf-
dist/fonts/type1/public/lm/lmri10.pfb></usr/share/texmf-dist/fonts/type1/public
/lm/lmss8.pfb></usr/share/texmf-dist/fonts/type1/public/lm/lmsy10.pfb></usr/sha
re/texmf-dist/fonts/type1/public/lm/lmsy7.pfb></usr/share/texmf-dist/fonts/type
1/public/lm/lmtt10.pfb>
Output written on manuscript.pdf (69 pages, 8972976 bytes).
PDF statistics:
 899 PDF objects out of 1000 (max. 8388607)
 766 compressed objects within 8 object streams
 261 named destinations out of 1000 (max. 500000)
 35207 words of extra memory for PDF output out of 35830 (max. 10000000)

