INFO [2021-09-17 17:13:05] Initialising estimates for: Germany
DEBUG [2021-09-17 17:13:05] Producing following optional outputs: samples, fit, timing
ERROR [2021-09-17 17:13:05] Germany: wrong sign in 'by' argument - seq.int, 0, to0 - from, by
INFO [2021-09-17 17:13:05] Initialising estimates for: Poland
DEBUG [2021-09-17 17:13:05] Producing following optional outputs: samples, fit, timing
ERROR [2021-09-17 17:13:05] Poland: wrong sign in 'by' argument - seq.int, 0, to0 - from, by
INFO [2021-09-17 17:13:06] Runtime error in Germany : Germany: wrong sign in 'by' argument - seq.int, 0, to0 - from, by
INFO [2021-09-17 17:13:06] Runtime error in Poland : Poland: wrong sign in 'by' argument - seq.int, 0, to0 - from, by
INFO [2021-09-17 20:10:46] Initialising estimates for: Germany
DEBUG [2021-09-17 20:10:46] Producing following optional outputs: samples, fit, timing
INFO [2021-09-17 20:10:46] Initialising estimates for: Poland
DEBUG [2021-09-17 20:10:46] Producing following optional outputs: samples, fit, timing
DEBUG [2021-09-17 20:10:46] Germany: Running in exact mode for 2000 samples (across 4 chains each with a warm up of 250 iterations each) and 126 time steps of which 30 are a forecast
DEBUG [2021-09-17 20:10:46] Poland: Running in exact mode for 2000 samples (across 4 chains each with a warm up of 250 iterations each) and 126 time steps of which 30 are a forecast
WARN [2021-09-17 20:17:24] Germany (chain: 1): There were 8 divergent transitions after warmup. See
http://mc-stan.org/misc/warnings.html#divergent-transitions-after-warmup
to find out why this is a problem and how to eliminate them. - 
WARN [2021-09-17 20:17:24] Germany (chain: 1): Examine the pairs() plot to diagnose sampling problems
 - 
WARN [2021-09-17 20:22:20] Poland (chain: 1): There were 13 divergent transitions after warmup. See
http://mc-stan.org/misc/warnings.html#divergent-transitions-after-warmup
to find out why this is a problem and how to eliminate them. - 
WARN [2021-09-17 20:22:20] Poland (chain: 1): Examine the pairs() plot to diagnose sampling problems
 - 
