INFO [2021-09-17 17:13:04] Initialising estimates for: Germany
DEBUG [2021-09-17 17:13:04] Producing following optional outputs: samples, fit, timing
ERROR [2021-09-17 17:13:04] Germany: wrong sign in 'by' argument - seq.int, 0, to0 - from, by
INFO [2021-09-17 17:13:04] Initialising estimates for: Poland
DEBUG [2021-09-17 17:13:05] Producing following optional outputs: samples, fit, timing
ERROR [2021-09-17 17:13:05] Poland: wrong sign in 'by' argument - seq.int, 0, to0 - from, by
INFO [2021-09-17 17:13:05] Runtime error in Germany : Germany: wrong sign in 'by' argument - seq.int, 0, to0 - from, by
INFO [2021-09-17 17:13:05] Runtime error in Poland : Poland: wrong sign in 'by' argument - seq.int, 0, to0 - from, by
INFO [2021-09-17 19:59:20] Initialising estimates for: Germany
DEBUG [2021-09-17 19:59:20] Producing following optional outputs: samples, fit, timing
INFO [2021-09-17 19:59:20] Initialising estimates for: Poland
DEBUG [2021-09-17 19:59:20] Germany: Running in exact mode for 2000 samples (across 4 chains each with a warm up of 250 iterations each) and 126 time steps of which 30 are a forecast
DEBUG [2021-09-17 19:59:20] Producing following optional outputs: samples, fit, timing
DEBUG [2021-09-17 19:59:20] Poland: Running in exact mode for 2000 samples (across 4 chains each with a warm up of 250 iterations each) and 126 time steps of which 30 are a forecast
WARN [2021-09-17 20:07:06] Germany (chain: 1): There were 198 divergent transitions after warmup. See
http://mc-stan.org/misc/warnings.html#divergent-transitions-after-warmup
to find out why this is a problem and how to eliminate them. - 
WARN [2021-09-17 20:07:06] Germany (chain: 1): Examine the pairs() plot to diagnose sampling problems
 - 
WARN [2021-09-17 20:07:08] Germany (chain: 1): The largest R-hat is 1.09, indicating chains have not mixed.
Running the chains for more iterations may help. See
http://mc-stan.org/misc/warnings.html#r-hat - 
WARN [2021-09-17 20:07:09] Germany (chain: 1): Bulk Effective Samples Size (ESS) is too low, indicating posterior means and medians may be unreliable.
Running the chains for more iterations may help. See
http://mc-stan.org/misc/warnings.html#bulk-ess - 
WARN [2021-09-17 20:07:11] Germany (chain: 1): Tail Effective Samples Size (ESS) is too low, indicating posterior variances and tail quantiles may be unreliable.
Running the chains for more iterations may help. See
http://mc-stan.org/misc/warnings.html#tail-ess - 
WARN [2021-09-17 20:10:30] Poland (chain: 1): There were 21 divergent transitions after warmup. See
http://mc-stan.org/misc/warnings.html#divergent-transitions-after-warmup
to find out why this is a problem and how to eliminate them. - 
WARN [2021-09-17 20:10:30] Poland (chain: 1): Examine the pairs() plot to diagnose sampling problems
 - 
WARN [2021-09-17 20:10:34] Poland (chain: 1): Tail Effective Samples Size (ESS) is too low, indicating posterior variances and tail quantiles may be unreliable.
Running the chains for more iterations may help. See
http://mc-stan.org/misc/warnings.html#tail-ess - 
